{"C:\\Users\\ricar\\Desktop\\50+10\\50-10\\backend\\src\\authMiddleware.js": {"path":"C:\\Users\\ricar\\Desktop\\50+10\\50-10\\backend\\src\\authMiddleware.js","statementMap":{"0":{"start":{"line":1,"column":12},"end":{"line":1,"column":35}},"1":{"start":{"line":4,"column":19},"end":{"line":4,"column":79}},"2":{"start":{"line":6,"column":23},"end":{"line":30,"column":1}},"3":{"start":{"line":8,"column":26},"end":{"line":8,"column":51}},"4":{"start":{"line":10,"column":4},"end":{"line":12,"column":5}},"5":{"start":{"line":11,"column":8},"end":{"line":11,"column":94}},"6":{"start":{"line":15,"column":18},"end":{"line":15,"column":45}},"7":{"start":{"line":17,"column":4},"end":{"line":29,"column":5}},"8":{"start":{"line":19,"column":39},"end":{"line":19,"column":68}},"9":{"start":{"line":22,"column":8},"end":{"line":22,"column":48}},"10":{"start":{"line":25,"column":8},"end":{"line":25,"column":15}},"11":{"start":{"line":28,"column":8},"end":{"line":28,"column":111}},"12":{"start":{"line":32,"column":0},"end":{"line":34,"column":2}}},"fnMap":{"0":{"name":"(anonymous_0)","decl":{"start":{"line":6,"column":23},"end":{"line":6,"column":24}},"loc":{"start":{"line":6,"column":43},"end":{"line":30,"column":1}},"line":6}},"branchMap":{"0":{"loc":{"start":{"line":4,"column":19},"end":{"line":4,"column":79}},"type":"binary-expr","locations":[{"start":{"line":4,"column":19},"end":{"line":4,"column":41}},{"start":{"line":4,"column":45},"end":{"line":4,"column":79}}],"line":4},"1":{"loc":{"start":{"line":10,"column":4},"end":{"line":12,"column":5}},"type":"if","locations":[{"start":{"line":10,"column":4},"end":{"line":12,"column":5}},{"start":{},"end":{}}],"line":10},"2":{"loc":{"start":{"line":10,"column":8},"end":{"line":10,"column":62}},"type":"binary-expr","locations":[{"start":{"line":10,"column":8},"end":{"line":10,"column":22}},{"start":{"line":10,"column":26},"end":{"line":10,"column":62}}],"line":10}},"s":{"0":1,"1":1,"2":1,"3":5,"4":5,"5":2,"6":3,"7":3,"8":3,"9":1,"10":1,"11":2,"12":1},"f":{"0":5},"b":{"0":[1,1],"1":[2,3],"2":[5,4]},"_coverageSchema":"1a1c01bbd47fc00a2c39e90264f33305004495a9","hash":"b32db1cf0f287d2a21210bb788701bd381202c4c"}
,"C:\\Users\\ricar\\Desktop\\50+10\\50-10\\backend\\src\\config\\permissoes.js": {"path":"C:\\Users\\ricar\\Desktop\\50+10\\50-10\\backend\\src\\config\\permissoes.js","statementMap":{"0":{"start":{"line":1,"column":19},"end":{"line":6,"column":1}},"1":{"start":{"line":8,"column":0},"end":{"line":8,"column":28}}},"fnMap":{},"branchMap":{},"s":{"0":3,"1":3},"f":{},"b":{},"_coverageSchema":"1a1c01bbd47fc00a2c39e90264f33305004495a9","hash":"97aeaf4a5b878eb258f0567cb54dae9a8068c9f3"}
,"C:\\Users\\ricar\\Desktop\\50+10\\50-10\\backend\\src\\controllers\\bookingController.js": {"path":"C:\\Users\\ricar\\Desktop\\50+10\\50-10\\backend\\src\\controllers\\bookingController.js","statementMap":{"0":{"start":{"line":1,"column":23},"end":{"line":1,"column":60}},"1":{"start":{"line":3,"column":22},"end":{"line":14,"column":1}},"2":{"start":{"line":4,"column":4},"end":{"line":13,"column":5}},"3":{"start":{"line":5,"column":36},"end":{"line":5,"column":44}},"4":{"start":{"line":6,"column":26},"end":{"line":6,"column":77}},"5":{"start":{"line":7,"column":8},"end":{"line":7,"column":40}},"6":{"start":{"line":9,"column":8},"end":{"line":9,"column":28}},"7":{"start":{"line":10,"column":8},"end":{"line":12,"column":11}},"8":{"start":{"line":16,"column":25},"end":{"line":31,"column":1}},"9":{"start":{"line":17,"column":4},"end":{"line":30,"column":5}},"10":{"start":{"line":19,"column":27},"end":{"line":19,"column":65}},"11":{"start":{"line":20,"column":27},"end":{"line":20,"column":35}},"12":{"start":{"line":21,"column":24},"end":{"line":21,"column":75}},"13":{"start":{"line":23,"column":26},"end":{"line":23,"column":92}},"14":{"start":{"line":24,"column":8},"end":{"line":24,"column":99}},"15":{"start":{"line":26,"column":8},"end":{"line":26,"column":28}},"16":{"start":{"line":27,"column":8},"end":{"line":29,"column":11}},"17":{"start":{"line":33,"column":21},"end":{"line":41,"column":1}},"18":{"start":{"line":34,"column":4},"end":{"line":40,"column":5}},"19":{"start":{"line":35,"column":26},"end":{"line":35,"column":64}},"20":{"start":{"line":36,"column":8},"end":{"line":36,"column":28}},"21":{"start":{"line":38,"column":8},"end":{"line":38,"column":28}},"22":{"start":{"line":39,"column":8},"end":{"line":39,"column":70}},"23":{"start":{"line":43,"column":28},"end":{"line":54,"column":1}},"24":{"start":{"line":44,"column":4},"end":{"line":53,"column":5}},"25":{"start":{"line":45,"column":24},"end":{"line":45,"column":99}},"26":{"start":{"line":46,"column":26},"end":{"line":46,"column":78}},"27":{"start":{"line":47,"column":8},"end":{"line":47,"column":28}},"28":{"start":{"line":49,"column":8},"end":{"line":49,"column":28}},"29":{"start":{"line":50,"column":8},"end":{"line":52,"column":11}},"30":{"start":{"line":56,"column":0},"end":{"line":61,"column":2}}},"fnMap":{"0":{"name":"(anonymous_0)","decl":{"start":{"line":3,"column":22},"end":{"line":3,"column":23}},"loc":{"start":{"line":3,"column":42},"end":{"line":14,"column":1}},"line":3},"1":{"name":"(anonymous_1)","decl":{"start":{"line":16,"column":25},"end":{"line":16,"column":26}},"loc":{"start":{"line":16,"column":45},"end":{"line":31,"column":1}},"line":16},"2":{"name":"(anonymous_2)","decl":{"start":{"line":33,"column":21},"end":{"line":33,"column":22}},"loc":{"start":{"line":33,"column":41},"end":{"line":41,"column":1}},"line":33},"3":{"name":"(anonymous_3)","decl":{"start":{"line":43,"column":28},"end":{"line":43,"column":29}},"loc":{"start":{"line":43,"column":48},"end":{"line":54,"column":1}},"line":43}},"branchMap":{"0":{"loc":{"start":{"line":10,"column":19},"end":{"line":10,"column":41}},"type":"binary-expr","locations":[{"start":{"line":10,"column":19},"end":{"line":10,"column":34}},{"start":{"line":10,"column":38},"end":{"line":10,"column":41}}],"line":10},"1":{"loc":{"start":{"line":11,"column":18},"end":{"line":11,"column":65}},"type":"binary-expr","locations":[{"start":{"line":11,"column":18},"end":{"line":11,"column":30}},{"start":{"line":11,"column":34},"end":{"line":11,"column":65}}],"line":11},"2":{"loc":{"start":{"line":19,"column":27},"end":{"line":19,"column":65}},"type":"binary-expr","locations":[{"start":{"line":19,"column":27},"end":{"line":19,"column":48}},{"start":{"line":19,"column":52},"end":{"line":19,"column":65}}],"line":19},"3":{"loc":{"start":{"line":21,"column":24},"end":{"line":21,"column":75}},"type":"cond-expr","locations":[{"start":{"line":21,"column":41},"end":{"line":21,"column":68}},{"start":{"line":21,"column":71},"end":{"line":21,"column":75}}],"line":21},"4":{"loc":{"start":{"line":27,"column":19},"end":{"line":27,"column":41}},"type":"binary-expr","locations":[{"start":{"line":27,"column":19},"end":{"line":27,"column":34}},{"start":{"line":27,"column":38},"end":{"line":27,"column":41}}],"line":27},"5":{"loc":{"start":{"line":28,"column":18},"end":{"line":28,"column":64}},"type":"binary-expr","locations":[{"start":{"line":28,"column":18},"end":{"line":28,"column":30}},{"start":{"line":28,"column":34},"end":{"line":28,"column":64}}],"line":28},"6":{"loc":{"start":{"line":45,"column":24},"end":{"line":45,"column":99}},"type":"binary-expr","locations":[{"start":{"line":45,"column":24},"end":{"line":45,"column":42}},{"start":{"line":45,"column":47},"end":{"line":45,"column":98}}],"line":45},"7":{"loc":{"start":{"line":45,"column":47},"end":{"line":45,"column":98}},"type":"cond-expr","locations":[{"start":{"line":45,"column":64},"end":{"line":45,"column":91}},{"start":{"line":45,"column":94},"end":{"line":45,"column":98}}],"line":45},"8":{"loc":{"start":{"line":50,"column":19},"end":{"line":50,"column":41}},"type":"binary-expr","locations":[{"start":{"line":50,"column":19},"end":{"line":50,"column":34}},{"start":{"line":50,"column":38},"end":{"line":50,"column":41}}],"line":50},"9":{"loc":{"start":{"line":51,"column":18},"end":{"line":51,"column":72}},"type":"binary-expr","locations":[{"start":{"line":51,"column":18},"end":{"line":51,"column":30}},{"start":{"line":51,"column":34},"end":{"line":51,"column":72}}],"line":51}},"s":{"0":1,"1":1,"2":2,"3":2,"4":2,"5":1,"6":1,"7":1,"8":1,"9":2,"10":2,"11":2,"12":2,"13":2,"14":1,"15":1,"16":1,"17":1,"18":0,"19":0,"20":0,"21":0,"22":0,"23":1,"24":0,"25":0,"26":0,"27":0,"28":0,"29":0,"30":1},"f":{"0":2,"1":2,"2":0,"3":0},"b":{"0":[1,0],"1":[1,0],"2":[2,0],"3":[2,0],"4":[1,0],"5":[1,0],"6":[0,0],"7":[0,0],"8":[0,0],"9":[0,0]},"_coverageSchema":"1a1c01bbd47fc00a2c39e90264f33305004495a9","hash":"f24da6f9a4b1426b74f30edf6c5f6e1200ed6dde"}
,"C:\\Users\\ricar\\Desktop\\50+10\\50-10\\backend\\src\\repositories\\bookingRepository.js": {"path":"C:\\Users\\ricar\\Desktop\\50+10\\50-10\\backend\\src\\repositories\\bookingRepository.js","statementMap":{"0":{"start":{"line":1,"column":25},"end":{"line":1,"column":50}},"1":{"start":{"line":2,"column":15},"end":{"line":2,"column":33}},"2":{"start":{"line":4,"column":26},"end":{"line":118,"column":1}},"3":{"start":{"line":7,"column":8},"end":{"line":9,"column":11}},"4":{"start":{"line":14,"column":8},"end":{"line":16,"column":11}},"5":{"start":{"line":21,"column":8},"end":{"line":24,"column":11}},"6":{"start":{"line":29,"column":8},"end":{"line":35,"column":11}},"7":{"start":{"line":40,"column":8},"end":{"line":42,"column":11}},"8":{"start":{"line":47,"column":8},"end":{"line":52,"column":11}},"9":{"start":{"line":57,"column":8},"end":{"line":69,"column":11}},"10":{"start":{"line":74,"column":8},"end":{"line":81,"column":11}},"11":{"start":{"line":86,"column":8},"end":{"line":94,"column":11}},"12":{"start":{"line":99,"column":8},"end":{"line":106,"column":11}},"13":{"start":{"line":111,"column":8},"end":{"line":116,"column":11}},"14":{"start":{"line":120,"column":0},"end":{"line":120,"column":35}}},"fnMap":{"0":{"name":"(anonymous_0)","decl":{"start":{"line":6,"column":13},"end":{"line":6,"column":14}},"loc":{"start":{"line":6,"column":25},"end":{"line":10,"column":5}},"line":6},"1":{"name":"(anonymous_1)","decl":{"start":{"line":13,"column":19},"end":{"line":13,"column":20}},"loc":{"start":{"line":13,"column":43},"end":{"line":17,"column":5}},"line":13},"2":{"name":"(anonymous_2)","decl":{"start":{"line":20,"column":27},"end":{"line":20,"column":28}},"loc":{"start":{"line":20,"column":45},"end":{"line":25,"column":5}},"line":20},"3":{"name":"(anonymous_3)","decl":{"start":{"line":28,"column":18},"end":{"line":28,"column":19}},"loc":{"start":{"line":28,"column":45},"end":{"line":36,"column":5}},"line":28},"4":{"name":"(anonymous_4)","decl":{"start":{"line":39,"column":14},"end":{"line":39,"column":15}},"loc":{"start":{"line":39,"column":36},"end":{"line":43,"column":5}},"line":39},"5":{"name":"(anonymous_5)","decl":{"start":{"line":46,"column":21},"end":{"line":46,"column":22}},"loc":{"start":{"line":46,"column":43},"end":{"line":53,"column":5}},"line":46},"6":{"name":"(anonymous_6)","decl":{"start":{"line":56,"column":17},"end":{"line":56,"column":18}},"loc":{"start":{"line":56,"column":36},"end":{"line":70,"column":5}},"line":56},"7":{"name":"(anonymous_7)","decl":{"start":{"line":73,"column":12},"end":{"line":73,"column":13}},"loc":{"start":{"line":73,"column":39},"end":{"line":82,"column":5}},"line":73},"8":{"name":"(anonymous_8)","decl":{"start":{"line":85,"column":14},"end":{"line":85,"column":15}},"loc":{"start":{"line":85,"column":52},"end":{"line":95,"column":5}},"line":85},"9":{"name":"(anonymous_9)","decl":{"start":{"line":98,"column":20},"end":{"line":98,"column":21}},"loc":{"start":{"line":98,"column":65},"end":{"line":107,"column":5}},"line":98},"10":{"name":"(anonymous_10)","decl":{"start":{"line":110,"column":32},"end":{"line":110,"column":33}},"loc":{"start":{"line":110,"column":79},"end":{"line":117,"column":5}},"line":110}},"branchMap":{"0":{"loc":{"start":{"line":90,"column":36},"end":{"line":92,"column":64}},"type":"cond-expr","locations":[{"start":{"line":91,"column":22},"end":{"line":91,"column":41}},{"start":{"line":92,"column":23},"end":{"line":92,"column":63}}],"line":90},"1":{"loc":{"start":{"line":92,"column":23},"end":{"line":92,"column":63}},"type":"binary-expr","locations":[{"start":{"line":92,"column":23},"end":{"line":92,"column":37}},{"start":{"line":92,"column":41},"end":{"line":92,"column":63}}],"line":92}},"s":{"0":2,"1":2,"2":2,"3":0,"4":0,"5":0,"6":0,"7":0,"8":0,"9":0,"10":0,"11":0,"12":0,"13":0,"14":2},"f":{"0":0,"1":0,"2":0,"3":0,"4":0,"5":0,"6":0,"7":0,"8":0,"9":0,"10":0},"b":{"0":[0,0],"1":[0,0]},"_coverageSchema":"1a1c01bbd47fc00a2c39e90264f33305004495a9","hash":"a0d06215e494812556887ef0d0d6171c11b80750"}
,"C:\\Users\\ricar\\Desktop\\50+10\\50-10\\backend\\src\\repositories\\classRepository.js": {"path":"C:\\Users\\ricar\\Desktop\\50+10\\50-10\\backend\\src\\repositories\\classRepository.js","statementMap":{"0":{"start":{"line":1,"column":25},"end":{"line":1,"column":50}},"1":{"start":{"line":2,"column":15},"end":{"line":2,"column":33}},"2":{"start":{"line":4,"column":24},"end":{"line":94,"column":1}},"3":{"start":{"line":7,"column":8},"end":{"line":13,"column":11}},"4":{"start":{"line":18,"column":8},"end":{"line":23,"column":11}},"5":{"start":{"line":28,"column":8},"end":{"line":42,"column":11}},"6":{"start":{"line":46,"column":8},"end":{"line":49,"column":11}},"7":{"start":{"line":53,"column":8},"end":{"line":56,"column":11}},"8":{"start":{"line":60,"column":8},"end":{"line":72,"column":11}},"9":{"start":{"line":77,"column":8},"end":{"line":79,"column":11}},"10":{"start":{"line":83,"column":8},"end":{"line":85,"column":11}},"11":{"start":{"line":89,"column":8},"end":{"line":91,"column":11}},"12":{"start":{"line":97,"column":38},"end":{"line":102,"column":1}},"13":{"start":{"line":98,"column":4},"end":{"line":101,"column":7}},"14":{"start":{"line":104,"column":34},"end":{"line":109,"column":1}},"15":{"start":{"line":105,"column":4},"end":{"line":108,"column":7}},"16":{"start":{"line":111,"column":26},"end":{"line":125,"column":1}},"17":{"start":{"line":112,"column":4},"end":{"line":124,"column":7}},"18":{"start":{"line":127,"column":0},"end":{"line":127,"column":33}}},"fnMap":{"0":{"name":"(anonymous_0)","decl":{"start":{"line":6,"column":13},"end":{"line":6,"column":14}},"loc":{"start":{"line":6,"column":25},"end":{"line":14,"column":5}},"line":6},"1":{"name":"(anonymous_1)","decl":{"start":{"line":17,"column":21},"end":{"line":17,"column":22}},"loc":{"start":{"line":17,"column":48},"end":{"line":24,"column":5}},"line":17},"2":{"name":"(anonymous_2)","decl":{"start":{"line":27,"column":12},"end":{"line":27,"column":13}},"loc":{"start":{"line":27,"column":29},"end":{"line":43,"column":5}},"line":27},"3":{"name":"(anonymous_3)","decl":{"start":{"line":45,"column":35},"end":{"line":45,"column":36}},"loc":{"start":{"line":45,"column":53},"end":{"line":50,"column":5}},"line":45},"4":{"name":"(anonymous_4)","decl":{"start":{"line":52,"column":31},"end":{"line":52,"column":32}},"loc":{"start":{"line":52,"column":49},"end":{"line":57,"column":5}},"line":52},"5":{"name":"(anonymous_5)","decl":{"start":{"line":59,"column":23},"end":{"line":59,"column":24}},"loc":{"start":{"line":59,"column":41},"end":{"line":73,"column":5}},"line":59},"6":{"name":"(anonymous_6)","decl":{"start":{"line":76,"column":23},"end":{"line":76,"column":24}},"loc":{"start":{"line":76,"column":46},"end":{"line":80,"column":5}},"line":76},"7":{"name":"(anonymous_7)","decl":{"start":{"line":82,"column":21},"end":{"line":82,"column":22}},"loc":{"start":{"line":82,"column":42},"end":{"line":86,"column":5}},"line":82},"8":{"name":"(anonymous_8)","decl":{"start":{"line":88,"column":20},"end":{"line":88,"column":21}},"loc":{"start":{"line":88,"column":45},"end":{"line":92,"column":5}},"line":88},"9":{"name":"(anonymous_9)","decl":{"start":{"line":97,"column":38},"end":{"line":97,"column":39}},"loc":{"start":{"line":97,"column":56},"end":{"line":102,"column":1}},"line":97},"10":{"name":"(anonymous_10)","decl":{"start":{"line":104,"column":34},"end":{"line":104,"column":35}},"loc":{"start":{"line":104,"column":52},"end":{"line":109,"column":1}},"line":104},"11":{"name":"(anonymous_11)","decl":{"start":{"line":111,"column":26},"end":{"line":111,"column":27}},"loc":{"start":{"line":111,"column":44},"end":{"line":125,"column":1}},"line":111}},"branchMap":{},"s":{"0":1,"1":1,"2":1,"3":0,"4":0,"5":0,"6":0,"7":0,"8":0,"9":0,"10":0,"11":0,"12":1,"13":0,"14":1,"15":0,"16":1,"17":0,"18":1},"f":{"0":0,"1":0,"2":0,"3":0,"4":0,"5":0,"6":0,"7":0,"8":0,"9":0,"10":0,"11":0},"b":{},"_coverageSchema":"1a1c01bbd47fc00a2c39e90264f33305004495a9","hash":"8f44db5035d300f6b0bee5a137462dc3e32d3101"}
,"C:\\Users\\ricar\\Desktop\\50+10\\50-10\\backend\\src\\repositories\\inventoryRepository.js": {"path":"C:\\Users\\ricar\\Desktop\\50+10\\50-10\\backend\\src\\repositories\\inventoryRepository.js","statementMap":{"0":{"start":{"line":1,"column":25},"end":{"line":1,"column":50}},"1":{"start":{"line":2,"column":15},"end":{"line":2,"column":33}},"2":{"start":{"line":4,"column":28},"end":{"line":48,"column":1}},"3":{"start":{"line":7,"column":8},"end":{"line":17,"column":11}},"4":{"start":{"line":22,"column":8},"end":{"line":27,"column":11}},"5":{"start":{"line":32,"column":8},"end":{"line":39,"column":11}},"6":{"start":{"line":44,"column":8},"end":{"line":46,"column":11}},"7":{"start":{"line":50,"column":0},"end":{"line":50,"column":37}}},"fnMap":{"0":{"name":"(anonymous_0)","decl":{"start":{"line":6,"column":9},"end":{"line":6,"column":10}},"loc":{"start":{"line":6,"column":21},"end":{"line":18,"column":5}},"line":6},"1":{"name":"(anonymous_1)","decl":{"start":{"line":21,"column":12},"end":{"line":21,"column":13}},"loc":{"start":{"line":21,"column":29},"end":{"line":28,"column":5}},"line":21},"2":{"name":"(anonymous_2)","decl":{"start":{"line":31,"column":12},"end":{"line":31,"column":13}},"loc":{"start":{"line":31,"column":33},"end":{"line":40,"column":5}},"line":31},"3":{"name":"(anonymous_3)","decl":{"start":{"line":43,"column":12},"end":{"line":43,"column":13}},"loc":{"start":{"line":43,"column":26},"end":{"line":47,"column":5}},"line":43}},"branchMap":{"0":{"loc":{"start":{"line":36,"column":29},"end":{"line":36,"column":90}},"type":"cond-expr","locations":[{"start":{"line":36,"column":49},"end":{"line":36,"column":78}},{"start":{"line":36,"column":81},"end":{"line":36,"column":90}}],"line":36}},"s":{"0":1,"1":1,"2":1,"3":0,"4":0,"5":0,"6":0,"7":1},"f":{"0":0,"1":0,"2":0,"3":0},"b":{"0":[0,0]},"_coverageSchema":"1a1c01bbd47fc00a2c39e90264f33305004495a9","hash":"c7e859d60c06ddfa9754e7062aaaa54e4378b674"}
,"C:\\Users\\ricar\\Desktop\\50+10\\50-10\\backend\\src\\repositories\\paymentRepository.js": {"path":"C:\\Users\\ricar\\Desktop\\50+10\\50-10\\backend\\src\\repositories\\paymentRepository.js","statementMap":{"0":{"start":{"line":1,"column":25},"end":{"line":1,"column":50}},"1":{"start":{"line":2,"column":15},"end":{"line":2,"column":33}},"2":{"start":{"line":4,"column":26},"end":{"line":34,"column":1}},"3":{"start":{"line":7,"column":8},"end":{"line":18,"column":11}},"4":{"start":{"line":23,"column":8},"end":{"line":32,"column":11}},"5":{"start":{"line":36,"column":30},"end":{"line":54,"column":1}},"6":{"start":{"line":37,"column":4},"end":{"line":53,"column":5}},"7":{"start":{"line":38,"column":8},"end":{"line":49,"column":11}},"8":{"start":{"line":51,"column":8},"end":{"line":51,"column":60}},"9":{"start":{"line":52,"column":8},"end":{"line":52,"column":53}},"10":{"start":{"line":56,"column":0},"end":{"line":59,"column":2}}},"fnMap":{"0":{"name":"(anonymous_0)","decl":{"start":{"line":6,"column":20},"end":{"line":6,"column":21}},"loc":{"start":{"line":6,"column":46},"end":{"line":19,"column":5}},"line":6},"1":{"name":"(anonymous_1)","decl":{"start":{"line":22,"column":12},"end":{"line":22,"column":13}},"loc":{"start":{"line":22,"column":38},"end":{"line":33,"column":5}},"line":22},"2":{"name":"(anonymous_2)","decl":{"start":{"line":36,"column":30},"end":{"line":36,"column":31}},"loc":{"start":{"line":36,"column":42},"end":{"line":54,"column":1}},"line":36}},"branchMap":{"0":{"loc":{"start":{"line":12,"column":33},"end":{"line":12,"column":68}},"type":"binary-expr","locations":[{"start":{"line":12,"column":33},"end":{"line":12,"column":54}},{"start":{"line":12,"column":58},"end":{"line":12,"column":68}}],"line":12},"1":{"loc":{"start":{"line":14,"column":28},"end":{"line":14,"column":82}},"type":"binary-expr","locations":[{"start":{"line":14,"column":28},"end":{"line":14,"column":53}},{"start":{"line":14,"column":57},"end":{"line":14,"column":82}}],"line":14},"2":{"loc":{"start":{"line":28,"column":33},"end":{"line":28,"column":68}},"type":"binary-expr","locations":[{"start":{"line":28,"column":33},"end":{"line":28,"column":54}},{"start":{"line":28,"column":58},"end":{"line":28,"column":68}}],"line":28}},"s":{"0":1,"1":1,"2":1,"3":0,"4":0,"5":1,"6":0,"7":0,"8":0,"9":0,"10":1},"f":{"0":0,"1":0,"2":0},"b":{"0":[0,0],"1":[0,0],"2":[0,0]},"_coverageSchema":"1a1c01bbd47fc00a2c39e90264f33305004495a9","hash":"aa9994d92a207631774af923327893db18004f56"}
,"C:\\Users\\ricar\\Desktop\\50+10\\50-10\\backend\\src\\repositories\\rentalRepository.js": {"path":"C:\\Users\\ricar\\Desktop\\50+10\\50-10\\backend\\src\\repositories\\rentalRepository.js","statementMap":{"0":{"start":{"line":1,"column":25},"end":{"line":1,"column":50}},"1":{"start":{"line":2,"column":15},"end":{"line":2,"column":33}},"2":{"start":{"line":4,"column":20},"end":{"line":17,"column":1}},"3":{"start":{"line":5,"column":4},"end":{"line":16,"column":7}},"4":{"start":{"line":19,"column":26},"end":{"line":23,"column":1}},"5":{"start":{"line":20,"column":4},"end":{"line":22,"column":7}},"6":{"start":{"line":25,"column":26},"end":{"line":54,"column":1}},"7":{"start":{"line":26,"column":4},"end":{"line":53,"column":7}},"8":{"start":{"line":27,"column":28},"end":{"line":41,"column":10}},"9":{"start":{"line":34,"column":58},"end":{"line":38,"column":21}},"10":{"start":{"line":43,"column":8},"end":{"line":50,"column":9}},"11":{"start":{"line":44,"column":12},"end":{"line":49,"column":15}},"12":{"start":{"line":52,"column":8},"end":{"line":52,"column":27}},"13":{"start":{"line":56,"column":28},"end":{"line":68,"column":1}},"14":{"start":{"line":57,"column":4},"end":{"line":67,"column":7}},"15":{"start":{"line":70,"column":38},"end":{"line":77,"column":1}},"16":{"start":{"line":71,"column":4},"end":{"line":76,"column":7}},"17":{"start":{"line":79,"column":30},"end":{"line":86,"column":1}},"18":{"start":{"line":80,"column":4},"end":{"line":85,"column":7}},"19":{"start":{"line":88,"column":30},"end":{"line":93,"column":1}},"20":{"start":{"line":89,"column":4},"end":{"line":92,"column":7}},"21":{"start":{"line":95,"column":25},"end":{"line":103,"column":1}},"22":{"start":{"line":96,"column":4},"end":{"line":102,"column":7}},"23":{"start":{"line":105,"column":0},"end":{"line":114,"column":2}}},"fnMap":{"0":{"name":"(anonymous_0)","decl":{"start":{"line":4,"column":20},"end":{"line":4,"column":21}},"loc":{"start":{"line":4,"column":32},"end":{"line":17,"column":1}},"line":4},"1":{"name":"(anonymous_1)","decl":{"start":{"line":19,"column":26},"end":{"line":19,"column":27}},"loc":{"start":{"line":19,"column":53},"end":{"line":23,"column":1}},"line":19},"2":{"name":"(anonymous_2)","decl":{"start":{"line":25,"column":26},"end":{"line":25,"column":27}},"loc":{"start":{"line":25,"column":95},"end":{"line":54,"column":1}},"line":25},"3":{"name":"(anonymous_3)","decl":{"start":{"line":26,"column":37},"end":{"line":26,"column":38}},"loc":{"start":{"line":26,"column":51},"end":{"line":53,"column":5}},"line":26},"4":{"name":"(anonymous_4)","decl":{"start":{"line":34,"column":45},"end":{"line":34,"column":46}},"loc":{"start":{"line":34,"column":58},"end":{"line":38,"column":21}},"line":34},"5":{"name":"(anonymous_5)","decl":{"start":{"line":56,"column":28},"end":{"line":56,"column":29}},"loc":{"start":{"line":56,"column":67},"end":{"line":68,"column":1}},"line":56},"6":{"name":"(anonymous_6)","decl":{"start":{"line":70,"column":38},"end":{"line":70,"column":39}},"loc":{"start":{"line":70,"column":74},"end":{"line":77,"column":1}},"line":70},"7":{"name":"(anonymous_7)","decl":{"start":{"line":79,"column":30},"end":{"line":79,"column":31}},"loc":{"start":{"line":79,"column":50},"end":{"line":86,"column":1}},"line":79},"8":{"name":"(anonymous_8)","decl":{"start":{"line":88,"column":30},"end":{"line":88,"column":31}},"loc":{"start":{"line":88,"column":58},"end":{"line":93,"column":1}},"line":88},"9":{"name":"(anonymous_9)","decl":{"start":{"line":95,"column":25},"end":{"line":95,"column":26}},"loc":{"start":{"line":95,"column":79},"end":{"line":103,"column":1}},"line":95}},"branchMap":{},"s":{"0":1,"1":1,"2":1,"3":0,"4":1,"5":0,"6":1,"7":0,"8":0,"9":0,"10":0,"11":0,"12":0,"13":1,"14":0,"15":1,"16":0,"17":1,"18":0,"19":1,"20":0,"21":1,"22":0,"23":1},"f":{"0":0,"1":0,"2":0,"3":0,"4":0,"5":0,"6":0,"7":0,"8":0,"9":0},"b":{},"_coverageSchema":"1a1c01bbd47fc00a2c39e90264f33305004495a9","hash":"4ecad34231a97fdb65de3921b6fb8289432f8a17"}
,"C:\\Users\\ricar\\Desktop\\50+10\\50-10\\backend\\src\\repositories\\userRepository.js": {"path":"C:\\Users\\ricar\\Desktop\\50+10\\50-10\\backend\\src\\repositories\\userRepository.js","statementMap":{"0":{"start":{"line":1,"column":25},"end":{"line":1,"column":50}},"1":{"start":{"line":2,"column":15},"end":{"line":2,"column":33}},"2":{"start":{"line":3,"column":18},"end":{"line":3,"column":50}},"3":{"start":{"line":4,"column":19},"end":{"line":4,"column":50}},"4":{"start":{"line":7,"column":23},"end":{"line":87,"column":1}},"5":{"start":{"line":10,"column":8},"end":{"line":30,"column":9}},"6":{"start":{"line":11,"column":12},"end":{"line":11,"column":54}},"7":{"start":{"line":13,"column":12},"end":{"line":29,"column":15}},"8":{"start":{"line":35,"column":8},"end":{"line":37,"column":11}},"9":{"start":{"line":42,"column":27},"end":{"line":42,"column":32}},"10":{"start":{"line":44,"column":4},"end":{"line":85,"column":7}},"11":{"start":{"line":89,"column":0},"end":{"line":89,"column":32}}},"fnMap":{"0":{"name":"(anonymous_0)","decl":{"start":{"line":9,"column":13},"end":{"line":9,"column":14}},"loc":{"start":{"line":9,"column":25},"end":{"line":31,"column":5}},"line":9},"1":{"name":"(anonymous_1)","decl":{"start":{"line":34,"column":17},"end":{"line":34,"column":18}},"loc":{"start":{"line":34,"column":34},"end":{"line":38,"column":5}},"line":34},"2":{"name":"(anonymous_2)","decl":{"start":{"line":41,"column":8},"end":{"line":41,"column":9}},"loc":{"start":{"line":41,"column":25},"end":{"line":86,"column":1}},"line":41}},"branchMap":{"0":{"loc":{"start":{"line":59,"column":16},"end":{"line":66,"column":13}},"type":"binary-expr","locations":[{"start":{"line":59,"column":16},"end":{"line":59,"column":32}},{"start":{"line":59,"column":36},"end":{"line":66,"column":13}}],"line":59},"1":{"loc":{"start":{"line":63,"column":40},"end":{"line":63,"column":64}},"type":"binary-expr","locations":[{"start":{"line":63,"column":40},"end":{"line":63,"column":56}},{"start":{"line":63,"column":60},"end":{"line":63,"column":64}}],"line":63},"2":{"loc":{"start":{"line":67,"column":16},"end":{"line":73,"column":13}},"type":"binary-expr","locations":[{"start":{"line":67,"column":16},"end":{"line":67,"column":32}},{"start":{"line":67,"column":36},"end":{"line":73,"column":13}}],"line":67},"3":{"loc":{"start":{"line":70,"column":30},"end":{"line":70,"column":48}},"type":"binary-expr","locations":[{"start":{"line":70,"column":30},"end":{"line":70,"column":40}},{"start":{"line":70,"column":44},"end":{"line":70,"column":48}}],"line":70},"4":{"loc":{"start":{"line":74,"column":16},"end":{"line":78,"column":13}},"type":"binary-expr","locations":[{"start":{"line":74,"column":16},"end":{"line":74,"column":32}},{"start":{"line":74,"column":36},"end":{"line":78,"column":13}}],"line":74}},"s":{"0":2,"1":2,"2":2,"3":2,"4":2,"5":0,"6":0,"7":0,"8":0,"9":0,"10":0,"11":2},"f":{"0":0,"1":0,"2":0},"b":{"0":[0,0],"1":[0,0],"2":[0,0],"3":[0,0],"4":[0,0]},"_coverageSchema":"1a1c01bbd47fc00a2c39e90264f33305004495a9","hash":"09ad0aa02b27ddc5888f47b441f6d8cba0a4292e"}
,"C:\\Users\\ricar\\Desktop\\50+10\\50-10\\backend\\src\\services\\authenticationService.js": {"path":"C:\\Users\\ricar\\Desktop\\50+10\\50-10\\backend\\src\\services\\authenticationService.js","statementMap":{"0":{"start":{"line":1,"column":12},"end":{"line":1,"column":35}},"1":{"start":{"line":2,"column":23},"end":{"line":2,"column":64}},"2":{"start":{"line":4,"column":19},"end":{"line":4,"column":79}},"3":{"start":{"line":6,"column":18},"end":{"line":10,"column":1}},"4":{"start":{"line":7,"column":17},"end":{"line":7,"column":36}},"5":{"start":{"line":8,"column":4},"end":{"line":8,"column":33}},"6":{"start":{"line":9,"column":4},"end":{"line":9,"column":16}},"7":{"start":{"line":12,"column":14},"end":{"line":47,"column":1}},"8":{"start":{"line":13,"column":4},"end":{"line":15,"column":5}},"9":{"start":{"line":14,"column":8},"end":{"line":14,"column":80}},"10":{"start":{"line":17,"column":23},"end":{"line":17,"column":62}},"11":{"start":{"line":19,"column":4},"end":{"line":21,"column":5}},"12":{"start":{"line":20,"column":8},"end":{"line":20,"column":55}},"13":{"start":{"line":23,"column":27},"end":{"line":23,"column":67}},"14":{"start":{"line":25,"column":4},"end":{"line":27,"column":5}},"15":{"start":{"line":26,"column":8},"end":{"line":26,"column":55}},"16":{"start":{"line":29,"column":18},"end":{"line":36,"column":5}},"17":{"start":{"line":38,"column":4},"end":{"line":46,"column":6}},"18":{"start":{"line":49,"column":0},"end":{"line":49,"column":27}}},"fnMap":{"0":{"name":"(anonymous_0)","decl":{"start":{"line":6,"column":18},"end":{"line":6,"column":19}},"loc":{"start":{"line":6,"column":44},"end":{"line":10,"column":1}},"line":6},"1":{"name":"(anonymous_1)","decl":{"start":{"line":12,"column":14},"end":{"line":12,"column":15}},"loc":{"start":{"line":12,"column":41},"end":{"line":47,"column":1}},"line":12}},"branchMap":{"0":{"loc":{"start":{"line":4,"column":19},"end":{"line":4,"column":79}},"type":"binary-expr","locations":[{"start":{"line":4,"column":19},"end":{"line":4,"column":41}},{"start":{"line":4,"column":45},"end":{"line":4,"column":79}}],"line":4},"1":{"loc":{"start":{"line":13,"column":4},"end":{"line":15,"column":5}},"type":"if","locations":[{"start":{"line":13,"column":4},"end":{"line":15,"column":5}},{"start":{},"end":{}}],"line":13},"2":{"loc":{"start":{"line":13,"column":8},"end":{"line":13,"column":27}},"type":"binary-expr","locations":[{"start":{"line":13,"column":8},"end":{"line":13,"column":14}},{"start":{"line":13,"column":18},"end":{"line":13,"column":27}}],"line":13},"3":{"loc":{"start":{"line":19,"column":4},"end":{"line":21,"column":5}},"type":"if","locations":[{"start":{"line":19,"column":4},"end":{"line":21,"column":5}},{"start":{},"end":{}}],"line":19},"4":{"loc":{"start":{"line":25,"column":4},"end":{"line":27,"column":5}},"type":"if","locations":[{"start":{"line":25,"column":4},"end":{"line":27,"column":5}},{"start":{},"end":{}}],"line":25}},"s":{"0":1,"1":1,"2":1,"3":1,"4":3,"5":3,"6":3,"7":1,"8":4,"9":1,"10":3,"11":3,"12":1,"13":2,"14":2,"15":1,"16":1,"17":1,"18":1},"f":{"0":3,"1":4},"b":{"0":[1,1],"1":[1,3],"2":[4,3],"3":[1,2],"4":[1,1]},"_coverageSchema":"1a1c01bbd47fc00a2c39e90264f33305004495a9","hash":"dfe055ea08e1f1afbcd0294bc4715945de5dc8fd"}
,"C:\\Users\\ricar\\Desktop\\50+10\\50-10\\backend\\src\\services\\bookingService.js": {"path":"C:\\Users\\ricar\\Desktop\\50+10\\50-10\\backend\\src\\services\\bookingService.js","statementMap":{"0":{"start":{"line":1,"column":20},"end":{"line":1,"column":64}},"1":{"start":{"line":3,"column":18},"end":{"line":7,"column":1}},"2":{"start":{"line":4,"column":17},"end":{"line":4,"column":36}},"3":{"start":{"line":5,"column":4},"end":{"line":5,"column":33}},"4":{"start":{"line":6,"column":4},"end":{"line":6,"column":16}},"5":{"start":{"line":11,"column":22},"end":{"line":49,"column":1}},"6":{"start":{"line":12,"column":4},"end":{"line":14,"column":5}},"7":{"start":{"line":13,"column":8},"end":{"line":13,"column":67}},"8":{"start":{"line":16,"column":18},"end":{"line":16,"column":58}},"9":{"start":{"line":17,"column":4},"end":{"line":17,"column":62}},"10":{"start":{"line":17,"column":16},"end":{"line":17,"column":62}},"11":{"start":{"line":19,"column":17},"end":{"line":19,"column":64}},"12":{"start":{"line":20,"column":4},"end":{"line":20,"column":60}},"13":{"start":{"line":20,"column":15},"end":{"line":20,"column":60}},"14":{"start":{"line":22,"column":4},"end":{"line":22,"column":74}},"15":{"start":{"line":22,"column":25},"end":{"line":22,"column":74}},"16":{"start":{"line":24,"column":17},"end":{"line":24,"column":27}},"17":{"start":{"line":25,"column":4},"end":{"line":25,"column":30}},"18":{"start":{"line":26,"column":4},"end":{"line":28,"column":5}},"19":{"start":{"line":27,"column":8},"end":{"line":27,"column":65}},"20":{"start":{"line":30,"column":28},"end":{"line":30,"column":73}},"21":{"start":{"line":30,"column":54},"end":{"line":30,"column":65}},"22":{"start":{"line":31,"column":4},"end":{"line":33,"column":5}},"23":{"start":{"line":32,"column":8},"end":{"line":32,"column":45}},"24":{"start":{"line":35,"column":23},"end":{"line":35,"column":70}},"25":{"start":{"line":36,"column":4},"end":{"line":36,"column":74}},"26":{"start":{"line":36,"column":20},"end":{"line":36,"column":74}},"27":{"start":{"line":38,"column":25},"end":{"line":38,"column":66}},"28":{"start":{"line":40,"column":27},"end":{"line":40,"column":46}},"29":{"start":{"line":41,"column":4},"end":{"line":41,"column":57}},"30":{"start":{"line":43,"column":4},"end":{"line":43,"column":90}},"31":{"start":{"line":45,"column":4},"end":{"line":48,"column":6}},"32":{"start":{"line":53,"column":25},"end":{"line":90,"column":1}},"33":{"start":{"line":54,"column":4},"end":{"line":56,"column":5}},"34":{"start":{"line":55,"column":8},"end":{"line":55,"column":71}},"35":{"start":{"line":59,"column":21},"end":{"line":59,"column":66}},"36":{"start":{"line":61,"column":4},"end":{"line":61,"column":68}},"37":{"start":{"line":61,"column":19},"end":{"line":61,"column":68}},"38":{"start":{"line":62,"column":4},"end":{"line":62,"column":110}},"39":{"start":{"line":62,"column":38},"end":{"line":62,"column":110}},"40":{"start":{"line":63,"column":4},"end":{"line":63,"column":86}},"41":{"start":{"line":63,"column":29},"end":{"line":63,"column":86}},"42":{"start":{"line":66,"column":18},"end":{"line":66,"column":28}},"43":{"start":{"line":67,"column":29},"end":{"line":67,"column":57}},"44":{"start":{"line":69,"column":4},"end":{"line":73,"column":6}},"45":{"start":{"line":75,"column":24},"end":{"line":75,"column":48}},"46":{"start":{"line":76,"column":27},"end":{"line":76,"column":57}},"47":{"start":{"line":78,"column":4},"end":{"line":89,"column":5}},"48":{"start":{"line":80,"column":8},"end":{"line":80,"column":93}},"49":{"start":{"line":81,"column":8},"end":{"line":81,"column":85}},"50":{"start":{"line":84,"column":8},"end":{"line":84,"column":72}},"51":{"start":{"line":85,"column":8},"end":{"line":88,"column":10}},"52":{"start":{"line":94,"column":24},"end":{"line":96,"column":1}},"53":{"start":{"line":95,"column":4},"end":{"line":95,"column":39}},"54":{"start":{"line":98,"column":31},"end":{"line":101,"column":1}},"55":{"start":{"line":99,"column":4},"end":{"line":99,"column":65}},"56":{"start":{"line":99,"column":18},"end":{"line":99,"column":65}},"57":{"start":{"line":100,"column":4},"end":{"line":100,"column":50}},"58":{"start":{"line":103,"column":0},"end":{"line":108,"column":2}}},"fnMap":{"0":{"name":"(anonymous_0)","decl":{"start":{"line":3,"column":18},"end":{"line":3,"column":19}},"loc":{"start":{"line":3,"column":44},"end":{"line":7,"column":1}},"line":3},"1":{"name":"(anonymous_1)","decl":{"start":{"line":11,"column":22},"end":{"line":11,"column":23}},"loc":{"start":{"line":11,"column":49},"end":{"line":49,"column":1}},"line":11},"2":{"name":"(anonymous_2)","decl":{"start":{"line":30,"column":49},"end":{"line":30,"column":50}},"loc":{"start":{"line":30,"column":54},"end":{"line":30,"column":65}},"line":30},"3":{"name":"(anonymous_3)","decl":{"start":{"line":53,"column":25},"end":{"line":53,"column":26}},"loc":{"start":{"line":53,"column":64},"end":{"line":90,"column":1}},"line":53},"4":{"name":"(anonymous_4)","decl":{"start":{"line":94,"column":24},"end":{"line":94,"column":25}},"loc":{"start":{"line":94,"column":36},"end":{"line":96,"column":1}},"line":94},"5":{"name":"(anonymous_5)","decl":{"start":{"line":98,"column":31},"end":{"line":98,"column":32}},"loc":{"start":{"line":98,"column":50},"end":{"line":101,"column":1}},"line":98}},"branchMap":{"0":{"loc":{"start":{"line":12,"column":4},"end":{"line":14,"column":5}},"type":"if","locations":[{"start":{"line":12,"column":4},"end":{"line":14,"column":5}},{"start":{},"end":{}}],"line":12},"1":{"loc":{"start":{"line":12,"column":8},"end":{"line":12,"column":27}},"type":"binary-expr","locations":[{"start":{"line":12,"column":8},"end":{"line":12,"column":16}},{"start":{"line":12,"column":20},"end":{"line":12,"column":27}}],"line":12},"2":{"loc":{"start":{"line":17,"column":4},"end":{"line":17,"column":62}},"type":"if","locations":[{"start":{"line":17,"column":4},"end":{"line":17,"column":62}},{"start":{},"end":{}}],"line":17},"3":{"loc":{"start":{"line":20,"column":4},"end":{"line":20,"column":60}},"type":"if","locations":[{"start":{"line":20,"column":4},"end":{"line":20,"column":60}},{"start":{},"end":{}}],"line":20},"4":{"loc":{"start":{"line":22,"column":4},"end":{"line":22,"column":74}},"type":"if","locations":[{"start":{"line":22,"column":4},"end":{"line":22,"column":74}},{"start":{},"end":{}}],"line":22},"5":{"loc":{"start":{"line":26,"column":4},"end":{"line":28,"column":5}},"type":"if","locations":[{"start":{"line":26,"column":4},"end":{"line":28,"column":5}},{"start":{},"end":{}}],"line":26},"6":{"loc":{"start":{"line":31,"column":4},"end":{"line":33,"column":5}},"type":"if","locations":[{"start":{"line":31,"column":4},"end":{"line":33,"column":5}},{"start":{},"end":{}}],"line":31},"7":{"loc":{"start":{"line":36,"column":4},"end":{"line":36,"column":74}},"type":"if","locations":[{"start":{"line":36,"column":4},"end":{"line":36,"column":74}},{"start":{},"end":{}}],"line":36},"8":{"loc":{"start":{"line":54,"column":4},"end":{"line":56,"column":5}},"type":"if","locations":[{"start":{"line":54,"column":4},"end":{"line":56,"column":5}},{"start":{},"end":{}}],"line":54},"9":{"loc":{"start":{"line":54,"column":8},"end":{"line":54,"column":31}},"type":"binary-expr","locations":[{"start":{"line":54,"column":8},"end":{"line":54,"column":19}},{"start":{"line":54,"column":23},"end":{"line":54,"column":31}}],"line":54},"10":{"loc":{"start":{"line":61,"column":4},"end":{"line":61,"column":68}},"type":"if","locations":[{"start":{"line":61,"column":4},"end":{"line":61,"column":68}},{"start":{},"end":{}}],"line":61},"11":{"loc":{"start":{"line":62,"column":4},"end":{"line":62,"column":110}},"type":"if","locations":[{"start":{"line":62,"column":4},"end":{"line":62,"column":110}},{"start":{},"end":{}}],"line":62},"12":{"loc":{"start":{"line":63,"column":4},"end":{"line":63,"column":86}},"type":"if","locations":[{"start":{"line":63,"column":4},"end":{"line":63,"column":86}},{"start":{},"end":{}}],"line":63},"13":{"loc":{"start":{"line":78,"column":4},"end":{"line":89,"column":5}},"type":"if","locations":[{"start":{"line":78,"column":4},"end":{"line":89,"column":5}},{"start":{"line":82,"column":11},"end":{"line":89,"column":5}}],"line":78},"14":{"loc":{"start":{"line":80,"column":47},"end":{"line":80,"column":91}},"type":"binary-expr","locations":[{"start":{"line":80,"column":47},"end":{"line":80,"column":53}},{"start":{"line":80,"column":57},"end":{"line":80,"column":91}}],"line":80},"15":{"loc":{"start":{"line":99,"column":4},"end":{"line":99,"column":65}},"type":"if","locations":[{"start":{"line":99,"column":4},"end":{"line":99,"column":65}},{"start":{},"end":{}}],"line":99}},"s":{"0":2,"1":2,"2":4,"3":4,"4":4,"5":2,"6":5,"7":1,"8":4,"9":4,"10":1,"11":3,"12":3,"13":0,"14":3,"15":0,"16":3,"17":3,"18":3,"19":0,"20":3,"21":1,"22":3,"23":1,"24":2,"25":2,"26":0,"27":2,"28":1,"29":1,"30":1,"31":1,"32":2,"33":3,"34":0,"35":3,"36":3,"37":1,"38":2,"39":0,"40":2,"41":0,"42":2,"43":2,"44":2,"45":2,"46":2,"47":2,"48":1,"49":1,"50":1,"51":1,"52":2,"53":0,"54":2,"55":0,"56":0,"57":0,"58":2},"f":{"0":4,"1":5,"2":1,"3":3,"4":0,"5":0},"b":{"0":[1,4],"1":[5,4],"2":[1,3],"3":[0,3],"4":[0,3],"5":[0,3],"6":[1,2],"7":[0,2],"8":[0,3],"9":[3,3],"10":[1,2],"11":[0,2],"12":[0,2],"13":[1,1],"14":[1,0],"15":[0,0]},"_coverageSchema":"1a1c01bbd47fc00a2c39e90264f33305004495a9","hash":"5516ad09c1202a594c7ac741b5859b30a83add8f"}
,"C:\\Users\\ricar\\Desktop\\50+10\\50-10\\backend\\src\\services\\classService.js": {"path":"C:\\Users\\ricar\\Desktop\\50+10\\50-10\\backend\\src\\services\\classService.js","statementMap":{"0":{"start":{"line":1,"column":18},"end":{"line":1,"column":60}},"1":{"start":{"line":3,"column":18},"end":{"line":7,"column":1}},"2":{"start":{"line":4,"column":17},"end":{"line":4,"column":36}},"3":{"start":{"line":5,"column":4},"end":{"line":5,"column":33}},"4":{"start":{"line":6,"column":4},"end":{"line":6,"column":16}},"5":{"start":{"line":9,"column":20},"end":{"line":11,"column":1}},"6":{"start":{"line":10,"column":4},"end":{"line":10,"column":37}},"7":{"start":{"line":13,"column":18},"end":{"line":55,"column":1}},"8":{"start":{"line":14,"column":25},"end":{"line":23,"column":5}},"9":{"start":{"line":25,"column":20},"end":{"line":28,"column":6}},"10":{"start":{"line":26,"column":22},"end":{"line":26,"column":34}},"11":{"start":{"line":27,"column":8},"end":{"line":27,"column":69}},"12":{"start":{"line":30,"column":4},"end":{"line":32,"column":5}},"13":{"start":{"line":31,"column":8},"end":{"line":31,"column":84}},"14":{"start":{"line":34,"column":23},"end":{"line":34,"column":83}},"15":{"start":{"line":36,"column":27},"end":{"line":36,"column":63}},"16":{"start":{"line":37,"column":24},"end":{"line":37,"column":57}},"17":{"start":{"line":39,"column":27},"end":{"line":43,"column":6}},"18":{"start":{"line":40,"column":32},"end":{"line":40,"column":76}},"19":{"start":{"line":41,"column":29},"end":{"line":41,"column":70}},"20":{"start":{"line":42,"column":8},"end":{"line":42,"column":78}},"21":{"start":{"line":45,"column":4},"end":{"line":47,"column":5}},"22":{"start":{"line":46,"column":8},"end":{"line":46,"column":70}},"23":{"start":{"line":49,"column":21},"end":{"line":49,"column":50}},"24":{"start":{"line":51,"column":4},"end":{"line":54,"column":6}},"25":{"start":{"line":57,"column":35},"end":{"line":59,"column":1}},"26":{"start":{"line":58,"column":4},"end":{"line":58,"column":65}},"27":{"start":{"line":61,"column":27},"end":{"line":80,"column":1}},"28":{"start":{"line":63,"column":4},"end":{"line":63,"column":54}},"29":{"start":{"line":66,"column":17},"end":{"line":66,"column":58}},"30":{"start":{"line":67,"column":4},"end":{"line":69,"column":5}},"31":{"start":{"line":68,"column":8},"end":{"line":68,"column":48}},"32":{"start":{"line":71,"column":27},"end":{"line":71,"column":54}},"33":{"start":{"line":72,"column":25},"end":{"line":72,"column":61}},"34":{"start":{"line":72,"column":48},"end":{"line":72,"column":60}},"35":{"start":{"line":73,"column":32},"end":{"line":73,"column":110}},"36":{"start":{"line":75,"column":4},"end":{"line":79,"column":6}},"37":{"start":{"line":82,"column":0},"end":{"line":87,"column":2}}},"fnMap":{"0":{"name":"(anonymous_0)","decl":{"start":{"line":3,"column":18},"end":{"line":3,"column":19}},"loc":{"start":{"line":3,"column":44},"end":{"line":7,"column":1}},"line":3},"1":{"name":"(anonymous_1)","decl":{"start":{"line":9,"column":20},"end":{"line":9,"column":21}},"loc":{"start":{"line":9,"column":32},"end":{"line":11,"column":1}},"line":9},"2":{"name":"(anonymous_2)","decl":{"start":{"line":13,"column":18},"end":{"line":13,"column":19}},"loc":{"start":{"line":13,"column":35},"end":{"line":55,"column":1}},"line":13},"3":{"name":"(anonymous_3)","decl":{"start":{"line":25,"column":40},"end":{"line":25,"column":41}},"loc":{"start":{"line":25,"column":51},"end":{"line":28,"column":5}},"line":25},"4":{"name":"(anonymous_4)","decl":{"start":{"line":39,"column":43},"end":{"line":39,"column":44}},"loc":{"start":{"line":39,"column":62},"end":{"line":43,"column":5}},"line":39},"5":{"name":"(anonymous_5)","decl":{"start":{"line":57,"column":35},"end":{"line":57,"column":36}},"loc":{"start":{"line":57,"column":53},"end":{"line":59,"column":1}},"line":57},"6":{"name":"(anonymous_6)","decl":{"start":{"line":61,"column":27},"end":{"line":61,"column":28}},"loc":{"start":{"line":61,"column":45},"end":{"line":80,"column":1}},"line":61},"7":{"name":"(anonymous_7)","decl":{"start":{"line":72,"column":43},"end":{"line":72,"column":44}},"loc":{"start":{"line":72,"column":48},"end":{"line":72,"column":60}},"line":72}},"branchMap":{"0":{"loc":{"start":{"line":27,"column":15},"end":{"line":27,"column":68}},"type":"binary-expr","locations":[{"start":{"line":27,"column":15},"end":{"line":27,"column":34}},{"start":{"line":27,"column":38},"end":{"line":27,"column":52}},{"start":{"line":27,"column":56},"end":{"line":27,"column":68}}],"line":27},"1":{"loc":{"start":{"line":30,"column":4},"end":{"line":32,"column":5}},"type":"if","locations":[{"start":{"line":30,"column":4},"end":{"line":32,"column":5}},{"start":{},"end":{}}],"line":30},"2":{"loc":{"start":{"line":42,"column":15},"end":{"line":42,"column":77}},"type":"binary-expr","locations":[{"start":{"line":42,"column":15},"end":{"line":42,"column":44}},{"start":{"line":42,"column":48},"end":{"line":42,"column":77}}],"line":42},"3":{"loc":{"start":{"line":45,"column":4},"end":{"line":47,"column":5}},"type":"if","locations":[{"start":{"line":45,"column":4},"end":{"line":47,"column":5}},{"start":{},"end":{}}],"line":45},"4":{"loc":{"start":{"line":67,"column":4},"end":{"line":69,"column":5}},"type":"if","locations":[{"start":{"line":67,"column":4},"end":{"line":69,"column":5}},{"start":{},"end":{}}],"line":67}},"s":{"0":1,"1":1,"2":2,"3":2,"4":2,"5":1,"6":0,"7":1,"8":4,"9":4,"10":32,"11":32,"12":4,"13":1,"14":3,"15":3,"16":3,"17":3,"18":1,"19":1,"20":1,"21":3,"22":1,"23":2,"24":1,"25":1,"26":0,"27":1,"28":0,"29":0,"30":0,"31":0,"32":0,"33":0,"34":0,"35":0,"36":0,"37":1},"f":{"0":2,"1":0,"2":4,"3":32,"4":1,"5":0,"6":0,"7":0},"b":{"0":[32,25,25],"1":[1,3],"2":[1,1],"3":[1,2],"4":[0,0]},"_coverageSchema":"1a1c01bbd47fc00a2c39e90264f33305004495a9","hash":"0ba240d38fafd3116275f9ff4c81c7d3512a737d"}
,"C:\\Users\\ricar\\Desktop\\50+10\\50-10\\backend\\src\\services\\inventoryService.js": {"path":"C:\\Users\\ricar\\Desktop\\50+10\\50-10\\backend\\src\\services\\inventoryService.js","statementMap":{"0":{"start":{"line":1,"column":22},"end":{"line":1,"column":68}},"1":{"start":{"line":3,"column":18},"end":{"line":7,"column":1}},"2":{"start":{"line":4,"column":17},"end":{"line":4,"column":36}},"3":{"start":{"line":5,"column":4},"end":{"line":5,"column":33}},"4":{"start":{"line":6,"column":4},"end":{"line":6,"column":16}},"5":{"start":{"line":9,"column":22},"end":{"line":11,"column":1}},"6":{"start":{"line":10,"column":4},"end":{"line":10,"column":41}},"7":{"start":{"line":13,"column":20},"end":{"line":25,"column":1}},"8":{"start":{"line":14,"column":34},"end":{"line":14,"column":45}},"9":{"start":{"line":16,"column":4},"end":{"line":18,"column":5}},"10":{"start":{"line":17,"column":8},"end":{"line":17,"column":72}},"11":{"start":{"line":20,"column":4},"end":{"line":22,"column":5}},"12":{"start":{"line":21,"column":8},"end":{"line":21,"column":74}},"13":{"start":{"line":24,"column":4},"end":{"line":24,"column":45}},"14":{"start":{"line":27,"column":21},"end":{"line":33,"column":1}},"15":{"start":{"line":28,"column":4},"end":{"line":30,"column":5}},"16":{"start":{"line":29,"column":8},"end":{"line":29,"column":92}},"17":{"start":{"line":32,"column":4},"end":{"line":32,"column":49}},"18":{"start":{"line":35,"column":22},"end":{"line":41,"column":1}},"19":{"start":{"line":36,"column":4},"end":{"line":38,"column":5}},"20":{"start":{"line":37,"column":8},"end":{"line":37,"column":93}},"21":{"start":{"line":40,"column":4},"end":{"line":40,"column":42}},"22":{"start":{"line":43,"column":0},"end":{"line":48,"column":2}}},"fnMap":{"0":{"name":"(anonymous_0)","decl":{"start":{"line":3,"column":18},"end":{"line":3,"column":19}},"loc":{"start":{"line":3,"column":44},"end":{"line":7,"column":1}},"line":3},"1":{"name":"(anonymous_1)","decl":{"start":{"line":9,"column":22},"end":{"line":9,"column":23}},"loc":{"start":{"line":9,"column":34},"end":{"line":11,"column":1}},"line":9},"2":{"name":"(anonymous_2)","decl":{"start":{"line":13,"column":20},"end":{"line":13,"column":21}},"loc":{"start":{"line":13,"column":37},"end":{"line":25,"column":1}},"line":13},"3":{"name":"(anonymous_3)","decl":{"start":{"line":27,"column":21},"end":{"line":27,"column":22}},"loc":{"start":{"line":27,"column":42},"end":{"line":33,"column":1}},"line":27},"4":{"name":"(anonymous_4)","decl":{"start":{"line":35,"column":22},"end":{"line":35,"column":23}},"loc":{"start":{"line":35,"column":36},"end":{"line":41,"column":1}},"line":35}},"branchMap":{"0":{"loc":{"start":{"line":14,"column":34},"end":{"line":14,"column":45}},"type":"binary-expr","locations":[{"start":{"line":14,"column":34},"end":{"line":14,"column":39}},{"start":{"line":14,"column":43},"end":{"line":14,"column":45}}],"line":14},"1":{"loc":{"start":{"line":16,"column":4},"end":{"line":18,"column":5}},"type":"if","locations":[{"start":{"line":16,"column":4},"end":{"line":18,"column":5}},{"start":{},"end":{}}],"line":16},"2":{"loc":{"start":{"line":20,"column":4},"end":{"line":22,"column":5}},"type":"if","locations":[{"start":{"line":20,"column":4},"end":{"line":22,"column":5}},{"start":{},"end":{}}],"line":20},"3":{"loc":{"start":{"line":20,"column":8},"end":{"line":20,"column":107}},"type":"binary-expr","locations":[{"start":{"line":20,"column":8},"end":{"line":20,"column":33}},{"start":{"line":20,"column":37},"end":{"line":20,"column":57}},{"start":{"line":20,"column":61},"end":{"line":20,"column":79}},{"start":{"line":20,"column":83},"end":{"line":20,"column":107}}],"line":20},"4":{"loc":{"start":{"line":28,"column":4},"end":{"line":30,"column":5}},"type":"if","locations":[{"start":{"line":28,"column":4},"end":{"line":30,"column":5}},{"start":{},"end":{}}],"line":28},"5":{"loc":{"start":{"line":36,"column":4},"end":{"line":38,"column":5}},"type":"if","locations":[{"start":{"line":36,"column":4},"end":{"line":38,"column":5}},{"start":{},"end":{}}],"line":36}},"s":{"0":1,"1":1,"2":4,"3":4,"4":4,"5":1,"6":0,"7":1,"8":3,"9":3,"10":1,"11":2,"12":1,"13":1,"14":1,"15":2,"16":1,"17":1,"18":1,"19":2,"20":1,"21":1,"22":1},"f":{"0":4,"1":0,"2":3,"3":2,"4":2},"b":{"0":[3,0],"1":[1,2],"2":[1,1],"3":[2,1,1,1],"4":[1,1],"5":[1,1]},"_coverageSchema":"1a1c01bbd47fc00a2c39e90264f33305004495a9","hash":"331b61bb3783cb79ad98be176722d4f5219c6b90"}
,"C:\\Users\\ricar\\Desktop\\50+10\\50-10\\backend\\src\\services\\paymentService.js": {"path":"C:\\Users\\ricar\\Desktop\\50+10\\50-10\\backend\\src\\services\\paymentService.js","statementMap":{"0":{"start":{"line":1,"column":20},"end":{"line":1,"column":64}},"1":{"start":{"line":5,"column":32},"end":{"line":28,"column":1}},"2":{"start":{"line":6,"column":23},"end":{"line":6,"column":25}},"3":{"start":{"line":8,"column":4},"end":{"line":22,"column":5}},"4":{"start":{"line":9,"column":27},"end":{"line":9,"column":37}},"5":{"start":{"line":10,"column":8},"end":{"line":10,"column":53}},"6":{"start":{"line":12,"column":31},"end":{"line":18,"column":9}},"7":{"start":{"line":20,"column":26},"end":{"line":20,"column":74}},"8":{"start":{"line":21,"column":8},"end":{"line":21,"column":35}},"9":{"start":{"line":24,"column":4},"end":{"line":27,"column":6}},"10":{"start":{"line":32,"column":23},"end":{"line":45,"column":1}},"11":{"start":{"line":33,"column":23},"end":{"line":33,"column":33}},"12":{"start":{"line":34,"column":4},"end":{"line":34,"column":49}},"13":{"start":{"line":36,"column":27},"end":{"line":42,"column":5}},"14":{"start":{"line":44,"column":4},"end":{"line":44,"column":52}},"15":{"start":{"line":49,"column":29},"end":{"line":58,"column":1}},"16":{"start":{"line":50,"column":18},"end":{"line":50,"column":19}},"17":{"start":{"line":52,"column":4},"end":{"line":55,"column":5}},"18":{"start":{"line":53,"column":8},"end":{"line":53,"column":56}},"19":{"start":{"line":54,"column":8},"end":{"line":54,"column":18}},"20":{"start":{"line":57,"column":4},"end":{"line":57,"column":23}},"21":{"start":{"line":60,"column":0},"end":{"line":64,"column":2}}},"fnMap":{"0":{"name":"(anonymous_0)","decl":{"start":{"line":5,"column":32},"end":{"line":5,"column":33}},"loc":{"start":{"line":5,"column":70},"end":{"line":28,"column":1}},"line":5},"1":{"name":"(anonymous_1)","decl":{"start":{"line":32,"column":23},"end":{"line":32,"column":24}},"loc":{"start":{"line":32,"column":60},"end":{"line":45,"column":1}},"line":32},"2":{"name":"(anonymous_2)","decl":{"start":{"line":49,"column":29},"end":{"line":49,"column":30}},"loc":{"start":{"line":49,"column":68},"end":{"line":58,"column":1}},"line":49}},"branchMap":{"0":{"loc":{"start":{"line":40,"column":19},"end":{"line":40,"column":34}},"type":"binary-expr","locations":[{"start":{"line":40,"column":19},"end":{"line":40,"column":28}},{"start":{"line":40,"column":32},"end":{"line":40,"column":34}}],"line":40}},"s":{"0":1,"1":1,"2":0,"3":0,"4":0,"5":0,"6":0,"7":0,"8":0,"9":0,"10":1,"11":4,"12":4,"13":4,"14":4,"15":1,"16":1,"17":1,"18":3,"19":3,"20":1,"21":1},"f":{"0":0,"1":4,"2":1},"b":{"0":[4,0]},"_coverageSchema":"1a1c01bbd47fc00a2c39e90264f33305004495a9","hash":"ef3ce6fcff32abe7cc842d43c77eb87035253901"}
,"C:\\Users\\ricar\\Desktop\\50+10\\50-10\\backend\\src\\services\\rentalService.js": {"path":"C:\\Users\\ricar\\Desktop\\50+10\\50-10\\backend\\src\\services\\rentalService.js","statementMap":{"0":{"start":{"line":1,"column":25},"end":{"line":1,"column":68}},"1":{"start":{"line":3,"column":18},"end":{"line":7,"column":1}},"2":{"start":{"line":4,"column":17},"end":{"line":4,"column":36}},"3":{"start":{"line":5,"column":4},"end":{"line":5,"column":33}},"4":{"start":{"line":6,"column":4},"end":{"line":6,"column":16}},"5":{"start":{"line":9,"column":24},"end":{"line":11,"column":1}},"6":{"start":{"line":10,"column":4},"end":{"line":10,"column":48}},"7":{"start":{"line":13,"column":21},"end":{"line":60,"column":1}},"8":{"start":{"line":14,"column":4},"end":{"line":16,"column":5}},"9":{"start":{"line":15,"column":8},"end":{"line":15,"column":95}},"10":{"start":{"line":18,"column":4},"end":{"line":20,"column":5}},"11":{"start":{"line":19,"column":8},"end":{"line":19,"column":79}},"12":{"start":{"line":22,"column":29},"end":{"line":22,"column":55}},"13":{"start":{"line":23,"column":24},"end":{"line":23,"column":45}},"14":{"start":{"line":25,"column":4},"end":{"line":27,"column":5}},"15":{"start":{"line":26,"column":8},"end":{"line":26,"column":67}},"16":{"start":{"line":29,"column":4},"end":{"line":31,"column":5}},"17":{"start":{"line":30,"column":8},"end":{"line":30,"column":88}},"18":{"start":{"line":33,"column":4},"end":{"line":47,"column":5}},"19":{"start":{"line":34,"column":8},"end":{"line":36,"column":9}},"20":{"start":{"line":35,"column":12},"end":{"line":35,"column":87}},"21":{"start":{"line":38,"column":22},"end":{"line":38,"column":86}},"22":{"start":{"line":40,"column":8},"end":{"line":42,"column":9}},"23":{"start":{"line":41,"column":12},"end":{"line":41,"column":93}},"24":{"start":{"line":44,"column":8},"end":{"line":46,"column":9}},"25":{"start":{"line":45,"column":12},"end":{"line":45,"column":96}},"26":{"start":{"line":49,"column":20},"end":{"line":54,"column":5}},"27":{"start":{"line":56,"column":4},"end":{"line":59,"column":6}},"28":{"start":{"line":62,"column":26},"end":{"line":77,"column":1}},"29":{"start":{"line":63,"column":4},"end":{"line":65,"column":5}},"30":{"start":{"line":64,"column":8},"end":{"line":64,"column":79}},"31":{"start":{"line":67,"column":25},"end":{"line":67,"column":51}},"32":{"start":{"line":68,"column":4},"end":{"line":70,"column":5}},"33":{"start":{"line":69,"column":8},"end":{"line":69,"column":59}},"34":{"start":{"line":72,"column":19},"end":{"line":72,"column":90}},"35":{"start":{"line":73,"column":4},"end":{"line":76,"column":6}},"36":{"start":{"line":79,"column":30},"end":{"line":113,"column":1}},"37":{"start":{"line":80,"column":4},"end":{"line":80,"column":88}},"38":{"start":{"line":81,"column":19},"end":{"line":81,"column":73}},"39":{"start":{"line":82,"column":4},"end":{"line":84,"column":5}},"40":{"start":{"line":83,"column":8},"end":{"line":83,"column":67}},"41":{"start":{"line":86,"column":4},"end":{"line":88,"column":5}},"42":{"start":{"line":87,"column":8},"end":{"line":87,"column":56}},"43":{"start":{"line":91,"column":4},"end":{"line":91,"column":83}},"44":{"start":{"line":93,"column":4},"end":{"line":93,"column":96}},"45":{"start":{"line":95,"column":4},"end":{"line":106,"column":5}},"46":{"start":{"line":96,"column":34},"end":{"line":99,"column":9}},"47":{"start":{"line":100,"column":29},"end":{"line":100,"column":83}},"48":{"start":{"line":101,"column":4},"end":{"line":105,"column":6}},"49":{"start":{"line":108,"column":29},"end":{"line":108,"column":83}},"50":{"start":{"line":109,"column":4},"end":{"line":112,"column":6}},"51":{"start":{"line":115,"column":0},"end":{"line":120,"column":2}}},"fnMap":{"0":{"name":"(anonymous_0)","decl":{"start":{"line":3,"column":18},"end":{"line":3,"column":19}},"loc":{"start":{"line":3,"column":44},"end":{"line":7,"column":1}},"line":3},"1":{"name":"(anonymous_1)","decl":{"start":{"line":9,"column":24},"end":{"line":9,"column":25}},"loc":{"start":{"line":9,"column":36},"end":{"line":11,"column":1}},"line":9},"2":{"name":"(anonymous_2)","decl":{"start":{"line":13,"column":21},"end":{"line":13,"column":22}},"loc":{"start":{"line":13,"column":94},"end":{"line":60,"column":1}},"line":13},"3":{"name":"(anonymous_3)","decl":{"start":{"line":62,"column":26},"end":{"line":62,"column":27}},"loc":{"start":{"line":62,"column":69},"end":{"line":77,"column":1}},"line":62},"4":{"name":"(anonymous_4)","decl":{"start":{"line":79,"column":30},"end":{"line":79,"column":31}},"loc":{"start":{"line":79,"column":84},"end":{"line":113,"column":1}},"line":79}},"branchMap":{"0":{"loc":{"start":{"line":14,"column":4},"end":{"line":16,"column":5}},"type":"if","locations":[{"start":{"line":14,"column":4},"end":{"line":16,"column":5}},{"start":{},"end":{}}],"line":14},"1":{"loc":{"start":{"line":14,"column":8},"end":{"line":14,"column":58}},"type":"binary-expr","locations":[{"start":{"line":14,"column":8},"end":{"line":14,"column":21}},{"start":{"line":14,"column":25},"end":{"line":14,"column":42}},{"start":{"line":14,"column":46},"end":{"line":14,"column":58}}],"line":14},"2":{"loc":{"start":{"line":18,"column":4},"end":{"line":20,"column":5}},"type":"if","locations":[{"start":{"line":18,"column":4},"end":{"line":20,"column":5}},{"start":{},"end":{}}],"line":18},"3":{"loc":{"start":{"line":18,"column":8},"end":{"line":18,"column":65}},"type":"binary-expr","locations":[{"start":{"line":18,"column":8},"end":{"line":18,"column":36}},{"start":{"line":18,"column":40},"end":{"line":18,"column":65}}],"line":18},"4":{"loc":{"start":{"line":25,"column":4},"end":{"line":27,"column":5}},"type":"if","locations":[{"start":{"line":25,"column":4},"end":{"line":27,"column":5}},{"start":{},"end":{}}],"line":25},"5":{"loc":{"start":{"line":25,"column":8},"end":{"line":25,"column":87}},"type":"binary-expr","locations":[{"start":{"line":25,"column":8},"end":{"line":25,"column":48}},{"start":{"line":25,"column":52},"end":{"line":25,"column":87}}],"line":25},"6":{"loc":{"start":{"line":29,"column":4},"end":{"line":31,"column":5}},"type":"if","locations":[{"start":{"line":29,"column":4},"end":{"line":31,"column":5}},{"start":{},"end":{}}],"line":29},"7":{"loc":{"start":{"line":34,"column":8},"end":{"line":36,"column":9}},"type":"if","locations":[{"start":{"line":34,"column":8},"end":{"line":36,"column":9}},{"start":{},"end":{}}],"line":34},"8":{"loc":{"start":{"line":34,"column":12},"end":{"line":34,"column":57}},"type":"binary-expr","locations":[{"start":{"line":34,"column":12},"end":{"line":34,"column":35}},{"start":{"line":34,"column":39},"end":{"line":34,"column":57}}],"line":34},"9":{"loc":{"start":{"line":40,"column":8},"end":{"line":42,"column":9}},"type":"if","locations":[{"start":{"line":40,"column":8},"end":{"line":42,"column":9}},{"start":{},"end":{}}],"line":40},"10":{"loc":{"start":{"line":44,"column":8},"end":{"line":46,"column":9}},"type":"if","locations":[{"start":{"line":44,"column":8},"end":{"line":46,"column":9}},{"start":{},"end":{}}],"line":44},"11":{"loc":{"start":{"line":63,"column":4},"end":{"line":65,"column":5}},"type":"if","locations":[{"start":{"line":63,"column":4},"end":{"line":65,"column":5}},{"start":{},"end":{}}],"line":63},"12":{"loc":{"start":{"line":63,"column":8},"end":{"line":63,"column":39}},"type":"binary-expr","locations":[{"start":{"line":63,"column":8},"end":{"line":63,"column":18}},{"start":{"line":63,"column":22},"end":{"line":63,"column":39}}],"line":63},"13":{"loc":{"start":{"line":68,"column":4},"end":{"line":70,"column":5}},"type":"if","locations":[{"start":{"line":68,"column":4},"end":{"line":70,"column":5}},{"start":{},"end":{}}],"line":68},"14":{"loc":{"start":{"line":79,"column":59},"end":{"line":79,"column":77}},"type":"default-arg","locations":[{"start":{"line":79,"column":76},"end":{"line":79,"column":77}}],"line":79},"15":{"loc":{"start":{"line":82,"column":4},"end":{"line":84,"column":5}},"type":"if","locations":[{"start":{"line":82,"column":4},"end":{"line":84,"column":5}},{"start":{},"end":{}}],"line":82},"16":{"loc":{"start":{"line":86,"column":4},"end":{"line":88,"column":5}},"type":"if","locations":[{"start":{"line":86,"column":4},"end":{"line":88,"column":5}},{"start":{},"end":{}}],"line":86},"17":{"loc":{"start":{"line":93,"column":59},"end":{"line":93,"column":94}},"type":"cond-expr","locations":[{"start":{"line":93,"column":70},"end":{"line":93,"column":80}},{"start":{"line":93,"column":83},"end":{"line":93,"column":94}}],"line":93},"18":{"loc":{"start":{"line":95,"column":4},"end":{"line":106,"column":5}},"type":"if","locations":[{"start":{"line":95,"column":4},"end":{"line":106,"column":5}},{"start":{},"end":{}}],"line":95}},"s":{"0":1,"1":1,"2":2,"3":2,"4":2,"5":1,"6":0,"7":1,"8":3,"9":0,"10":3,"11":0,"12":3,"13":3,"14":3,"15":0,"16":3,"17":1,"18":2,"19":2,"20":0,"21":2,"22":2,"23":0,"24":2,"25":1,"26":1,"27":0,"28":1,"29":0,"30":0,"31":0,"32":0,"33":0,"34":0,"35":0,"36":1,"37":1,"38":1,"39":1,"40":0,"41":1,"42":0,"43":1,"44":1,"45":1,"46":1,"47":1,"48":1,"49":0,"50":0,"51":1},"f":{"0":2,"1":0,"2":3,"3":0,"4":1},"b":{"0":[0,3],"1":[3,3,3],"2":[0,3],"3":[3,3],"4":[0,3],"5":[3,3],"6":[1,2],"7":[0,2],"8":[2,2],"9":[0,2],"10":[1,1],"11":[0,0],"12":[0,0],"13":[0,0],"14":[0],"15":[0,1],"16":[0,1],"17":[1,0],"18":[1,0]},"_coverageSchema":"1a1c01bbd47fc00a2c39e90264f33305004495a9","hash":"3e42b0d6c7191a4ee17c1be701256434713a4c5f"}
,"C:\\Users\\ricar\\Desktop\\50+10\\50-10\\backend\\src\\services\\userService.js": {"path":"C:\\Users\\ricar\\Desktop\\50+10\\50-10\\backend\\src\\services\\userService.js","statementMap":{"0":{"start":{"line":1,"column":15},"end":{"line":1,"column":32}},"1":{"start":{"line":2,"column":12},"end":{"line":2,"column":35}},"2":{"start":{"line":3,"column":23},"end":{"line":3,"column":64}},"3":{"start":{"line":4,"column":19},"end":{"line":4,"column":50}},"4":{"start":{"line":6,"column":19},"end":{"line":6,"column":79}},"5":{"start":{"line":8,"column":18},"end":{"line":12,"column":1}},"6":{"start":{"line":9,"column":17},"end":{"line":9,"column":36}},"7":{"start":{"line":10,"column":4},"end":{"line":10,"column":33}},"8":{"start":{"line":11,"column":4},"end":{"line":11,"column":16}},"9":{"start":{"line":14,"column":21},"end":{"line":16,"column":1}},"10":{"start":{"line":15,"column":4},"end":{"line":15,"column":70}},"11":{"start":{"line":19,"column":27},"end":{"line":21,"column":1}},"12":{"start":{"line":20,"column":4},"end":{"line":20,"column":42}},"13":{"start":{"line":24,"column":24},"end":{"line":52,"column":1}},"14":{"start":{"line":26,"column":4},"end":{"line":28,"column":5}},"15":{"start":{"line":27,"column":8},"end":{"line":27,"column":70}},"16":{"start":{"line":30,"column":4},"end":{"line":32,"column":5}},"17":{"start":{"line":31,"column":8},"end":{"line":31,"column":63}},"18":{"start":{"line":34,"column":30},"end":{"line":34,"column":55}},"19":{"start":{"line":35,"column":4},"end":{"line":37,"column":5}},"20":{"start":{"line":36,"column":8},"end":{"line":36,"column":76}},"21":{"start":{"line":39,"column":4},"end":{"line":41,"column":5}},"22":{"start":{"line":40,"column":8},"end":{"line":40,"column":88}},"23":{"start":{"line":43,"column":4},"end":{"line":45,"column":5}},"24":{"start":{"line":44,"column":8},"end":{"line":44,"column":79}},"25":{"start":{"line":48,"column":26},"end":{"line":48,"column":76}},"26":{"start":{"line":49,"column":17},"end":{"line":49,"column":44}},"27":{"start":{"line":51,"column":4},"end":{"line":51,"column":77}},"28":{"start":{"line":55,"column":29},"end":{"line":92,"column":1}},"29":{"start":{"line":56,"column":4},"end":{"line":58,"column":5}},"30":{"start":{"line":57,"column":8},"end":{"line":57,"column":82}},"31":{"start":{"line":60,"column":23},"end":{"line":60,"column":62}},"32":{"start":{"line":62,"column":4},"end":{"line":64,"column":5}},"33":{"start":{"line":63,"column":8},"end":{"line":63,"column":60}},"34":{"start":{"line":66,"column":4},"end":{"line":68,"column":5}},"35":{"start":{"line":67,"column":8},"end":{"line":67,"column":80}},"36":{"start":{"line":70,"column":26},"end":{"line":70,"column":52}},"37":{"start":{"line":72,"column":4},"end":{"line":74,"column":5}},"38":{"start":{"line":73,"column":8},"end":{"line":73,"column":60}},"39":{"start":{"line":76,"column":18},"end":{"line":83,"column":5}},"40":{"start":{"line":85,"column":53},"end":{"line":85,"column":63}},"41":{"start":{"line":87,"column":4},"end":{"line":91,"column":6}},"42":{"start":{"line":94,"column":0},"end":{"line":98,"column":2}}},"fnMap":{"0":{"name":"(anonymous_0)","decl":{"start":{"line":8,"column":18},"end":{"line":8,"column":19}},"loc":{"start":{"line":8,"column":44},"end":{"line":12,"column":1}},"line":8},"1":{"name":"(anonymous_1)","decl":{"start":{"line":14,"column":21},"end":{"line":14,"column":22}},"loc":{"start":{"line":14,"column":35},"end":{"line":16,"column":1}},"line":14},"2":{"name":"(anonymous_2)","decl":{"start":{"line":19,"column":27},"end":{"line":19,"column":28}},"loc":{"start":{"line":19,"column":39},"end":{"line":21,"column":1}},"line":19},"3":{"name":"(anonymous_3)","decl":{"start":{"line":24,"column":24},"end":{"line":24,"column":25}},"loc":{"start":{"line":24,"column":41},"end":{"line":52,"column":1}},"line":24},"4":{"name":"(anonymous_4)","decl":{"start":{"line":55,"column":29},"end":{"line":55,"column":30}},"loc":{"start":{"line":55,"column":60},"end":{"line":92,"column":1}},"line":55}},"branchMap":{"0":{"loc":{"start":{"line":6,"column":19},"end":{"line":6,"column":79}},"type":"binary-expr","locations":[{"start":{"line":6,"column":19},"end":{"line":6,"column":41}},{"start":{"line":6,"column":45},"end":{"line":6,"column":79}}],"line":6},"1":{"loc":{"start":{"line":26,"column":4},"end":{"line":28,"column":5}},"type":"if","locations":[{"start":{"line":26,"column":4},"end":{"line":28,"column":5}},{"start":{},"end":{}}],"line":26},"2":{"loc":{"start":{"line":30,"column":4},"end":{"line":32,"column":5}},"type":"if","locations":[{"start":{"line":30,"column":4},"end":{"line":32,"column":5}},{"start":{},"end":{}}],"line":30},"3":{"loc":{"start":{"line":35,"column":4},"end":{"line":37,"column":5}},"type":"if","locations":[{"start":{"line":35,"column":4},"end":{"line":37,"column":5}},{"start":{},"end":{}}],"line":35},"4":{"loc":{"start":{"line":35,"column":8},"end":{"line":35,"column":116}},"type":"binary-expr","locations":[{"start":{"line":35,"column":8},"end":{"line":35,"column":38}},{"start":{"line":35,"column":42},"end":{"line":35,"column":67}},{"start":{"line":35,"column":71},"end":{"line":35,"column":116}}],"line":35},"5":{"loc":{"start":{"line":39,"column":4},"end":{"line":41,"column":5}},"type":"if","locations":[{"start":{"line":39,"column":4},"end":{"line":41,"column":5}},{"start":{},"end":{}}],"line":39},"6":{"loc":{"start":{"line":39,"column":8},"end":{"line":39,"column":70}},"type":"binary-expr","locations":[{"start":{"line":39,"column":8},"end":{"line":39,"column":45}},{"start":{"line":39,"column":49},"end":{"line":39,"column":70}}],"line":39},"7":{"loc":{"start":{"line":43,"column":4},"end":{"line":45,"column":5}},"type":"if","locations":[{"start":{"line":43,"column":4},"end":{"line":45,"column":5}},{"start":{},"end":{}}],"line":43},"8":{"loc":{"start":{"line":43,"column":8},"end":{"line":43,"column":64}},"type":"binary-expr","locations":[{"start":{"line":43,"column":8},"end":{"line":43,"column":49}},{"start":{"line":43,"column":53},"end":{"line":43,"column":64}}],"line":43},"9":{"loc":{"start":{"line":48,"column":26},"end":{"line":48,"column":76}},"type":"binary-expr","locations":[{"start":{"line":48,"column":26},"end":{"line":48,"column":44}},{"start":{"line":48,"column":48},"end":{"line":48,"column":70}},{"start":{"line":48,"column":74},"end":{"line":48,"column":76}}],"line":48},"10":{"loc":{"start":{"line":56,"column":4},"end":{"line":58,"column":5}},"type":"if","locations":[{"start":{"line":56,"column":4},"end":{"line":58,"column":5}},{"start":{},"end":{}}],"line":56},"11":{"loc":{"start":{"line":56,"column":8},"end":{"line":56,"column":31}},"type":"binary-expr","locations":[{"start":{"line":56,"column":8},"end":{"line":56,"column":14}},{"start":{"line":56,"column":18},"end":{"line":56,"column":31}}],"line":56},"12":{"loc":{"start":{"line":62,"column":4},"end":{"line":64,"column":5}},"type":"if","locations":[{"start":{"line":62,"column":4},"end":{"line":64,"column":5}},{"start":{},"end":{}}],"line":62},"13":{"loc":{"start":{"line":66,"column":4},"end":{"line":68,"column":5}},"type":"if","locations":[{"start":{"line":66,"column":4},"end":{"line":68,"column":5}},{"start":{},"end":{}}],"line":66},"14":{"loc":{"start":{"line":72,"column":4},"end":{"line":74,"column":5}},"type":"if","locations":[{"start":{"line":72,"column":4},"end":{"line":74,"column":5}},{"start":{},"end":{}}],"line":72}},"s":{"0":1,"1":1,"2":1,"3":1,"4":1,"5":1,"6":5,"7":5,"8":5,"9":1,"10":2,"11":1,"12":0,"13":1,"14":7,"15":1,"16":6,"17":1,"18":5,"19":5,"20":1,"21":4,"22":1,"23":3,"24":1,"25":2,"26":2,"27":2,"28":1,"29":0,"30":0,"31":0,"32":0,"33":0,"34":0,"35":0,"36":0,"37":0,"38":0,"39":0,"40":0,"41":0,"42":1},"f":{"0":5,"1":2,"2":0,"3":7,"4":0},"b":{"0":[1,1],"1":[1,6],"2":[1,5],"3":[1,4],"4":[5,5,5],"5":[1,3],"6":[4,2],"7":[1,2],"8":[3,1],"9":[2,0,0],"10":[0,0],"11":[0,0],"12":[0,0],"13":[0,0],"14":[0,0]},"_coverageSchema":"1a1c01bbd47fc00a2c39e90264f33305004495a9","hash":"469d9902ca0c6c2dbfacb6629edcf301a3876e06"}
}
