{"C:\\Users\\ricar\\Desktop\\50+10\\50-10\\backend\\src\\authMiddleware.js": {"path":"C:\\Users\\ricar\\Desktop\\50+10\\50-10\\backend\\src\\authMiddleware.js","statementMap":{"0":{"start":{"line":1,"column":12},"end":{"line":1,"column":35}},"1":{"start":{"line":2,"column":19},"end":{"line":2,"column":50}},"2":{"start":{"line":4,"column":19},"end":{"line":4,"column":79}},"3":{"start":{"line":6,"column":23},"end":{"line":22,"column":1}},"4":{"start":{"line":7,"column":26},"end":{"line":7,"column":51}},"5":{"start":{"line":9,"column":4},"end":{"line":11,"column":5}},"6":{"start":{"line":10,"column":8},"end":{"line":10,"column":94}},"7":{"start":{"line":13,"column":18},"end":{"line":13,"column":45}},"8":{"start":{"line":15,"column":4},"end":{"line":21,"column":5}},"9":{"start":{"line":16,"column":39},"end":{"line":16,"column":68}},"10":{"start":{"line":17,"column":8},"end":{"line":17,"column":48}},"11":{"start":{"line":18,"column":8},"end":{"line":18,"column":15}},"12":{"start":{"line":20,"column":8},"end":{"line":20,"column":111}},"13":{"start":{"line":27,"column":27},"end":{"line":39,"column":1}},"14":{"start":{"line":28,"column":4},"end":{"line":38,"column":6}},"15":{"start":{"line":29,"column":8},"end":{"line":31,"column":9}},"16":{"start":{"line":30,"column":12},"end":{"line":30,"column":70}},"17":{"start":{"line":33,"column":8},"end":{"line":35,"column":9}},"18":{"start":{"line":34,"column":12},"end":{"line":34,"column":94}},"19":{"start":{"line":37,"column":8},"end":{"line":37,"column":15}},"20":{"start":{"line":41,"column":0},"end":{"line":41,"column":56}}},"fnMap":{"0":{"name":"(anonymous_0)","decl":{"start":{"line":6,"column":23},"end":{"line":6,"column":24}},"loc":{"start":{"line":6,"column":43},"end":{"line":22,"column":1}},"line":6},"1":{"name":"(anonymous_1)","decl":{"start":{"line":27,"column":27},"end":{"line":27,"column":28}},"loc":{"start":{"line":27,"column":56},"end":{"line":39,"column":1}},"line":27},"2":{"name":"(anonymous_2)","decl":{"start":{"line":28,"column":11},"end":{"line":28,"column":12}},"loc":{"start":{"line":28,"column":31},"end":{"line":38,"column":5}},"line":28}},"branchMap":{"0":{"loc":{"start":{"line":4,"column":19},"end":{"line":4,"column":79}},"type":"binary-expr","locations":[{"start":{"line":4,"column":19},"end":{"line":4,"column":41}},{"start":{"line":4,"column":45},"end":{"line":4,"column":79}}],"line":4},"1":{"loc":{"start":{"line":9,"column":4},"end":{"line":11,"column":5}},"type":"if","locations":[{"start":{"line":9,"column":4},"end":{"line":11,"column":5}},{"start":{},"end":{}}],"line":9},"2":{"loc":{"start":{"line":9,"column":8},"end":{"line":9,"column":62}},"type":"binary-expr","locations":[{"start":{"line":9,"column":8},"end":{"line":9,"column":22}},{"start":{"line":9,"column":26},"end":{"line":9,"column":62}}],"line":9},"3":{"loc":{"start":{"line":29,"column":8},"end":{"line":31,"column":9}},"type":"if","locations":[{"start":{"line":29,"column":8},"end":{"line":31,"column":9}},{"start":{},"end":{}}],"line":29},"4":{"loc":{"start":{"line":33,"column":8},"end":{"line":35,"column":9}},"type":"if","locations":[{"start":{"line":33,"column":8},"end":{"line":35,"column":9}},{"start":{},"end":{}}],"line":33}},"s":{"0":1,"1":1,"2":1,"3":1,"4":5,"5":5,"6":2,"7":3,"8":3,"9":3,"10":1,"11":1,"12":2,"13":1,"14":0,"15":0,"16":0,"17":0,"18":0,"19":0,"20":1},"f":{"0":5,"1":0,"2":0},"b":{"0":[1,1],"1":[2,3],"2":[5,4],"3":[0,0],"4":[0,0]},"_coverageSchema":"1a1c01bbd47fc00a2c39e90264f33305004495a9","hash":"63bea517495d8fdde7a3a3c93577b749ef9328d5"}
,"C:\\Users\\ricar\\Desktop\\50+10\\50-10\\backend\\src\\config\\permissions.js": {"path":"C:\\Users\\ricar\\Desktop\\50+10\\50-10\\backend\\src\\config\\permissions.js","statementMap":{"0":{"start":{"line":1,"column":0},"end":{"line":1,"column":61}}},"fnMap":{},"branchMap":{},"s":{"0":5},"f":{},"b":{},"_coverageSchema":"1a1c01bbd47fc00a2c39e90264f33305004495a9","hash":"a2873586a8c6558e1797a0a0c6ae86faf4819e07"}
,"C:\\Users\\ricar\\Desktop\\50+10\\50-10\\backend\\src\\controllers\\bookingController.js": {"path":"C:\\Users\\ricar\\Desktop\\50+10\\50-10\\backend\\src\\controllers\\bookingController.js","statementMap":{"0":{"start":{"line":1,"column":23},"end":{"line":1,"column":60}},"1":{"start":{"line":3,"column":22},"end":{"line":14,"column":1}},"2":{"start":{"line":4,"column":4},"end":{"line":13,"column":5}},"3":{"start":{"line":5,"column":36},"end":{"line":5,"column":44}},"4":{"start":{"line":6,"column":26},"end":{"line":6,"column":77}},"5":{"start":{"line":7,"column":8},"end":{"line":7,"column":40}},"6":{"start":{"line":9,"column":8},"end":{"line":9,"column":28}},"7":{"start":{"line":10,"column":8},"end":{"line":12,"column":11}},"8":{"start":{"line":16,"column":33},"end":{"line":28,"column":1}},"9":{"start":{"line":17,"column":4},"end":{"line":27,"column":5}},"10":{"start":{"line":18,"column":36},"end":{"line":18,"column":44}},"11":{"start":{"line":19,"column":30},"end":{"line":19,"column":81}},"12":{"start":{"line":20,"column":26},"end":{"line":20,"column":107}},"13":{"start":{"line":21,"column":8},"end":{"line":21,"column":40}},"14":{"start":{"line":23,"column":8},"end":{"line":23,"column":28}},"15":{"start":{"line":24,"column":8},"end":{"line":26,"column":11}},"16":{"start":{"line":30,"column":25},"end":{"line":44,"column":1}},"17":{"start":{"line":31,"column":4},"end":{"line":43,"column":5}},"18":{"start":{"line":32,"column":27},"end":{"line":32,"column":65}},"19":{"start":{"line":33,"column":27},"end":{"line":33,"column":35}},"20":{"start":{"line":34,"column":24},"end":{"line":34,"column":75}},"21":{"start":{"line":36,"column":26},"end":{"line":36,"column":92}},"22":{"start":{"line":37,"column":8},"end":{"line":37,"column":99}},"23":{"start":{"line":39,"column":8},"end":{"line":39,"column":28}},"24":{"start":{"line":40,"column":8},"end":{"line":42,"column":11}},"25":{"start":{"line":46,"column":36},"end":{"line":60,"column":1}},"26":{"start":{"line":47,"column":4},"end":{"line":59,"column":5}},"27":{"start":{"line":48,"column":27},"end":{"line":48,"column":65}},"28":{"start":{"line":49,"column":27},"end":{"line":49,"column":35}},"29":{"start":{"line":50,"column":30},"end":{"line":50,"column":81}},"30":{"start":{"line":52,"column":26},"end":{"line":52,"column":113}},"31":{"start":{"line":53,"column":8},"end":{"line":53,"column":99}},"32":{"start":{"line":55,"column":8},"end":{"line":55,"column":28}},"33":{"start":{"line":56,"column":8},"end":{"line":58,"column":11}},"34":{"start":{"line":62,"column":21},"end":{"line":70,"column":1}},"35":{"start":{"line":63,"column":4},"end":{"line":69,"column":5}},"36":{"start":{"line":64,"column":26},"end":{"line":64,"column":64}},"37":{"start":{"line":65,"column":8},"end":{"line":65,"column":28}},"38":{"start":{"line":67,"column":8},"end":{"line":67,"column":28}},"39":{"start":{"line":68,"column":8},"end":{"line":68,"column":70}},"40":{"start":{"line":72,"column":28},"end":{"line":83,"column":1}},"41":{"start":{"line":73,"column":4},"end":{"line":82,"column":5}},"42":{"start":{"line":74,"column":24},"end":{"line":74,"column":99}},"43":{"start":{"line":75,"column":26},"end":{"line":75,"column":78}},"44":{"start":{"line":76,"column":8},"end":{"line":76,"column":28}},"45":{"start":{"line":78,"column":8},"end":{"line":78,"column":28}},"46":{"start":{"line":79,"column":8},"end":{"line":81,"column":11}},"47":{"start":{"line":85,"column":31},"end":{"line":96,"column":1}},"48":{"start":{"line":86,"column":4},"end":{"line":95,"column":5}},"49":{"start":{"line":87,"column":30},"end":{"line":87,"column":81}},"50":{"start":{"line":88,"column":23},"end":{"line":88,"column":84}},"51":{"start":{"line":89,"column":8},"end":{"line":89,"column":25}},"52":{"start":{"line":91,"column":8},"end":{"line":91,"column":28}},"53":{"start":{"line":92,"column":8},"end":{"line":94,"column":11}},"54":{"start":{"line":98,"column":34},"end":{"line":110,"column":1}},"55":{"start":{"line":99,"column":4},"end":{"line":109,"column":5}},"56":{"start":{"line":100,"column":30},"end":{"line":100,"column":81}},"57":{"start":{"line":101,"column":24},"end":{"line":101,"column":41}},"58":{"start":{"line":102,"column":26},"end":{"line":102,"column":99}},"59":{"start":{"line":103,"column":8},"end":{"line":103,"column":28}},"60":{"start":{"line":105,"column":8},"end":{"line":105,"column":28}},"61":{"start":{"line":106,"column":8},"end":{"line":108,"column":11}},"62":{"start":{"line":112,"column":0},"end":{"line":121,"column":2}}},"fnMap":{"0":{"name":"(anonymous_0)","decl":{"start":{"line":3,"column":22},"end":{"line":3,"column":23}},"loc":{"start":{"line":3,"column":42},"end":{"line":14,"column":1}},"line":3},"1":{"name":"(anonymous_1)","decl":{"start":{"line":16,"column":33},"end":{"line":16,"column":34}},"loc":{"start":{"line":16,"column":53},"end":{"line":28,"column":1}},"line":16},"2":{"name":"(anonymous_2)","decl":{"start":{"line":30,"column":25},"end":{"line":30,"column":26}},"loc":{"start":{"line":30,"column":45},"end":{"line":44,"column":1}},"line":30},"3":{"name":"(anonymous_3)","decl":{"start":{"line":46,"column":36},"end":{"line":46,"column":37}},"loc":{"start":{"line":46,"column":56},"end":{"line":60,"column":1}},"line":46},"4":{"name":"(anonymous_4)","decl":{"start":{"line":62,"column":21},"end":{"line":62,"column":22}},"loc":{"start":{"line":62,"column":41},"end":{"line":70,"column":1}},"line":62},"5":{"name":"(anonymous_5)","decl":{"start":{"line":72,"column":28},"end":{"line":72,"column":29}},"loc":{"start":{"line":72,"column":48},"end":{"line":83,"column":1}},"line":72},"6":{"name":"(anonymous_6)","decl":{"start":{"line":85,"column":31},"end":{"line":85,"column":32}},"loc":{"start":{"line":85,"column":51},"end":{"line":96,"column":1}},"line":85},"7":{"name":"(anonymous_7)","decl":{"start":{"line":98,"column":34},"end":{"line":98,"column":35}},"loc":{"start":{"line":98,"column":54},"end":{"line":110,"column":1}},"line":98}},"branchMap":{"0":{"loc":{"start":{"line":10,"column":19},"end":{"line":10,"column":41}},"type":"binary-expr","locations":[{"start":{"line":10,"column":19},"end":{"line":10,"column":34}},{"start":{"line":10,"column":38},"end":{"line":10,"column":41}}],"line":10},"1":{"loc":{"start":{"line":11,"column":18},"end":{"line":11,"column":65}},"type":"binary-expr","locations":[{"start":{"line":11,"column":18},"end":{"line":11,"column":30}},{"start":{"line":11,"column":34},"end":{"line":11,"column":65}}],"line":11},"2":{"loc":{"start":{"line":19,"column":30},"end":{"line":19,"column":81}},"type":"cond-expr","locations":[{"start":{"line":19,"column":47},"end":{"line":19,"column":74}},{"start":{"line":19,"column":77},"end":{"line":19,"column":81}}],"line":19},"3":{"loc":{"start":{"line":24,"column":19},"end":{"line":24,"column":41}},"type":"binary-expr","locations":[{"start":{"line":24,"column":19},"end":{"line":24,"column":34}},{"start":{"line":24,"column":38},"end":{"line":24,"column":41}}],"line":24},"4":{"loc":{"start":{"line":25,"column":18},"end":{"line":25,"column":65}},"type":"binary-expr","locations":[{"start":{"line":25,"column":18},"end":{"line":25,"column":30}},{"start":{"line":25,"column":34},"end":{"line":25,"column":65}}],"line":25},"5":{"loc":{"start":{"line":32,"column":27},"end":{"line":32,"column":65}},"type":"binary-expr","locations":[{"start":{"line":32,"column":27},"end":{"line":32,"column":48}},{"start":{"line":32,"column":52},"end":{"line":32,"column":65}}],"line":32},"6":{"loc":{"start":{"line":34,"column":24},"end":{"line":34,"column":75}},"type":"cond-expr","locations":[{"start":{"line":34,"column":41},"end":{"line":34,"column":68}},{"start":{"line":34,"column":71},"end":{"line":34,"column":75}}],"line":34},"7":{"loc":{"start":{"line":40,"column":19},"end":{"line":40,"column":41}},"type":"binary-expr","locations":[{"start":{"line":40,"column":19},"end":{"line":40,"column":34}},{"start":{"line":40,"column":38},"end":{"line":40,"column":41}}],"line":40},"8":{"loc":{"start":{"line":41,"column":18},"end":{"line":41,"column":64}},"type":"binary-expr","locations":[{"start":{"line":41,"column":18},"end":{"line":41,"column":30}},{"start":{"line":41,"column":34},"end":{"line":41,"column":64}}],"line":41},"9":{"loc":{"start":{"line":48,"column":27},"end":{"line":48,"column":65}},"type":"binary-expr","locations":[{"start":{"line":48,"column":27},"end":{"line":48,"column":48}},{"start":{"line":48,"column":52},"end":{"line":48,"column":65}}],"line":48},"10":{"loc":{"start":{"line":50,"column":30},"end":{"line":50,"column":81}},"type":"cond-expr","locations":[{"start":{"line":50,"column":47},"end":{"line":50,"column":74}},{"start":{"line":50,"column":77},"end":{"line":50,"column":81}}],"line":50},"11":{"loc":{"start":{"line":56,"column":19},"end":{"line":56,"column":41}},"type":"binary-expr","locations":[{"start":{"line":56,"column":19},"end":{"line":56,"column":34}},{"start":{"line":56,"column":38},"end":{"line":56,"column":41}}],"line":56},"12":{"loc":{"start":{"line":57,"column":18},"end":{"line":57,"column":64}},"type":"binary-expr","locations":[{"start":{"line":57,"column":18},"end":{"line":57,"column":30}},{"start":{"line":57,"column":34},"end":{"line":57,"column":64}}],"line":57},"13":{"loc":{"start":{"line":74,"column":24},"end":{"line":74,"column":99}},"type":"binary-expr","locations":[{"start":{"line":74,"column":24},"end":{"line":74,"column":42}},{"start":{"line":74,"column":47},"end":{"line":74,"column":98}}],"line":74},"14":{"loc":{"start":{"line":74,"column":47},"end":{"line":74,"column":98}},"type":"cond-expr","locations":[{"start":{"line":74,"column":64},"end":{"line":74,"column":91}},{"start":{"line":74,"column":94},"end":{"line":74,"column":98}}],"line":74},"15":{"loc":{"start":{"line":79,"column":19},"end":{"line":79,"column":41}},"type":"binary-expr","locations":[{"start":{"line":79,"column":19},"end":{"line":79,"column":34}},{"start":{"line":79,"column":38},"end":{"line":79,"column":41}}],"line":79},"16":{"loc":{"start":{"line":80,"column":18},"end":{"line":80,"column":72}},"type":"binary-expr","locations":[{"start":{"line":80,"column":18},"end":{"line":80,"column":30}},{"start":{"line":80,"column":34},"end":{"line":80,"column":72}}],"line":80},"17":{"loc":{"start":{"line":87,"column":30},"end":{"line":87,"column":81}},"type":"cond-expr","locations":[{"start":{"line":87,"column":47},"end":{"line":87,"column":74}},{"start":{"line":87,"column":77},"end":{"line":87,"column":81}}],"line":87},"18":{"loc":{"start":{"line":92,"column":19},"end":{"line":92,"column":41}},"type":"binary-expr","locations":[{"start":{"line":92,"column":19},"end":{"line":92,"column":34}},{"start":{"line":92,"column":38},"end":{"line":92,"column":41}}],"line":92},"19":{"loc":{"start":{"line":93,"column":18},"end":{"line":93,"column":78}},"type":"binary-expr","locations":[{"start":{"line":93,"column":18},"end":{"line":93,"column":30}},{"start":{"line":93,"column":34},"end":{"line":93,"column":78}}],"line":93},"20":{"loc":{"start":{"line":100,"column":30},"end":{"line":100,"column":81}},"type":"cond-expr","locations":[{"start":{"line":100,"column":47},"end":{"line":100,"column":74}},{"start":{"line":100,"column":77},"end":{"line":100,"column":81}}],"line":100},"21":{"loc":{"start":{"line":106,"column":19},"end":{"line":106,"column":41}},"type":"binary-expr","locations":[{"start":{"line":106,"column":19},"end":{"line":106,"column":34}},{"start":{"line":106,"column":38},"end":{"line":106,"column":41}}],"line":106},"22":{"loc":{"start":{"line":107,"column":18},"end":{"line":107,"column":78}},"type":"binary-expr","locations":[{"start":{"line":107,"column":18},"end":{"line":107,"column":30}},{"start":{"line":107,"column":34},"end":{"line":107,"column":78}}],"line":107}},"s":{"0":1,"1":1,"2":2,"3":2,"4":2,"5":1,"6":1,"7":1,"8":1,"9":0,"10":0,"11":0,"12":0,"13":0,"14":0,"15":0,"16":1,"17":2,"18":2,"19":2,"20":2,"21":2,"22":1,"23":1,"24":1,"25":1,"26":0,"27":0,"28":0,"29":0,"30":0,"31":0,"32":0,"33":0,"34":1,"35":0,"36":0,"37":0,"38":0,"39":0,"40":1,"41":0,"42":0,"43":0,"44":0,"45":0,"46":0,"47":1,"48":0,"49":0,"50":0,"51":0,"52":0,"53":0,"54":1,"55":0,"56":0,"57":0,"58":0,"59":0,"60":0,"61":0,"62":1},"f":{"0":2,"1":0,"2":2,"3":0,"4":0,"5":0,"6":0,"7":0},"b":{"0":[1,0],"1":[1,0],"2":[0,0],"3":[0,0],"4":[0,0],"5":[2,0],"6":[2,0],"7":[1,0],"8":[1,0],"9":[0,0],"10":[0,0],"11":[0,0],"12":[0,0],"13":[0,0],"14":[0,0],"15":[0,0],"16":[0,0],"17":[0,0],"18":[0,0],"19":[0,0],"20":[0,0],"21":[0,0],"22":[0,0]},"_coverageSchema":"1a1c01bbd47fc00a2c39e90264f33305004495a9","hash":"02c65f88e8c038d807c1828c2fadf40327d39194"}
,"C:\\Users\\ricar\\Desktop\\50+10\\50-10\\backend\\src\\repositories\\availabilityRepository.js": {"path":"C:\\Users\\ricar\\Desktop\\50+10\\50-10\\backend\\src\\repositories\\availabilityRepository.js","statementMap":{"0":{"start":{"line":1,"column":25},"end":{"line":1,"column":50}},"1":{"start":{"line":3,"column":15},"end":{"line":3,"column":33}},"2":{"start":{"line":5,"column":26},"end":{"line":9,"column":1}},"3":{"start":{"line":6,"column":4},"end":{"line":8,"column":7}},"4":{"start":{"line":11,"column":24},"end":{"line":35,"column":1}},"5":{"start":{"line":12,"column":18},"end":{"line":14,"column":5}},"6":{"start":{"line":16,"column":4},"end":{"line":26,"column":5}},"7":{"start":{"line":17,"column":8},"end":{"line":17,"column":24}},"8":{"start":{"line":19,"column":8},"end":{"line":21,"column":9}},"9":{"start":{"line":20,"column":12},"end":{"line":20,"column":50}},"10":{"start":{"line":23,"column":8},"end":{"line":25,"column":9}},"11":{"start":{"line":24,"column":12},"end":{"line":24,"column":48}},"12":{"start":{"line":28,"column":4},"end":{"line":34,"column":7}},"13":{"start":{"line":37,"column":16},"end":{"line":59,"column":1}},"14":{"start":{"line":38,"column":18},"end":{"line":38,"column":20}},"15":{"start":{"line":40,"column":4},"end":{"line":50,"column":5}},"16":{"start":{"line":41,"column":8},"end":{"line":41,"column":24}},"17":{"start":{"line":43,"column":8},"end":{"line":45,"column":9}},"18":{"start":{"line":44,"column":12},"end":{"line":44,"column":50}},"19":{"start":{"line":47,"column":8},"end":{"line":49,"column":9}},"20":{"start":{"line":48,"column":12},"end":{"line":48,"column":48}},"21":{"start":{"line":52,"column":4},"end":{"line":58,"column":7}},"22":{"start":{"line":61,"column":27},"end":{"line":79,"column":1}},"23":{"start":{"line":62,"column":18},"end":{"line":64,"column":5}},"24":{"start":{"line":66,"column":4},"end":{"line":71,"column":5}},"25":{"start":{"line":67,"column":8},"end":{"line":69,"column":10}},"26":{"start":{"line":68,"column":42},"end":{"line":68,"column":56}},"27":{"start":{"line":70,"column":8},"end":{"line":70,"column":21}},"28":{"start":{"line":73,"column":4},"end":{"line":76,"column":6}},"29":{"start":{"line":78,"column":4},"end":{"line":78,"column":17}},"30":{"start":{"line":81,"column":34},"end":{"line":108,"column":1}},"31":{"start":{"line":82,"column":18},"end":{"line":82,"column":56}},"32":{"start":{"line":84,"column":4},"end":{"line":107,"column":7}},"33":{"start":{"line":85,"column":8},"end":{"line":87,"column":11}},"34":{"start":{"line":89,"column":8},"end":{"line":98,"column":9}},"35":{"start":{"line":90,"column":12},"end":{"line":97,"column":15}},"36":{"start":{"line":91,"column":54},"end":{"line":96,"column":17}},"37":{"start":{"line":100,"column":8},"end":{"line":106,"column":11}},"38":{"start":{"line":110,"column":0},"end":{"line":115,"column":2}}},"fnMap":{"0":{"name":"(anonymous_0)","decl":{"start":{"line":5,"column":26},"end":{"line":5,"column":27}},"loc":{"start":{"line":5,"column":49},"end":{"line":9,"column":1}},"line":5},"1":{"name":"(anonymous_1)","decl":{"start":{"line":11,"column":24},"end":{"line":11,"column":25}},"loc":{"start":{"line":11,"column":59},"end":{"line":35,"column":1}},"line":11},"2":{"name":"(anonymous_2)","decl":{"start":{"line":37,"column":16},"end":{"line":37,"column":17}},"loc":{"start":{"line":37,"column":38},"end":{"line":59,"column":1}},"line":37},"3":{"name":"(anonymous_3)","decl":{"start":{"line":61,"column":27},"end":{"line":61,"column":28}},"loc":{"start":{"line":61,"column":51},"end":{"line":79,"column":1}},"line":61},"4":{"name":"(anonymous_4)","decl":{"start":{"line":68,"column":32},"end":{"line":68,"column":33}},"loc":{"start":{"line":68,"column":42},"end":{"line":68,"column":56}},"line":68},"5":{"name":"(anonymous_5)","decl":{"start":{"line":81,"column":34},"end":{"line":81,"column":35}},"loc":{"start":{"line":81,"column":86},"end":{"line":108,"column":1}},"line":81},"6":{"name":"(anonymous_6)","decl":{"start":{"line":84,"column":37},"end":{"line":84,"column":38}},"loc":{"start":{"line":84,"column":51},"end":{"line":107,"column":5}},"line":84},"7":{"name":"(anonymous_7)","decl":{"start":{"line":91,"column":43},"end":{"line":91,"column":44}},"loc":{"start":{"line":91,"column":54},"end":{"line":96,"column":17}},"line":91}},"branchMap":{"0":{"loc":{"start":{"line":11,"column":44},"end":{"line":11,"column":54}},"type":"default-arg","locations":[{"start":{"line":11,"column":52},"end":{"line":11,"column":54}}],"line":11},"1":{"loc":{"start":{"line":16,"column":4},"end":{"line":26,"column":5}},"type":"if","locations":[{"start":{"line":16,"column":4},"end":{"line":26,"column":5}},{"start":{},"end":{}}],"line":16},"2":{"loc":{"start":{"line":16,"column":8},"end":{"line":16,"column":30}},"type":"binary-expr","locations":[{"start":{"line":16,"column":8},"end":{"line":16,"column":18}},{"start":{"line":16,"column":22},"end":{"line":16,"column":30}}],"line":16},"3":{"loc":{"start":{"line":19,"column":8},"end":{"line":21,"column":9}},"type":"if","locations":[{"start":{"line":19,"column":8},"end":{"line":21,"column":9}},{"start":{},"end":{}}],"line":19},"4":{"loc":{"start":{"line":23,"column":8},"end":{"line":25,"column":9}},"type":"if","locations":[{"start":{"line":23,"column":8},"end":{"line":25,"column":9}},{"start":{},"end":{}}],"line":23},"5":{"loc":{"start":{"line":37,"column":23},"end":{"line":37,"column":33}},"type":"default-arg","locations":[{"start":{"line":37,"column":31},"end":{"line":37,"column":33}}],"line":37},"6":{"loc":{"start":{"line":40,"column":4},"end":{"line":50,"column":5}},"type":"if","locations":[{"start":{"line":40,"column":4},"end":{"line":50,"column":5}},{"start":{},"end":{}}],"line":40},"7":{"loc":{"start":{"line":40,"column":8},"end":{"line":40,"column":30}},"type":"binary-expr","locations":[{"start":{"line":40,"column":8},"end":{"line":40,"column":18}},{"start":{"line":40,"column":22},"end":{"line":40,"column":30}}],"line":40},"8":{"loc":{"start":{"line":43,"column":8},"end":{"line":45,"column":9}},"type":"if","locations":[{"start":{"line":43,"column":8},"end":{"line":45,"column":9}},{"start":{},"end":{}}],"line":43},"9":{"loc":{"start":{"line":47,"column":8},"end":{"line":49,"column":9}},"type":"if","locations":[{"start":{"line":47,"column":8},"end":{"line":49,"column":9}},{"start":{},"end":{}}],"line":47},"10":{"loc":{"start":{"line":66,"column":4},"end":{"line":71,"column":5}},"type":"if","locations":[{"start":{"line":66,"column":4},"end":{"line":71,"column":5}},{"start":{},"end":{}}],"line":66},"11":{"loc":{"start":{"line":89,"column":8},"end":{"line":98,"column":9}},"type":"if","locations":[{"start":{"line":89,"column":8},"end":{"line":98,"column":9}},{"start":{},"end":{}}],"line":89}},"s":{"0":1,"1":1,"2":1,"3":0,"4":1,"5":0,"6":0,"7":0,"8":0,"9":0,"10":0,"11":0,"12":0,"13":1,"14":0,"15":0,"16":0,"17":0,"18":0,"19":0,"20":0,"21":0,"22":1,"23":0,"24":0,"25":0,"26":0,"27":0,"28":0,"29":0,"30":1,"31":0,"32":0,"33":0,"34":0,"35":0,"36":0,"37":0,"38":1},"f":{"0":0,"1":0,"2":0,"3":0,"4":0,"5":0,"6":0,"7":0},"b":{"0":[0],"1":[0,0],"2":[0,0],"3":[0,0],"4":[0,0],"5":[0],"6":[0,0],"7":[0,0],"8":[0,0],"9":[0,0],"10":[0,0],"11":[0,0]},"_coverageSchema":"1a1c01bbd47fc00a2c39e90264f33305004495a9","hash":"515324a57b12c13070fdb4881c111fac73d6f411"}
,"C:\\Users\\ricar\\Desktop\\50+10\\50-10\\backend\\src\\repositories\\bookingRepository.js": {"path":"C:\\Users\\ricar\\Desktop\\50+10\\50-10\\backend\\src\\repositories\\bookingRepository.js","statementMap":{"0":{"start":{"line":1,"column":25},"end":{"line":1,"column":50}},"1":{"start":{"line":2,"column":15},"end":{"line":2,"column":33}},"2":{"start":{"line":4,"column":15},"end":{"line":13,"column":1}},"3":{"start":{"line":5,"column":4},"end":{"line":12,"column":7}},"4":{"start":{"line":15,"column":26},"end":{"line":123,"column":1}},"5":{"start":{"line":17,"column":8},"end":{"line":19,"column":11}},"6":{"start":{"line":23,"column":8},"end":{"line":25,"column":11}},"7":{"start":{"line":29,"column":8},"end":{"line":32,"column":11}},"8":{"start":{"line":36,"column":8},"end":{"line":42,"column":11}},"9":{"start":{"line":46,"column":8},"end":{"line":48,"column":11}},"10":{"start":{"line":52,"column":8},"end":{"line":57,"column":11}},"11":{"start":{"line":61,"column":8},"end":{"line":73,"column":11}},"12":{"start":{"line":77,"column":8},"end":{"line":86,"column":11}},"13":{"start":{"line":92,"column":8},"end":{"line":100,"column":11}},"14":{"start":{"line":104,"column":8},"end":{"line":111,"column":11}},"15":{"start":{"line":115,"column":8},"end":{"line":121,"column":11}},"16":{"start":{"line":125,"column":0},"end":{"line":125,"column":35}}},"fnMap":{"0":{"name":"(anonymous_0)","decl":{"start":{"line":4,"column":15},"end":{"line":4,"column":16}},"loc":{"start":{"line":4,"column":42},"end":{"line":13,"column":1}},"line":4},"1":{"name":"(anonymous_1)","decl":{"start":{"line":16,"column":13},"end":{"line":16,"column":14}},"loc":{"start":{"line":16,"column":25},"end":{"line":20,"column":5}},"line":16},"2":{"name":"(anonymous_2)","decl":{"start":{"line":22,"column":19},"end":{"line":22,"column":20}},"loc":{"start":{"line":22,"column":43},"end":{"line":26,"column":5}},"line":22},"3":{"name":"(anonymous_3)","decl":{"start":{"line":28,"column":27},"end":{"line":28,"column":28}},"loc":{"start":{"line":28,"column":45},"end":{"line":33,"column":5}},"line":28},"4":{"name":"(anonymous_4)","decl":{"start":{"line":35,"column":18},"end":{"line":35,"column":19}},"loc":{"start":{"line":35,"column":45},"end":{"line":43,"column":5}},"line":35},"5":{"name":"(anonymous_5)","decl":{"start":{"line":45,"column":14},"end":{"line":45,"column":15}},"loc":{"start":{"line":45,"column":36},"end":{"line":49,"column":5}},"line":45},"6":{"name":"(anonymous_6)","decl":{"start":{"line":51,"column":21},"end":{"line":51,"column":22}},"loc":{"start":{"line":51,"column":43},"end":{"line":58,"column":5}},"line":51},"7":{"name":"(anonymous_7)","decl":{"start":{"line":60,"column":17},"end":{"line":60,"column":18}},"loc":{"start":{"line":60,"column":36},"end":{"line":74,"column":5}},"line":60},"8":{"name":"(anonymous_8)","decl":{"start":{"line":76,"column":28},"end":{"line":76,"column":29}},"loc":{"start":{"line":76,"column":53},"end":{"line":87,"column":5}},"line":76},"9":{"name":"(anonymous_9)","decl":{"start":{"line":91,"column":14},"end":{"line":91,"column":15}},"loc":{"start":{"line":91,"column":52},"end":{"line":101,"column":5}},"line":91},"10":{"name":"(anonymous_10)","decl":{"start":{"line":103,"column":20},"end":{"line":103,"column":21}},"loc":{"start":{"line":103,"column":65},"end":{"line":112,"column":5}},"line":103},"11":{"name":"(anonymous_11)","decl":{"start":{"line":114,"column":32},"end":{"line":114,"column":33}},"loc":{"start":{"line":114,"column":72},"end":{"line":122,"column":5}},"line":114}},"branchMap":{"0":{"loc":{"start":{"line":96,"column":36},"end":{"line":98,"column":64}},"type":"cond-expr","locations":[{"start":{"line":97,"column":22},"end":{"line":97,"column":41}},{"start":{"line":98,"column":23},"end":{"line":98,"column":63}}],"line":96},"1":{"loc":{"start":{"line":98,"column":23},"end":{"line":98,"column":63}},"type":"binary-expr","locations":[{"start":{"line":98,"column":23},"end":{"line":98,"column":37}},{"start":{"line":98,"column":41},"end":{"line":98,"column":63}}],"line":98},"2":{"loc":{"start":{"line":114,"column":51},"end":{"line":114,"column":67}},"type":"default-arg","locations":[{"start":{"line":114,"column":62},"end":{"line":114,"column":67}}],"line":114},"3":{"loc":{"start":{"line":119,"column":36},"end":{"line":119,"column":73}},"type":"cond-expr","locations":[{"start":{"line":119,"column":47},"end":{"line":119,"column":51}},{"start":{"line":119,"column":54},"end":{"line":119,"column":73}}],"line":119}},"s":{"0":2,"1":2,"2":2,"3":0,"4":2,"5":0,"6":0,"7":0,"8":0,"9":0,"10":0,"11":0,"12":0,"13":0,"14":0,"15":0,"16":2},"f":{"0":0,"1":0,"2":0,"3":0,"4":0,"5":0,"6":0,"7":0,"8":0,"9":0,"10":0,"11":0},"b":{"0":[0,0],"1":[0,0],"2":[0],"3":[0,0]},"_coverageSchema":"1a1c01bbd47fc00a2c39e90264f33305004495a9","hash":"fe491b626fc3e6b271a500c6a480c9305740469b"}
,"C:\\Users\\ricar\\Desktop\\50+10\\50-10\\backend\\src\\repositories\\classRepository.js": {"path":"C:\\Users\\ricar\\Desktop\\50+10\\50-10\\backend\\src\\repositories\\classRepository.js","statementMap":{"0":{"start":{"line":1,"column":25},"end":{"line":1,"column":50}},"1":{"start":{"line":2,"column":15},"end":{"line":2,"column":33}},"2":{"start":{"line":4,"column":28},"end":{"line":28,"column":1}},"3":{"start":{"line":5,"column":4},"end":{"line":27,"column":7}},"4":{"start":{"line":30,"column":29},"end":{"line":35,"column":1}},"5":{"start":{"line":31,"column":4},"end":{"line":34,"column":7}},"6":{"start":{"line":37,"column":24},"end":{"line":165,"column":1}},"7":{"start":{"line":42,"column":8},"end":{"line":47,"column":11}},"8":{"start":{"line":51,"column":8},"end":{"line":59,"column":11}},"9":{"start":{"line":63,"column":8},"end":{"line":78,"column":11}},"10":{"start":{"line":82,"column":47},"end":{"line":82,"column":81}},"11":{"start":{"line":85,"column":8},"end":{"line":88,"column":11}},"12":{"start":{"line":92,"column":8},"end":{"line":116,"column":11}},"13":{"start":{"line":120,"column":8},"end":{"line":132,"column":11}},"14":{"start":{"line":137,"column":8},"end":{"line":142,"column":11}},"15":{"start":{"line":146,"column":8},"end":{"line":151,"column":11}},"16":{"start":{"line":155,"column":8},"end":{"line":157,"column":11}},"17":{"start":{"line":161,"column":8},"end":{"line":163,"column":11}},"18":{"start":{"line":167,"column":0},"end":{"line":167,"column":33}}},"fnMap":{"0":{"name":"(anonymous_0)","decl":{"start":{"line":4,"column":28},"end":{"line":4,"column":29}},"loc":{"start":{"line":4,"column":40},"end":{"line":28,"column":1}},"line":4},"1":{"name":"(anonymous_1)","decl":{"start":{"line":30,"column":29},"end":{"line":30,"column":30}},"loc":{"start":{"line":30,"column":66},"end":{"line":35,"column":1}},"line":30},"2":{"name":"(anonymous_2)","decl":{"start":{"line":41,"column":21},"end":{"line":41,"column":22}},"loc":{"start":{"line":41,"column":48},"end":{"line":48,"column":5}},"line":41},"3":{"name":"(anonymous_3)","decl":{"start":{"line":50,"column":37},"end":{"line":50,"column":38}},"loc":{"start":{"line":50,"column":66},"end":{"line":60,"column":5}},"line":50},"4":{"name":"(anonymous_4)","decl":{"start":{"line":62,"column":12},"end":{"line":62,"column":13}},"loc":{"start":{"line":62,"column":29},"end":{"line":79,"column":5}},"line":62},"5":{"name":"(anonymous_5)","decl":{"start":{"line":82,"column":35},"end":{"line":82,"column":36}},"loc":{"start":{"line":82,"column":47},"end":{"line":82,"column":81}},"line":82},"6":{"name":"(anonymous_6)","decl":{"start":{"line":84,"column":31},"end":{"line":84,"column":32}},"loc":{"start":{"line":84,"column":49},"end":{"line":89,"column":5}},"line":84},"7":{"name":"(anonymous_7)","decl":{"start":{"line":91,"column":18},"end":{"line":91,"column":19}},"loc":{"start":{"line":91,"column":36},"end":{"line":117,"column":5}},"line":91},"8":{"name":"(anonymous_8)","decl":{"start":{"line":119,"column":23},"end":{"line":119,"column":24}},"loc":{"start":{"line":119,"column":41},"end":{"line":133,"column":5}},"line":119},"9":{"name":"(anonymous_9)","decl":{"start":{"line":136,"column":23},"end":{"line":136,"column":24}},"loc":{"start":{"line":136,"column":46},"end":{"line":143,"column":5}},"line":136},"10":{"name":"(anonymous_10)","decl":{"start":{"line":145,"column":21},"end":{"line":145,"column":22}},"loc":{"start":{"line":145,"column":42},"end":{"line":152,"column":5}},"line":145},"11":{"name":"(anonymous_11)","decl":{"start":{"line":154,"column":20},"end":{"line":154,"column":21}},"loc":{"start":{"line":154,"column":45},"end":{"line":158,"column":5}},"line":154},"12":{"name":"(anonymous_12)","decl":{"start":{"line":160,"column":14},"end":{"line":160,"column":15}},"loc":{"start":{"line":160,"column":32},"end":{"line":164,"column":5}},"line":160}},"branchMap":{"0":{"loc":{"start":{"line":30,"column":44},"end":{"line":30,"column":61}},"type":"default-arg","locations":[{"start":{"line":30,"column":57},"end":{"line":30,"column":61}}],"line":30},"1":{"loc":{"start":{"line":73,"column":26},"end":{"line":73,"column":53}},"type":"binary-expr","locations":[{"start":{"line":73,"column":26},"end":{"line":73,"column":40}},{"start":{"line":73,"column":44},"end":{"line":73,"column":53}}],"line":73}},"s":{"0":3,"1":3,"2":3,"3":0,"4":3,"5":0,"6":3,"7":0,"8":0,"9":0,"10":0,"11":0,"12":0,"13":0,"14":0,"15":0,"16":0,"17":0,"18":3},"f":{"0":0,"1":0,"2":0,"3":0,"4":0,"5":0,"6":0,"7":0,"8":0,"9":0,"10":0,"11":0,"12":0},"b":{"0":[0],"1":[0,0]},"_coverageSchema":"1a1c01bbd47fc00a2c39e90264f33305004495a9","hash":"088e82574b87462ae57cdee5d7e23ca30ac4564a"}
,"C:\\Users\\ricar\\Desktop\\50+10\\50-10\\backend\\src\\repositories\\inventoryRepository.js": {"path":"C:\\Users\\ricar\\Desktop\\50+10\\50-10\\backend\\src\\repositories\\inventoryRepository.js","statementMap":{"0":{"start":{"line":1,"column":25},"end":{"line":1,"column":50}},"1":{"start":{"line":2,"column":15},"end":{"line":2,"column":33}},"2":{"start":{"line":4,"column":27},"end":{"line":20,"column":1}},"3":{"start":{"line":5,"column":4},"end":{"line":5,"column":47}},"4":{"start":{"line":5,"column":35},"end":{"line":5,"column":47}},"5":{"start":{"line":7,"column":23},"end":{"line":7,"column":55}},"6":{"start":{"line":8,"column":4},"end":{"line":8,"column":33}},"7":{"start":{"line":8,"column":21},"end":{"line":8,"column":33}},"8":{"start":{"line":10,"column":4},"end":{"line":12,"column":5}},"9":{"start":{"line":11,"column":8},"end":{"line":11,"column":26}},"10":{"start":{"line":14,"column":25},"end":{"line":17,"column":28}},"11":{"start":{"line":19,"column":4},"end":{"line":19,"column":32}},"12":{"start":{"line":22,"column":28},"end":{"line":71,"column":1}},"13":{"start":{"line":25,"column":8},"end":{"line":36,"column":11}},"14":{"start":{"line":41,"column":8},"end":{"line":47,"column":11}},"15":{"start":{"line":52,"column":30},"end":{"line":52,"column":93}},"16":{"start":{"line":54,"column":8},"end":{"line":62,"column":11}},"17":{"start":{"line":67,"column":8},"end":{"line":69,"column":11}},"18":{"start":{"line":73,"column":0},"end":{"line":73,"column":37}}},"fnMap":{"0":{"name":"(anonymous_0)","decl":{"start":{"line":4,"column":27},"end":{"line":4,"column":28}},"loc":{"start":{"line":4,"column":38},"end":{"line":20,"column":1}},"line":4},"1":{"name":"(anonymous_1)","decl":{"start":{"line":24,"column":13},"end":{"line":24,"column":14}},"loc":{"start":{"line":24,"column":25},"end":{"line":37,"column":5}},"line":24},"2":{"name":"(anonymous_2)","decl":{"start":{"line":40,"column":12},"end":{"line":40,"column":13}},"loc":{"start":{"line":40,"column":29},"end":{"line":48,"column":5}},"line":40},"3":{"name":"(anonymous_3)","decl":{"start":{"line":51,"column":12},"end":{"line":51,"column":13}},"loc":{"start":{"line":51,"column":33},"end":{"line":63,"column":5}},"line":51},"4":{"name":"(anonymous_4)","decl":{"start":{"line":66,"column":12},"end":{"line":66,"column":13}},"loc":{"start":{"line":66,"column":26},"end":{"line":70,"column":5}},"line":66}},"branchMap":{"0":{"loc":{"start":{"line":5,"column":4},"end":{"line":5,"column":47}},"type":"if","locations":[{"start":{"line":5,"column":4},"end":{"line":5,"column":47}},{"start":{},"end":{}}],"line":5},"1":{"loc":{"start":{"line":8,"column":4},"end":{"line":8,"column":33}},"type":"if","locations":[{"start":{"line":8,"column":4},"end":{"line":8,"column":33}},{"start":{},"end":{}}],"line":8},"2":{"loc":{"start":{"line":10,"column":4},"end":{"line":12,"column":5}},"type":"if","locations":[{"start":{"line":10,"column":4},"end":{"line":12,"column":5}},{"start":{},"end":{}}],"line":10},"3":{"loc":{"start":{"line":10,"column":8},"end":{"line":10,"column":74}},"type":"binary-expr","locations":[{"start":{"line":10,"column":8},"end":{"line":10,"column":40}},{"start":{"line":10,"column":44},"end":{"line":10,"column":74}}],"line":10},"4":{"loc":{"start":{"line":19,"column":11},"end":{"line":19,"column":31}},"type":"binary-expr","locations":[{"start":{"line":19,"column":11},"end":{"line":19,"column":23}},{"start":{"line":19,"column":27},"end":{"line":19,"column":31}}],"line":19},"5":{"loc":{"start":{"line":52,"column":67},"end":{"line":52,"column":78}},"type":"binary-expr","locations":[{"start":{"line":52,"column":67},"end":{"line":52,"column":72}},{"start":{"line":52,"column":76},"end":{"line":52,"column":78}}],"line":52},"6":{"loc":{"start":{"line":58,"column":29},"end":{"line":58,"column":90}},"type":"cond-expr","locations":[{"start":{"line":58,"column":49},"end":{"line":58,"column":78}},{"start":{"line":58,"column":81},"end":{"line":58,"column":90}}],"line":58},"7":{"loc":{"start":{"line":60,"column":28},"end":{"line":60,"column":92}},"type":"cond-expr","locations":[{"start":{"line":60,"column":44},"end":{"line":60,"column":80}},{"start":{"line":60,"column":83},"end":{"line":60,"column":92}}],"line":60}},"s":{"0":1,"1":1,"2":1,"3":0,"4":0,"5":0,"6":0,"7":0,"8":0,"9":0,"10":0,"11":0,"12":1,"13":0,"14":0,"15":0,"16":0,"17":0,"18":1},"f":{"0":0,"1":0,"2":0,"3":0,"4":0},"b":{"0":[0,0],"1":[0,0],"2":[0,0],"3":[0,0],"4":[0,0],"5":[0,0],"6":[0,0],"7":[0,0]},"_coverageSchema":"1a1c01bbd47fc00a2c39e90264f33305004495a9","hash":"8193db21d914ea9433bdbd2b91a028fbbaa8509d"}
,"C:\\Users\\ricar\\Desktop\\50+10\\50-10\\backend\\src\\repositories\\paymentRepository.js": {"path":"C:\\Users\\ricar\\Desktop\\50+10\\50-10\\backend\\src\\repositories\\paymentRepository.js","statementMap":{"0":{"start":{"line":1,"column":25},"end":{"line":1,"column":50}},"1":{"start":{"line":2,"column":15},"end":{"line":2,"column":33}},"2":{"start":{"line":4,"column":26},"end":{"line":31,"column":1}},"3":{"start":{"line":6,"column":8},"end":{"line":15,"column":11}},"4":{"start":{"line":20,"column":8},"end":{"line":29,"column":11}},"5":{"start":{"line":33,"column":0},"end":{"line":33,"column":60}},"6":{"start":{"line":35,"column":30},"end":{"line":69,"column":1}},"7":{"start":{"line":36,"column":4},"end":{"line":68,"column":5}},"8":{"start":{"line":37,"column":8},"end":{"line":64,"column":11}},"9":{"start":{"line":66,"column":8},"end":{"line":66,"column":60}},"10":{"start":{"line":67,"column":8},"end":{"line":67,"column":53}},"11":{"start":{"line":71,"column":34},"end":{"line":108,"column":1}},"12":{"start":{"line":72,"column":4},"end":{"line":107,"column":7}},"13":{"start":{"line":110,"column":29},"end":{"line":123,"column":1}},"14":{"start":{"line":111,"column":4},"end":{"line":122,"column":7}},"15":{"start":{"line":125,"column":28},"end":{"line":133,"column":1}},"16":{"start":{"line":126,"column":4},"end":{"line":132,"column":7}},"17":{"start":{"line":135,"column":0},"end":{"line":141,"column":2}}},"fnMap":{"0":{"name":"(anonymous_0)","decl":{"start":{"line":5,"column":12},"end":{"line":5,"column":13}},"loc":{"start":{"line":5,"column":38},"end":{"line":16,"column":5}},"line":5},"1":{"name":"(anonymous_1)","decl":{"start":{"line":19,"column":12},"end":{"line":19,"column":13}},"loc":{"start":{"line":19,"column":38},"end":{"line":30,"column":5}},"line":19},"2":{"name":"(anonymous_2)","decl":{"start":{"line":35,"column":30},"end":{"line":35,"column":31}},"loc":{"start":{"line":35,"column":42},"end":{"line":69,"column":1}},"line":35},"3":{"name":"(anonymous_3)","decl":{"start":{"line":71,"column":34},"end":{"line":71,"column":35}},"loc":{"start":{"line":71,"column":55},"end":{"line":108,"column":1}},"line":71},"4":{"name":"(anonymous_4)","decl":{"start":{"line":110,"column":29},"end":{"line":110,"column":30}},"loc":{"start":{"line":110,"column":52},"end":{"line":123,"column":1}},"line":110},"5":{"name":"(anonymous_5)","decl":{"start":{"line":125,"column":28},"end":{"line":125,"column":29}},"loc":{"start":{"line":125,"column":51},"end":{"line":133,"column":1}},"line":125}},"branchMap":{"0":{"loc":{"start":{"line":11,"column":33},"end":{"line":11,"column":68}},"type":"binary-expr","locations":[{"start":{"line":11,"column":33},"end":{"line":11,"column":54}},{"start":{"line":11,"column":58},"end":{"line":11,"column":68}}],"line":11},"1":{"loc":{"start":{"line":13,"column":28},"end":{"line":13,"column":61}},"type":"binary-expr","locations":[{"start":{"line":13,"column":28},"end":{"line":13,"column":53}},{"start":{"line":13,"column":57},"end":{"line":13,"column":61}}],"line":13},"2":{"loc":{"start":{"line":25,"column":33},"end":{"line":25,"column":68}},"type":"binary-expr","locations":[{"start":{"line":25,"column":33},"end":{"line":25,"column":54}},{"start":{"line":25,"column":58},"end":{"line":25,"column":68}}],"line":25}},"s":{"0":1,"1":1,"2":1,"3":0,"4":0,"5":1,"6":1,"7":0,"8":0,"9":0,"10":0,"11":1,"12":0,"13":1,"14":0,"15":1,"16":0,"17":1},"f":{"0":0,"1":0,"2":0,"3":0,"4":0,"5":0},"b":{"0":[0,0],"1":[0,0],"2":[0,0]},"_coverageSchema":"1a1c01bbd47fc00a2c39e90264f33305004495a9","hash":"2defce354ab21680df737471f190e384357d9a39"}
,"C:\\Users\\ricar\\Desktop\\50+10\\50-10\\backend\\src\\repositories\\rentalRepository.js": {"path":"C:\\Users\\ricar\\Desktop\\50+10\\50-10\\backend\\src\\repositories\\rentalRepository.js","statementMap":{"0":{"start":{"line":1,"column":25},"end":{"line":1,"column":50}},"1":{"start":{"line":2,"column":15},"end":{"line":2,"column":33}},"2":{"start":{"line":4,"column":20},"end":{"line":26,"column":1}},"3":{"start":{"line":5,"column":4},"end":{"line":25,"column":7}},"4":{"start":{"line":28,"column":23},"end":{"line":44,"column":1}},"5":{"start":{"line":29,"column":4},"end":{"line":43,"column":7}},"6":{"start":{"line":46,"column":26},"end":{"line":50,"column":1}},"7":{"start":{"line":47,"column":4},"end":{"line":49,"column":7}},"8":{"start":{"line":52,"column":26},"end":{"line":81,"column":1}},"9":{"start":{"line":53,"column":4},"end":{"line":80,"column":7}},"10":{"start":{"line":54,"column":28},"end":{"line":68,"column":10}},"11":{"start":{"line":61,"column":58},"end":{"line":65,"column":21}},"12":{"start":{"line":70,"column":8},"end":{"line":77,"column":9}},"13":{"start":{"line":71,"column":12},"end":{"line":76,"column":15}},"14":{"start":{"line":79,"column":8},"end":{"line":79,"column":27}},"15":{"start":{"line":83,"column":28},"end":{"line":95,"column":1}},"16":{"start":{"line":84,"column":4},"end":{"line":94,"column":7}},"17":{"start":{"line":97,"column":38},"end":{"line":104,"column":1}},"18":{"start":{"line":98,"column":4},"end":{"line":103,"column":7}},"19":{"start":{"line":106,"column":30},"end":{"line":113,"column":1}},"20":{"start":{"line":107,"column":4},"end":{"line":112,"column":7}},"21":{"start":{"line":115,"column":30},"end":{"line":120,"column":1}},"22":{"start":{"line":116,"column":4},"end":{"line":119,"column":7}},"23":{"start":{"line":122,"column":25},"end":{"line":129,"column":1}},"24":{"start":{"line":123,"column":4},"end":{"line":128,"column":7}},"25":{"start":{"line":131,"column":26},"end":{"line":200,"column":1}},"26":{"start":{"line":132,"column":4},"end":{"line":199,"column":7}},"27":{"start":{"line":133,"column":24},"end":{"line":138,"column":10}},"28":{"start":{"line":140,"column":8},"end":{"line":142,"column":9}},"29":{"start":{"line":141,"column":12},"end":{"line":141,"column":24}},"30":{"start":{"line":144,"column":8},"end":{"line":163,"column":9}},"31":{"start":{"line":145,"column":12},"end":{"line":150,"column":15}},"32":{"start":{"line":152,"column":12},"end":{"line":162,"column":15}},"33":{"start":{"line":165,"column":8},"end":{"line":170,"column":11}},"34":{"start":{"line":172,"column":8},"end":{"line":182,"column":9}},"35":{"start":{"line":173,"column":12},"end":{"line":181,"column":15}},"36":{"start":{"line":184,"column":8},"end":{"line":198,"column":11}},"37":{"start":{"line":202,"column":0},"end":{"line":214,"column":2}}},"fnMap":{"0":{"name":"(anonymous_0)","decl":{"start":{"line":4,"column":20},"end":{"line":4,"column":21}},"loc":{"start":{"line":4,"column":32},"end":{"line":26,"column":1}},"line":4},"1":{"name":"(anonymous_1)","decl":{"start":{"line":28,"column":23},"end":{"line":28,"column":24}},"loc":{"start":{"line":28,"column":44},"end":{"line":44,"column":1}},"line":28},"2":{"name":"(anonymous_2)","decl":{"start":{"line":46,"column":26},"end":{"line":46,"column":27}},"loc":{"start":{"line":46,"column":53},"end":{"line":50,"column":1}},"line":46},"3":{"name":"(anonymous_3)","decl":{"start":{"line":52,"column":26},"end":{"line":52,"column":27}},"loc":{"start":{"line":52,"column":95},"end":{"line":81,"column":1}},"line":52},"4":{"name":"(anonymous_4)","decl":{"start":{"line":53,"column":37},"end":{"line":53,"column":38}},"loc":{"start":{"line":53,"column":51},"end":{"line":80,"column":5}},"line":53},"5":{"name":"(anonymous_5)","decl":{"start":{"line":61,"column":45},"end":{"line":61,"column":46}},"loc":{"start":{"line":61,"column":58},"end":{"line":65,"column":21}},"line":61},"6":{"name":"(anonymous_6)","decl":{"start":{"line":83,"column":28},"end":{"line":83,"column":29}},"loc":{"start":{"line":83,"column":67},"end":{"line":95,"column":1}},"line":83},"7":{"name":"(anonymous_7)","decl":{"start":{"line":97,"column":38},"end":{"line":97,"column":39}},"loc":{"start":{"line":97,"column":74},"end":{"line":104,"column":1}},"line":97},"8":{"name":"(anonymous_8)","decl":{"start":{"line":106,"column":30},"end":{"line":106,"column":31}},"loc":{"start":{"line":106,"column":50},"end":{"line":113,"column":1}},"line":106},"9":{"name":"(anonymous_9)","decl":{"start":{"line":115,"column":30},"end":{"line":115,"column":31}},"loc":{"start":{"line":115,"column":58},"end":{"line":120,"column":1}},"line":115},"10":{"name":"(anonymous_10)","decl":{"start":{"line":122,"column":25},"end":{"line":122,"column":26}},"loc":{"start":{"line":122,"column":63},"end":{"line":129,"column":1}},"line":122},"11":{"name":"(anonymous_11)","decl":{"start":{"line":131,"column":26},"end":{"line":131,"column":27}},"loc":{"start":{"line":131,"column":73},"end":{"line":200,"column":1}},"line":131},"12":{"name":"(anonymous_12)","decl":{"start":{"line":132,"column":37},"end":{"line":132,"column":38}},"loc":{"start":{"line":132,"column":51},"end":{"line":199,"column":5}},"line":132}},"branchMap":{"0":{"loc":{"start":{"line":131,"column":59},"end":{"line":131,"column":68}},"type":"default-arg","locations":[{"start":{"line":131,"column":67},"end":{"line":131,"column":68}}],"line":131},"1":{"loc":{"start":{"line":140,"column":8},"end":{"line":142,"column":9}},"type":"if","locations":[{"start":{"line":140,"column":8},"end":{"line":142,"column":9}},{"start":{},"end":{}}],"line":140},"2":{"loc":{"start":{"line":172,"column":8},"end":{"line":182,"column":9}},"type":"if","locations":[{"start":{"line":172,"column":8},"end":{"line":182,"column":9}},{"start":{},"end":{}}],"line":172}},"s":{"0":1,"1":1,"2":1,"3":0,"4":1,"5":0,"6":1,"7":0,"8":1,"9":0,"10":0,"11":0,"12":0,"13":0,"14":0,"15":1,"16":0,"17":1,"18":0,"19":1,"20":0,"21":1,"22":0,"23":1,"24":0,"25":1,"26":0,"27":0,"28":0,"29":0,"30":0,"31":0,"32":0,"33":0,"34":0,"35":0,"36":0,"37":1},"f":{"0":0,"1":0,"2":0,"3":0,"4":0,"5":0,"6":0,"7":0,"8":0,"9":0,"10":0,"11":0,"12":0},"b":{"0":[0],"1":[0,0],"2":[0,0]},"_coverageSchema":"1a1c01bbd47fc00a2c39e90264f33305004495a9","hash":"dfd0f57a8912b11fb43b4559cef9df7aba72351b"}
,"C:\\Users\\ricar\\Desktop\\50+10\\50-10\\backend\\src\\repositories\\userRepository.js": {"path":"C:\\Users\\ricar\\Desktop\\50+10\\50-10\\backend\\src\\repositories\\userRepository.js","statementMap":{"0":{"start":{"line":1,"column":25},"end":{"line":1,"column":50}},"1":{"start":{"line":2,"column":15},"end":{"line":2,"column":33}},"2":{"start":{"line":3,"column":18},"end":{"line":3,"column":50}},"3":{"start":{"line":4,"column":19},"end":{"line":4,"column":51}},"4":{"start":{"line":6,"column":31},"end":{"line":13,"column":1}},"5":{"start":{"line":7,"column":4},"end":{"line":9,"column":5}},"6":{"start":{"line":8,"column":8},"end":{"line":8,"column":20}},"7":{"start":{"line":11,"column":17},"end":{"line":11,"column":37}},"8":{"start":{"line":12,"column":4},"end":{"line":12,"column":30}},"9":{"start":{"line":15,"column":31},"end":{"line":15,"column":68}},"10":{"start":{"line":15,"column":42},"end":{"line":15,"column":68}},"11":{"start":{"line":17,"column":23},"end":{"line":184,"column":1}},"12":{"start":{"line":20,"column":8},"end":{"line":51,"column":9}},"13":{"start":{"line":21,"column":12},"end":{"line":31,"column":15}},"14":{"start":{"line":33,"column":12},"end":{"line":50,"column":15}},"15":{"start":{"line":56,"column":8},"end":{"line":58,"column":11}},"16":{"start":{"line":62,"column":8},"end":{"line":73,"column":11}},"17":{"start":{"line":77,"column":8},"end":{"line":80,"column":11}},"18":{"start":{"line":85,"column":31},"end":{"line":85,"column":36}},"19":{"start":{"line":87,"column":8},"end":{"line":132,"column":11}},"20":{"start":{"line":136,"column":8},"end":{"line":166,"column":11}},"21":{"start":{"line":170,"column":8},"end":{"line":182,"column":11}},"22":{"start":{"line":186,"column":0},"end":{"line":186,"column":32}}},"fnMap":{"0":{"name":"(anonymous_0)","decl":{"start":{"line":6,"column":31},"end":{"line":6,"column":32}},"loc":{"start":{"line":6,"column":42},"end":{"line":13,"column":1}},"line":6},"1":{"name":"(anonymous_1)","decl":{"start":{"line":15,"column":31},"end":{"line":15,"column":32}},"loc":{"start":{"line":15,"column":42},"end":{"line":15,"column":68}},"line":15},"2":{"name":"(anonymous_2)","decl":{"start":{"line":19,"column":13},"end":{"line":19,"column":14}},"loc":{"start":{"line":19,"column":25},"end":{"line":52,"column":5}},"line":19},"3":{"name":"(anonymous_3)","decl":{"start":{"line":55,"column":17},"end":{"line":55,"column":18}},"loc":{"start":{"line":55,"column":34},"end":{"line":59,"column":5}},"line":55},"4":{"name":"(anonymous_4)","decl":{"start":{"line":61,"column":14},"end":{"line":61,"column":15}},"loc":{"start":{"line":61,"column":38},"end":{"line":74,"column":5}},"line":61},"5":{"name":"(anonymous_5)","decl":{"start":{"line":76,"column":24},"end":{"line":76,"column":25}},"loc":{"start":{"line":76,"column":66},"end":{"line":81,"column":5}},"line":76},"6":{"name":"(anonymous_6)","decl":{"start":{"line":84,"column":12},"end":{"line":84,"column":13}},"loc":{"start":{"line":84,"column":29},"end":{"line":133,"column":5}},"line":84},"7":{"name":"(anonymous_7)","decl":{"start":{"line":135,"column":12},"end":{"line":135,"column":13}},"loc":{"start":{"line":135,"column":43},"end":{"line":167,"column":5}},"line":135},"8":{"name":"(anonymous_8)","decl":{"start":{"line":169,"column":18},"end":{"line":169,"column":19}},"loc":{"start":{"line":169,"column":53},"end":{"line":183,"column":5}},"line":169}},"branchMap":{"0":{"loc":{"start":{"line":7,"column":4},"end":{"line":9,"column":5}},"type":"if","locations":[{"start":{"line":7,"column":4},"end":{"line":9,"column":5}},{"start":{},"end":{}}],"line":7},"1":{"loc":{"start":{"line":7,"column":8},"end":{"line":7,"column":45}},"type":"binary-expr","locations":[{"start":{"line":7,"column":8},"end":{"line":7,"column":27}},{"start":{"line":7,"column":31},"end":{"line":7,"column":45}}],"line":7},"2":{"loc":{"start":{"line":12,"column":11},"end":{"line":12,"column":29}},"type":"cond-expr","locations":[{"start":{"line":12,"column":18},"end":{"line":12,"column":22}},{"start":{"line":12,"column":25},"end":{"line":12,"column":29}}],"line":12},"3":{"loc":{"start":{"line":15,"column":49},"end":{"line":15,"column":60}},"type":"binary-expr","locations":[{"start":{"line":15,"column":49},"end":{"line":15,"column":54}},{"start":{"line":15,"column":58},"end":{"line":15,"column":60}}],"line":15},"4":{"loc":{"start":{"line":102,"column":20},"end":{"line":109,"column":17}},"type":"binary-expr","locations":[{"start":{"line":102,"column":20},"end":{"line":102,"column":51}},{"start":{"line":102,"column":55},"end":{"line":109,"column":17}}],"line":102},"5":{"loc":{"start":{"line":106,"column":40},"end":{"line":106,"column":64}},"type":"binary-expr","locations":[{"start":{"line":106,"column":40},"end":{"line":106,"column":56}},{"start":{"line":106,"column":60},"end":{"line":106,"column":64}}],"line":106},"6":{"loc":{"start":{"line":110,"column":20},"end":{"line":116,"column":17}},"type":"binary-expr","locations":[{"start":{"line":110,"column":20},"end":{"line":110,"column":55}},{"start":{"line":110,"column":59},"end":{"line":116,"column":17}}],"line":110},"7":{"loc":{"start":{"line":117,"column":20},"end":{"line":121,"column":17}},"type":"binary-expr","locations":[{"start":{"line":117,"column":20},"end":{"line":117,"column":57}},{"start":{"line":117,"column":61},"end":{"line":121,"column":17}}],"line":117},"8":{"loc":{"start":{"line":142,"column":20},"end":{"line":142,"column":94}},"type":"cond-expr","locations":[{"start":{"line":142,"column":45},"end":{"line":142,"column":89}},{"start":{"line":142,"column":92},"end":{"line":142,"column":94}}],"line":142},"9":{"loc":{"start":{"line":149,"column":20},"end":{"line":155,"column":17}},"type":"binary-expr","locations":[{"start":{"line":149,"column":20},"end":{"line":149,"column":61}},{"start":{"line":149,"column":65},"end":{"line":155,"column":17}}],"line":149}},"s":{"0":2,"1":2,"2":2,"3":2,"4":2,"5":0,"6":0,"7":0,"8":0,"9":2,"10":0,"11":2,"12":0,"13":0,"14":0,"15":0,"16":0,"17":0,"18":0,"19":0,"20":0,"21":0,"22":2},"f":{"0":0,"1":0,"2":0,"3":0,"4":0,"5":0,"6":0,"7":0,"8":0},"b":{"0":[0,0],"1":[0,0],"2":[0,0],"3":[0,0],"4":[0,0],"5":[0,0],"6":[0,0],"7":[0,0],"8":[0,0],"9":[0,0]},"_coverageSchema":"1a1c01bbd47fc00a2c39e90264f33305004495a9","hash":"0f7acd441418dd89f114f8ecf5c004512e4f7f20"}
,"C:\\Users\\ricar\\Desktop\\50+10\\50-10\\backend\\src\\services\\authenticationService.js": {"path":"C:\\Users\\ricar\\Desktop\\50+10\\50-10\\backend\\src\\services\\authenticationService.js","statementMap":{"0":{"start":{"line":1,"column":12},"end":{"line":1,"column":35}},"1":{"start":{"line":2,"column":15},"end":{"line":2,"column":32}},"2":{"start":{"line":3,"column":23},"end":{"line":3,"column":64}},"3":{"start":{"line":5,"column":19},"end":{"line":5,"column":79}},"4":{"start":{"line":7,"column":18},"end":{"line":11,"column":1}},"5":{"start":{"line":8,"column":17},"end":{"line":8,"column":36}},"6":{"start":{"line":9,"column":4},"end":{"line":9,"column":33}},"7":{"start":{"line":10,"column":4},"end":{"line":10,"column":16}},"8":{"start":{"line":13,"column":21},"end":{"line":15,"column":1}},"9":{"start":{"line":14,"column":4},"end":{"line":14,"column":76}},"10":{"start":{"line":17,"column":14},"end":{"line":59,"column":1}},"11":{"start":{"line":18,"column":4},"end":{"line":20,"column":5}},"12":{"start":{"line":19,"column":8},"end":{"line":19,"column":80}},"13":{"start":{"line":22,"column":23},"end":{"line":22,"column":62}},"14":{"start":{"line":24,"column":4},"end":{"line":26,"column":5}},"15":{"start":{"line":25,"column":8},"end":{"line":25,"column":55}},"16":{"start":{"line":28,"column":25},"end":{"line":28,"column":47}},"17":{"start":{"line":29,"column":27},"end":{"line":29,"column":68}},"18":{"start":{"line":30,"column":27},"end":{"line":30,"column":89}},"19":{"start":{"line":32,"column":4},"end":{"line":34,"column":5}},"20":{"start":{"line":33,"column":8},"end":{"line":33,"column":55}},"21":{"start":{"line":37,"column":4},"end":{"line":39,"column":5}},"22":{"start":{"line":38,"column":8},"end":{"line":38,"column":87}},"23":{"start":{"line":41,"column":18},"end":{"line":48,"column":5}},"24":{"start":{"line":50,"column":4},"end":{"line":58,"column":6}},"25":{"start":{"line":61,"column":0},"end":{"line":61,"column":27}}},"fnMap":{"0":{"name":"(anonymous_0)","decl":{"start":{"line":7,"column":18},"end":{"line":7,"column":19}},"loc":{"start":{"line":7,"column":44},"end":{"line":11,"column":1}},"line":7},"1":{"name":"(anonymous_1)","decl":{"start":{"line":13,"column":21},"end":{"line":13,"column":22}},"loc":{"start":{"line":14,"column":4},"end":{"line":14,"column":76}},"line":14},"2":{"name":"(anonymous_2)","decl":{"start":{"line":17,"column":14},"end":{"line":17,"column":15}},"loc":{"start":{"line":17,"column":41},"end":{"line":59,"column":1}},"line":17}},"branchMap":{"0":{"loc":{"start":{"line":5,"column":19},"end":{"line":5,"column":79}},"type":"binary-expr","locations":[{"start":{"line":5,"column":19},"end":{"line":5,"column":41}},{"start":{"line":5,"column":45},"end":{"line":5,"column":79}}],"line":5},"1":{"loc":{"start":{"line":14,"column":46},"end":{"line":14,"column":60}},"type":"binary-expr","locations":[{"start":{"line":14,"column":46},"end":{"line":14,"column":54}},{"start":{"line":14,"column":58},"end":{"line":14,"column":60}}],"line":14},"2":{"loc":{"start":{"line":18,"column":4},"end":{"line":20,"column":5}},"type":"if","locations":[{"start":{"line":18,"column":4},"end":{"line":20,"column":5}},{"start":{},"end":{}}],"line":18},"3":{"loc":{"start":{"line":18,"column":8},"end":{"line":18,"column":27}},"type":"binary-expr","locations":[{"start":{"line":18,"column":8},"end":{"line":18,"column":14}},{"start":{"line":18,"column":18},"end":{"line":18,"column":27}}],"line":18},"4":{"loc":{"start":{"line":24,"column":4},"end":{"line":26,"column":5}},"type":"if","locations":[{"start":{"line":24,"column":4},"end":{"line":26,"column":5}},{"start":{},"end":{}}],"line":24},"5":{"loc":{"start":{"line":29,"column":34},"end":{"line":29,"column":67}},"type":"binary-expr","locations":[{"start":{"line":29,"column":34},"end":{"line":29,"column":61}},{"start":{"line":29,"column":65},"end":{"line":29,"column":67}}],"line":29},"6":{"loc":{"start":{"line":30,"column":27},"end":{"line":30,"column":89}},"type":"binary-expr","locations":[{"start":{"line":30,"column":27},"end":{"line":30,"column":58}},{"start":{"line":30,"column":62},"end":{"line":30,"column":89}}],"line":30},"7":{"loc":{"start":{"line":32,"column":4},"end":{"line":34,"column":5}},"type":"if","locations":[{"start":{"line":32,"column":4},"end":{"line":34,"column":5}},{"start":{},"end":{}}],"line":32},"8":{"loc":{"start":{"line":37,"column":4},"end":{"line":39,"column":5}},"type":"if","locations":[{"start":{"line":37,"column":4},"end":{"line":39,"column":5}},{"start":{},"end":{}}],"line":37},"9":{"loc":{"start":{"line":37,"column":8},"end":{"line":37,"column":97}},"type":"binary-expr","locations":[{"start":{"line":37,"column":8},"end":{"line":37,"column":35}},{"start":{"line":37,"column":39},"end":{"line":37,"column":70}},{"start":{"line":37,"column":74},"end":{"line":37,"column":97}}],"line":37}},"s":{"0":1,"1":1,"2":1,"3":1,"4":1,"5":3,"6":3,"7":3,"8":1,"9":3,"10":1,"11":5,"12":1,"13":4,"14":4,"15":1,"16":3,"17":3,"18":3,"19":3,"20":1,"21":2,"22":1,"23":2,"24":2,"25":1},"f":{"0":3,"1":3,"2":5},"b":{"0":[1,1],"1":[3,0],"2":[1,4],"3":[5,4],"4":[1,3],"5":[3,0],"6":[3,2],"7":[1,2],"8":[1,1],"9":[2,1,1]},"_coverageSchema":"1a1c01bbd47fc00a2c39e90264f33305004495a9","hash":"55d8b6f60e144262f4ce1fb09d148010d9c07122"}
,"C:\\Users\\ricar\\Desktop\\50+10\\50-10\\backend\\src\\services\\availabilityService.js": {"path":"C:\\Users\\ricar\\Desktop\\50+10\\50-10\\backend\\src\\services\\availabilityService.js","statementMap":{"0":{"start":{"line":1,"column":25},"end":{"line":1,"column":74}},"1":{"start":{"line":3,"column":18},"end":{"line":7,"column":1}},"2":{"start":{"line":4,"column":17},"end":{"line":4,"column":36}},"3":{"start":{"line":5,"column":4},"end":{"line":5,"column":33}},"4":{"start":{"line":6,"column":4},"end":{"line":6,"column":16}},"5":{"start":{"line":9,"column":25},"end":{"line":20,"column":1}},"6":{"start":{"line":10,"column":17},"end":{"line":10,"column":32}},"7":{"start":{"line":12,"column":4},"end":{"line":14,"column":5}},"8":{"start":{"line":13,"column":8},"end":{"line":13,"column":18}},"9":{"start":{"line":16,"column":17},"end":{"line":16,"column":38}},"10":{"start":{"line":17,"column":18},"end":{"line":17,"column":65}},"11":{"start":{"line":18,"column":16},"end":{"line":18,"column":58}},"12":{"start":{"line":19,"column":4},"end":{"line":19,"column":37}},"13":{"start":{"line":22,"column":20},"end":{"line":30,"column":1}},"14":{"start":{"line":23,"column":18},"end":{"line":23,"column":62}},"15":{"start":{"line":25,"column":4},"end":{"line":27,"column":5}},"16":{"start":{"line":26,"column":8},"end":{"line":26,"column":18}},"17":{"start":{"line":29,"column":4},"end":{"line":29,"column":37}},"18":{"start":{"line":32,"column":21},"end":{"line":32,"column":78}},"19":{"start":{"line":32,"column":45},"end":{"line":32,"column":78}},"20":{"start":{"line":34,"column":18},"end":{"line":37,"column":1}},"21":{"start":{"line":35,"column":29},"end":{"line":35,"column":80}},"22":{"start":{"line":36,"column":4},"end":{"line":36,"column":34}},"23":{"start":{"line":39,"column":24},"end":{"line":51,"column":1}},"24":{"start":{"line":40,"column":4},"end":{"line":42,"column":5}},"25":{"start":{"line":41,"column":8},"end":{"line":41,"column":60}},"26":{"start":{"line":44,"column":22},"end":{"line":44,"column":75}},"27":{"start":{"line":46,"column":4},"end":{"line":48,"column":5}},"28":{"start":{"line":47,"column":8},"end":{"line":47,"column":58}},"29":{"start":{"line":50,"column":4},"end":{"line":50,"column":21}},"30":{"start":{"line":53,"column":35},"end":{"line":63,"column":1}},"31":{"start":{"line":54,"column":4},"end":{"line":56,"column":5}},"32":{"start":{"line":55,"column":8},"end":{"line":55,"column":38}},"33":{"start":{"line":58,"column":4},"end":{"line":60,"column":5}},"34":{"start":{"line":59,"column":8},"end":{"line":59,"column":29}},"35":{"start":{"line":62,"column":4},"end":{"line":62,"column":14}},"36":{"start":{"line":65,"column":34},"end":{"line":110,"column":1}},"37":{"start":{"line":66,"column":25},"end":{"line":68,"column":12}},"38":{"start":{"line":67,"column":103},"end":{"line":67,"column":128}},"39":{"start":{"line":70,"column":4},"end":{"line":75,"column":5}},"40":{"start":{"line":71,"column":8},"end":{"line":74,"column":10}},"41":{"start":{"line":77,"column":25},"end":{"line":80,"column":5}},"42":{"start":{"line":81,"column":17},"end":{"line":81,"column":76}},"43":{"start":{"line":82,"column":15},"end":{"line":82,"column":70}},"44":{"start":{"line":84,"column":4},"end":{"line":99,"column":5}},"45":{"start":{"line":85,"column":41},"end":{"line":88,"column":76}},"46":{"start":{"line":86,"column":27},"end":{"line":86,"column":55}},"47":{"start":{"line":88,"column":45},"end":{"line":88,"column":75}},"48":{"start":{"line":90,"column":8},"end":{"line":96,"column":9}},"49":{"start":{"line":91,"column":12},"end":{"line":95,"column":14}},"50":{"start":{"line":98,"column":8},"end":{"line":98,"column":104}},"51":{"start":{"line":101,"column":4},"end":{"line":103,"column":5}},"52":{"start":{"line":102,"column":8},"end":{"line":102,"column":75}},"53":{"start":{"line":105,"column":4},"end":{"line":109,"column":6}},"54":{"start":{"line":112,"column":35},"end":{"line":171,"column":1}},"55":{"start":{"line":113,"column":22},"end":{"line":113,"column":31}},"56":{"start":{"line":115,"column":4},"end":{"line":147,"column":7}},"57":{"start":{"line":116,"column":24},"end":{"line":116,"column":52}},"58":{"start":{"line":117,"column":26},"end":{"line":117,"column":55}},"59":{"start":{"line":118,"column":24},"end":{"line":118,"column":50}},"60":{"start":{"line":120,"column":8},"end":{"line":122,"column":9}},"61":{"start":{"line":121,"column":12},"end":{"line":121,"column":90}},"62":{"start":{"line":124,"column":8},"end":{"line":126,"column":9}},"63":{"start":{"line":125,"column":12},"end":{"line":125,"column":92}},"64":{"start":{"line":128,"column":28},"end":{"line":130,"column":43}},"65":{"start":{"line":132,"column":8},"end":{"line":134,"column":9}},"66":{"start":{"line":133,"column":12},"end":{"line":133,"column":103}},"67":{"start":{"line":136,"column":8},"end":{"line":138,"column":9}},"68":{"start":{"line":137,"column":12},"end":{"line":137,"column":111}},"69":{"start":{"line":140,"column":20},"end":{"line":140,"column":56}},"70":{"start":{"line":142,"column":8},"end":{"line":146,"column":11}},"71":{"start":{"line":149,"column":23},"end":{"line":155,"column":6}},"72":{"start":{"line":150,"column":8},"end":{"line":152,"column":9}},"73":{"start":{"line":151,"column":12},"end":{"line":151,"column":55}},"74":{"start":{"line":154,"column":8},"end":{"line":154,"column":98}},"75":{"start":{"line":157,"column":4},"end":{"line":168,"column":5}},"76":{"start":{"line":157,"column":21},"end":{"line":157,"column":22}},"77":{"start":{"line":158,"column":25},"end":{"line":158,"column":46}},"78":{"start":{"line":159,"column":24},"end":{"line":159,"column":41}},"79":{"start":{"line":161,"column":8},"end":{"line":163,"column":9}},"80":{"start":{"line":162,"column":12},"end":{"line":162,"column":21}},"81":{"start":{"line":165,"column":8},"end":{"line":167,"column":9}},"82":{"start":{"line":166,"column":12},"end":{"line":166,"column":93}},"83":{"start":{"line":170,"column":4},"end":{"line":170,"column":22}},"84":{"start":{"line":173,"column":37},"end":{"line":177,"column":1}},"85":{"start":{"line":174,"column":24},"end":{"line":174,"column":48}},"86":{"start":{"line":175,"column":4},"end":{"line":175,"column":39}},"87":{"start":{"line":176,"column":4},"end":{"line":176,"column":63}},"88":{"start":{"line":179,"column":31},"end":{"line":181,"column":1}},"89":{"start":{"line":180,"column":4},"end":{"line":180,"column":49}},"90":{"start":{"line":183,"column":38},"end":{"line":205,"column":1}},"91":{"start":{"line":184,"column":24},"end":{"line":184,"column":48}},"92":{"start":{"line":185,"column":4},"end":{"line":185,"column":39}},"93":{"start":{"line":187,"column":29},"end":{"line":187,"column":62}},"94":{"start":{"line":188,"column":18},"end":{"line":188,"column":50}},"95":{"start":{"line":189,"column":23},"end":{"line":189,"column":74}},"96":{"start":{"line":191,"column":22},"end":{"line":194,"column":6}},"97":{"start":{"line":196,"column":21},"end":{"line":198,"column":75}},"98":{"start":{"line":200,"column":4},"end":{"line":204,"column":6}},"99":{"start":{"line":207,"column":0},"end":{"line":211,"column":2}}},"fnMap":{"0":{"name":"(anonymous_0)","decl":{"start":{"line":3,"column":18},"end":{"line":3,"column":19}},"loc":{"start":{"line":3,"column":44},"end":{"line":7,"column":1}},"line":3},"1":{"name":"(anonymous_1)","decl":{"start":{"line":9,"column":25},"end":{"line":9,"column":26}},"loc":{"start":{"line":9,"column":36},"end":{"line":20,"column":1}},"line":9},"2":{"name":"(anonymous_2)","decl":{"start":{"line":22,"column":20},"end":{"line":22,"column":21}},"loc":{"start":{"line":22,"column":31},"end":{"line":30,"column":1}},"line":22},"3":{"name":"(anonymous_3)","decl":{"start":{"line":32,"column":21},"end":{"line":32,"column":22}},"loc":{"start":{"line":32,"column":45},"end":{"line":32,"column":78}},"line":32},"4":{"name":"(anonymous_4)","decl":{"start":{"line":34,"column":18},"end":{"line":34,"column":19}},"loc":{"start":{"line":34,"column":33},"end":{"line":37,"column":1}},"line":34},"5":{"name":"(anonymous_5)","decl":{"start":{"line":39,"column":24},"end":{"line":39,"column":25}},"loc":{"start":{"line":39,"column":47},"end":{"line":51,"column":1}},"line":39},"6":{"name":"(anonymous_6)","decl":{"start":{"line":53,"column":35},"end":{"line":53,"column":36}},"loc":{"start":{"line":53,"column":51},"end":{"line":63,"column":1}},"line":53},"7":{"name":"(anonymous_7)","decl":{"start":{"line":65,"column":34},"end":{"line":65,"column":35}},"loc":{"start":{"line":65,"column":50},"end":{"line":110,"column":1}},"line":65},"8":{"name":"(anonymous_8)","decl":{"start":{"line":67,"column":86},"end":{"line":67,"column":87}},"loc":{"start":{"line":67,"column":103},"end":{"line":67,"column":128}},"line":67},"9":{"name":"(anonymous_9)","decl":{"start":{"line":86,"column":17},"end":{"line":86,"column":18}},"loc":{"start":{"line":86,"column":27},"end":{"line":86,"column":55}},"line":86},"10":{"name":"(anonymous_10)","decl":{"start":{"line":88,"column":20},"end":{"line":88,"column":21}},"loc":{"start":{"line":88,"column":45},"end":{"line":88,"column":75}},"line":88},"11":{"name":"(anonymous_11)","decl":{"start":{"line":112,"column":35},"end":{"line":112,"column":36}},"loc":{"start":{"line":112,"column":69},"end":{"line":171,"column":1}},"line":112},"12":{"name":"(anonymous_12)","decl":{"start":{"line":115,"column":29},"end":{"line":115,"column":30}},"loc":{"start":{"line":115,"column":46},"end":{"line":147,"column":5}},"line":115},"13":{"name":"(anonymous_13)","decl":{"start":{"line":149,"column":52},"end":{"line":149,"column":53}},"loc":{"start":{"line":149,"column":69},"end":{"line":155,"column":5}},"line":149},"14":{"name":"(anonymous_14)","decl":{"start":{"line":173,"column":37},"end":{"line":173,"column":38}},"loc":{"start":{"line":173,"column":59},"end":{"line":177,"column":1}},"line":173},"15":{"name":"(anonymous_15)","decl":{"start":{"line":179,"column":31},"end":{"line":179,"column":32}},"loc":{"start":{"line":179,"column":53},"end":{"line":181,"column":1}},"line":179},"16":{"name":"(anonymous_16)","decl":{"start":{"line":183,"column":38},"end":{"line":183,"column":39}},"loc":{"start":{"line":183,"column":72},"end":{"line":205,"column":1}},"line":183}},"branchMap":{"0":{"loc":{"start":{"line":12,"column":4},"end":{"line":14,"column":5}},"type":"if","locations":[{"start":{"line":12,"column":4},"end":{"line":14,"column":5}},{"start":{},"end":{}}],"line":12},"1":{"loc":{"start":{"line":23,"column":25},"end":{"line":23,"column":36}},"type":"binary-expr","locations":[{"start":{"line":23,"column":25},"end":{"line":23,"column":30}},{"start":{"line":23,"column":34},"end":{"line":23,"column":36}}],"line":23},"2":{"loc":{"start":{"line":25,"column":4},"end":{"line":27,"column":5}},"type":"if","locations":[{"start":{"line":25,"column":4},"end":{"line":27,"column":5}},{"start":{},"end":{}}],"line":25},"3":{"loc":{"start":{"line":35,"column":36},"end":{"line":35,"column":56}},"type":"binary-expr","locations":[{"start":{"line":35,"column":36},"end":{"line":35,"column":45}},{"start":{"line":35,"column":49},"end":{"line":35,"column":56}}],"line":35},"4":{"loc":{"start":{"line":40,"column":4},"end":{"line":42,"column":5}},"type":"if","locations":[{"start":{"line":40,"column":4},"end":{"line":42,"column":5}},{"start":{},"end":{}}],"line":40},"5":{"loc":{"start":{"line":46,"column":4},"end":{"line":48,"column":5}},"type":"if","locations":[{"start":{"line":46,"column":4},"end":{"line":48,"column":5}},{"start":{},"end":{}}],"line":46},"6":{"loc":{"start":{"line":53,"column":36},"end":{"line":53,"column":46}},"type":"default-arg","locations":[{"start":{"line":53,"column":44},"end":{"line":53,"column":46}}],"line":53},"7":{"loc":{"start":{"line":54,"column":4},"end":{"line":56,"column":5}},"type":"if","locations":[{"start":{"line":54,"column":4},"end":{"line":56,"column":5}},{"start":{},"end":{}}],"line":54},"8":{"loc":{"start":{"line":58,"column":4},"end":{"line":60,"column":5}},"type":"if","locations":[{"start":{"line":58,"column":4},"end":{"line":60,"column":5}},{"start":{},"end":{}}],"line":58},"9":{"loc":{"start":{"line":65,"column":35},"end":{"line":65,"column":45}},"type":"default-arg","locations":[{"start":{"line":65,"column":43},"end":{"line":65,"column":45}}],"line":65},"10":{"loc":{"start":{"line":66,"column":25},"end":{"line":68,"column":12}},"type":"cond-expr","locations":[{"start":{"line":67,"column":10},"end":{"line":67,"column":129}},{"start":{"line":68,"column":10},"end":{"line":68,"column":12}}],"line":66},"11":{"loc":{"start":{"line":70,"column":4},"end":{"line":75,"column":5}},"type":"if","locations":[{"start":{"line":70,"column":4},"end":{"line":75,"column":5}},{"start":{},"end":{}}],"line":70},"12":{"loc":{"start":{"line":77,"column":25},"end":{"line":80,"column":5}},"type":"binary-expr","locations":[{"start":{"line":77,"column":25},"end":{"line":77,"column":43}},{"start":{"line":77,"column":47},"end":{"line":77,"column":58}},{"start":{"line":77,"column":62},"end":{"line":80,"column":5}}],"line":77},"13":{"loc":{"start":{"line":81,"column":34},"end":{"line":81,"column":75}},"type":"binary-expr","locations":[{"start":{"line":81,"column":34},"end":{"line":81,"column":52}},{"start":{"line":81,"column":56},"end":{"line":81,"column":75}}],"line":81},"14":{"loc":{"start":{"line":82,"column":32},"end":{"line":82,"column":69}},"type":"binary-expr","locations":[{"start":{"line":82,"column":32},"end":{"line":82,"column":48}},{"start":{"line":82,"column":52},"end":{"line":82,"column":69}}],"line":82},"15":{"loc":{"start":{"line":84,"column":4},"end":{"line":99,"column":5}},"type":"if","locations":[{"start":{"line":84,"column":4},"end":{"line":99,"column":5}},{"start":{},"end":{}}],"line":84},"16":{"loc":{"start":{"line":84,"column":8},"end":{"line":84,"column":20}},"type":"binary-expr","locations":[{"start":{"line":84,"column":8},"end":{"line":84,"column":13}},{"start":{"line":84,"column":17},"end":{"line":84,"column":20}}],"line":84},"17":{"loc":{"start":{"line":90,"column":8},"end":{"line":96,"column":9}},"type":"if","locations":[{"start":{"line":90,"column":8},"end":{"line":96,"column":9}},{"start":{},"end":{}}],"line":90},"18":{"loc":{"start":{"line":101,"column":4},"end":{"line":103,"column":5}},"type":"if","locations":[{"start":{"line":101,"column":4},"end":{"line":103,"column":5}},{"start":{},"end":{}}],"line":101},"19":{"loc":{"start":{"line":112,"column":36},"end":{"line":112,"column":57}},"type":"default-arg","locations":[{"start":{"line":112,"column":55},"end":{"line":112,"column":57}}],"line":112},"20":{"loc":{"start":{"line":120,"column":8},"end":{"line":122,"column":9}},"type":"if","locations":[{"start":{"line":120,"column":8},"end":{"line":122,"column":9}},{"start":{},"end":{}}],"line":120},"21":{"loc":{"start":{"line":124,"column":8},"end":{"line":126,"column":9}},"type":"if","locations":[{"start":{"line":124,"column":8},"end":{"line":126,"column":9}},{"start":{},"end":{}}],"line":124},"22":{"loc":{"start":{"line":124,"column":12},"end":{"line":124,"column":34}},"type":"binary-expr","locations":[{"start":{"line":124,"column":12},"end":{"line":124,"column":22}},{"start":{"line":124,"column":26},"end":{"line":124,"column":34}}],"line":124},"23":{"loc":{"start":{"line":128,"column":28},"end":{"line":130,"column":43}},"type":"cond-expr","locations":[{"start":{"line":129,"column":14},"end":{"line":129,"column":58}},{"start":{"line":130,"column":14},"end":{"line":130,"column":43}}],"line":128},"24":{"loc":{"start":{"line":129,"column":14},"end":{"line":129,"column":58}},"type":"binary-expr","locations":[{"start":{"line":129,"column":14},"end":{"line":129,"column":35}},{"start":{"line":129,"column":39},"end":{"line":129,"column":58}}],"line":129},"25":{"loc":{"start":{"line":132,"column":8},"end":{"line":134,"column":9}},"type":"if","locations":[{"start":{"line":132,"column":8},"end":{"line":134,"column":9}},{"start":{},"end":{}}],"line":132},"26":{"loc":{"start":{"line":136,"column":8},"end":{"line":138,"column":9}},"type":"if","locations":[{"start":{"line":136,"column":8},"end":{"line":138,"column":9}},{"start":{},"end":{}}],"line":136},"27":{"loc":{"start":{"line":150,"column":8},"end":{"line":152,"column":9}},"type":"if","locations":[{"start":{"line":150,"column":8},"end":{"line":152,"column":9}},{"start":{},"end":{}}],"line":150},"28":{"loc":{"start":{"line":161,"column":8},"end":{"line":163,"column":9}},"type":"if","locations":[{"start":{"line":161,"column":8},"end":{"line":163,"column":9}},{"start":{},"end":{}}],"line":161},"29":{"loc":{"start":{"line":165,"column":8},"end":{"line":167,"column":9}},"type":"if","locations":[{"start":{"line":165,"column":8},"end":{"line":167,"column":9}},{"start":{},"end":{}}],"line":165},"30":{"loc":{"start":{"line":179,"column":38},"end":{"line":179,"column":48}},"type":"default-arg","locations":[{"start":{"line":179,"column":46},"end":{"line":179,"column":48}}],"line":179},"31":{"loc":{"start":{"line":183,"column":57},"end":{"line":183,"column":67}},"type":"default-arg","locations":[{"start":{"line":183,"column":65},"end":{"line":183,"column":67}}],"line":183},"32":{"loc":{"start":{"line":196,"column":21},"end":{"line":198,"column":75}},"type":"cond-expr","locations":[{"start":{"line":197,"column":10},"end":{"line":197,"column":53}},{"start":{"line":198,"column":10},"end":{"line":198,"column":75}}],"line":196}},"s":{"0":1,"1":1,"2":2,"3":2,"4":2,"5":1,"6":24,"7":24,"8":4,"9":20,"10":20,"11":20,"12":20,"13":1,"14":20,"15":20,"16":0,"17":20,"18":1,"19":16,"20":1,"21":20,"22":20,"23":1,"24":7,"25":0,"26":7,"27":7,"28":0,"29":7,"30":1,"31":9,"32":8,"33":1,"34":1,"35":0,"36":1,"37":7,"38":1,"39":7,"40":1,"41":6,"42":6,"43":6,"44":6,"45":2,"46":2,"47":2,"48":2,"49":1,"50":1,"51":4,"52":0,"53":4,"54":1,"55":6,"56":6,"57":8,"58":8,"59":8,"60":8,"61":0,"62":8,"63":0,"64":8,"65":8,"66":0,"67":8,"68":0,"69":8,"70":8,"71":6,"72":2,"73":1,"74":1,"75":6,"76":6,"77":2,"78":2,"79":2,"80":1,"81":1,"82":1,"83":5,"84":1,"85":0,"86":0,"87":0,"88":1,"89":0,"90":1,"91":7,"92":7,"93":7,"94":7,"95":6,"96":5,"97":5,"98":5,"99":1},"f":{"0":2,"1":24,"2":20,"3":16,"4":20,"5":7,"6":9,"7":7,"8":1,"9":2,"10":2,"11":6,"12":8,"13":2,"14":0,"15":0,"16":7},"b":{"0":[4,20],"1":[20,0],"2":[0,20],"3":[20,0],"4":[0,7],"5":[0,7],"6":[0],"7":[8,1],"8":[1,0],"9":[0],"10":[1,6],"11":[1,6],"12":[6,3,2],"13":[6,3],"14":[6,3],"15":[2,4],"16":[6,4],"17":[1,1],"18":[0,4],"19":[0],"20":[0,8],"21":[0,8],"22":[8,8],"23":[7,1],"24":[7,7],"25":[0,8],"26":[0,8],"27":[1,1],"28":[1,1],"29":[1,0],"30":[0],"31":[0],"32":[1,4]},"_coverageSchema":"1a1c01bbd47fc00a2c39e90264f33305004495a9","hash":"cf857ba2e1dacd29849b2629e68fb7ccf0fc073c"}
,"C:\\Users\\ricar\\Desktop\\50+10\\50-10\\backend\\src\\services\\bookingService.js": {"path":"C:\\Users\\ricar\\Desktop\\50+10\\50-10\\backend\\src\\services\\bookingService.js","statementMap":{"0":{"start":{"line":1,"column":20},"end":{"line":1,"column":64}},"1":{"start":{"line":2,"column":18},"end":{"line":2,"column":60}},"2":{"start":{"line":4,"column":18},"end":{"line":8,"column":1}},"3":{"start":{"line":5,"column":17},"end":{"line":5,"column":36}},"4":{"start":{"line":6,"column":4},"end":{"line":6,"column":33}},"5":{"start":{"line":7,"column":4},"end":{"line":7,"column":16}},"6":{"start":{"line":10,"column":43},"end":{"line":19,"column":1}},"7":{"start":{"line":11,"column":23},"end":{"line":11,"column":58}},"8":{"start":{"line":12,"column":20},"end":{"line":12,"column":52}},"9":{"start":{"line":14,"column":4},"end":{"line":18,"column":7}},"10":{"start":{"line":15,"column":33},"end":{"line":15,"column":79}},"11":{"start":{"line":16,"column":30},"end":{"line":16,"column":73}},"12":{"start":{"line":17,"column":8},"end":{"line":17,"column":74}},"13":{"start":{"line":21,"column":23},"end":{"line":23,"column":1}},"14":{"start":{"line":22,"column":4},"end":{"line":22,"column":49}},"15":{"start":{"line":25,"column":17},"end":{"line":29,"column":1}},"16":{"start":{"line":26,"column":17},"end":{"line":26,"column":64}},"17":{"start":{"line":27,"column":4},"end":{"line":27,"column":60}},"18":{"start":{"line":27,"column":15},"end":{"line":27,"column":60}},"19":{"start":{"line":28,"column":4},"end":{"line":28,"column":22}},"20":{"start":{"line":31,"column":34},"end":{"line":41,"column":1}},"21":{"start":{"line":32,"column":4},"end":{"line":32,"column":77}},"22":{"start":{"line":32,"column":24},"end":{"line":32,"column":77}},"23":{"start":{"line":34,"column":22},"end":{"line":34,"column":77}},"24":{"start":{"line":36,"column":4},"end":{"line":40,"column":8}},"25":{"start":{"line":36,"column":40},"end":{"line":40,"column":5}},"26":{"start":{"line":43,"column":34},"end":{"line":52,"column":1}},"27":{"start":{"line":44,"column":1
[...]
ine":22,"column":28}},"16":{"start":{"line":26,"column":32},"end":{"line":36,"column":1}},"17":{"start":{"line":27,"column":31},"end":{"line":31,"column":5}},"18":{"start":{"line":33,"column":4},"end":{"line":35,"column":5}},"19":{"start":{"line":34,"column":8},"end":{"line":34,"column":90}},"20":{"start":{"line":38,"column":26},"end":{"line":62,"column":1}},"21":{"start":{"line":39,"column":4},"end":{"line":41,"column":5}},"22":{"start":{"line":40,"column":8},"end":{"line":40,"column":60}},"23":{"start":{"line":43,"column":4},"end":{"line":45,"column":5}},"24":{"start":{"line":44,"column":8},"end":{"line":44,"column":53}},"25":{"start":{"line":47,"column":4},"end":{"line":49,"column":5}},"26":{"start":{"line":48,"column":8},"end":{"line":48,"column":62}},"27":{"start":{"line":51,"column":4},"end":{"line":53,"column":5}},"28":{"start":{"line":52,"column":8},"end":{"line":52,"column":60}},"29":{"start":{"line":55,"column":4},"end":{"line":57,"column":5}},"30":{"start":{"line":56,"column":8},"end":{"line":56,"column":54}},"31":{"start":{"line":59,"column":4},"end":{"line":61,"column":5}},"32":{"start":{"line":60,"column":8},"end":{"line":60,"column":51}},"33":{"start":{"line":64,"column":26},"end":{"line":78,"column":1}},"34":{"start":{"line":65,"column":19},"end":{"line":65,"column":37}},"35":{"start":{"line":67,"column":4},"end":{"line":69,"column":5}},"36":{"start":{"line":68,"column":8},"end":{"line":68,"column":33}},"37":{"start":{"line":71,"column":20},"end":{"line":71,"column":57}},"38":{"start":{"line":73,"column":4},"end":{"line":73,"column":68}},"39":{"start":{"line":73,"column":44},"end":{"line":73,"column":68}},"40":{"start":{"line":74,"column":4},"end":{"line":74,"column":50}},"41":{"start":{"line":74,"column":35},"end":{"line":74,"column":50}},"42":{"start":{"line":75,"column":4},"end":{"line":75,"column":46}},"43":{"start":{"line":75,"column":33},"end":{"line":75,"column":46}},"44":{"start":{"line":77,"column":4},"end":{"line":77,"column":14}},"45":{"start":{"line":80,"column":32},"end":{"line":104,"column":1}},"46":{"start":{"line":81,"column":4},"end":{"line":97,"column":5}},"47":{"start":{"line":82,"column":22},"end":{"line":82,"column":45}},"48":{"start":{"line":84,"column":8},"end":{"line":86,"column":9}},"49":{"start":{"line":85,"column":12},"end":{"line":85,"column":89}},"50":{"start":{"line":88,"column":8},"end":{"line":90,"column":9}},"51":{"start":{"line":89,"column":12},"end":{"line":89,"column":76}},"52":{"start":{"line":92,"column":8},"end":{"line":94,"column":9}},"53":{"start":{"line":93,"column":12},"end":{"line":93,"column":74}},"54":{"start":{"line":96,"column":8},"end":{"line":96,"column":84}},"55":{"start":{"line":99,"column":4},"end":{"line":101,"column":5}},"56":{"start":{"line":100,"column":8},"end":{"line":100,"column":56}},"57":{"start":{"line":103,"column":4},"end":{"line":103,"column":15}},"58":{"start":{"line":106,"column":24},"end":{"line":138,"column":1}},"59":{"start":{"line":107,"column":4},"end":{"line":107,"column":29}},"60":{"start":{"line":109,"column":30},"end":{"line":109,"column":55}},"61":{"start":{"line":110,"column":4},"end":{"line":112,"column":5}},"62":{"start":{"line":111,"column":8},"end":{"line":111,"column":61}},"63":{"start":{"line":114,"column":4},"end":{"line":116,"column":5}},"64":{"start":{"line":115,"column":8},"end":{"line":115,"column":78}},"65":{"start":{"line":118,"column":4},"end":{"line":120,"column":5}},"66":{"start":{"line":119,"column":8},"end":{"line":119,"column":69}},"67":{"start":{"line":122,"column":26},"end":{"line":122,"column":76}},"68":{"start":{"line":123,"column":4},"end":{"line":125,"column":5}},"69":{"start":{"line":124,"column":8},"end":{"line":124,"column":60}},"70":{"start":{"line":127,"column":17},"end":{"line":127,"column":44}},"71":{"start":{"line":130,"column":4},"end":{"line":134,"column":5}},"72":{"start":{"line":131,"column":8},"end":{"line":131,"column":87}},"73":{"start":{"line":133,"column":8},"end":{"line":133,"column":38}},"74":{"start":{"line":136,"column":53},"end":{"line":136,"column":63}},"75":{"start":{"line":137,"column":4},"end":{"line":137,"column":24}},"76":{"start":{"line":140,"column":28},"end":{"line":175,"column":1}},"77":{"start":{"line":141,"column":4},"end":{"line":143,"column":5}},"78":{"start":{"line":142,"column":8},"end":{"line":142,"column":60}},"79":{"start":{"line":145,"column":4},"end":{"line":145,"column":29}},"80":{"start":{"line":147,"column":28},"end":{"line":147,"column":71}},"81":{"start":{"line":148,"column":4},"end":{"line":150,"column":5}},"82":{"start":{"line":149,"column":8},"end":{"line":149,"column":59}},"83":{"start":{"line":152,"column":4},"end":{"line":152,"column":56}},"84":{"start":{"line":154,"column":4},"end":{"line":156,"column":5}},"85":{"start":{"line":155,"column":8},"end":{"line":155,"column":69}},"86":{"start":{"line":158,"column":26},"end":{"line":158,"column":50}},"87":{"start":{"line":159,"column":17},"end":{"line":159,"column":72}},"88":{"start":{"line":163,"column":4},"end":{"line":171,"column":5}},"89":{"start":{"line":164,"column":8},"end":{"line":168,"column":11}},"90":{"start":{"line":170,"column":8},"end":{"line":170,"column":38}},"91":{"start":{"line":173,"column":53},"end":{"line":173,"column":63}},"92":{"start":{"line":174,"column":4},"end":{"line":174,"column":24}},"93":{"start":{"line":177,"column":34},"end":{"line":192,"column":1}},"94":{"start":{"line":178,"column":4},"end":{"line":180,"column":5}},"95":{"start":{"line":179,"column":8},"end":{"line":179,"column":60}},"96":{"start":{"line":182,"column":28},"end":{"line":182,"column":71}},"97":{"start":{"line":183,"column":4},"end":{"line":185,"column":5}},"98":{"start":{"line":184,"column":8},"end":{"line":184,"column":59}},"99":{"start":{"line":187,"column":4},"end":{"line":187,"column":56}},"100":{"start":{"line":189,"column":23},"end":{"line":189,"column":90}},"101":{"start":{"line":190,"column":53},"end":{"line":190,"column":63}},"102":{"start":{"line":191,"column":4},"end":{"line":191,"column":24}},"103":{"start":{"line":194,"column":29},"end":{"line":231,"column":1}},"104":{"start":{"line":195,"column":4},"end":{"line":197,"column":5}},"105":{"start":{"line":196,"column":8},"end":{"line":196,"column":72}},"106":{"start":{"line":199,"column":23},"end":{"line":199,"column":62}},"107":{"start":{"line":201,"column":4},"end":{"line":203,"column":5}},"108":{"start":{"line":202,"column":8},"end":{"line":202,"column":55}},"109":{"start":{"line":205,"column":4},"end":{"line":207,"column":5}},"110":{"start":{"line":206,"column":8},"end":{"line":206,"column":70}},"111":{"start":{"line":209,"column":26},"end":{"line":209,"column":52}},"112":{"start":{"line":211,"column":4},"end":{"line":213,"column":5}},"113":{"start":{"line":212,"column":8},"end":{"line":212,"column":55}},"114":{"start":{"line":215,"column":18},"end":{"line":222,"column":5}},"115":{"start":{"line":224,"column":53},"end":{"line":224,"column":63}},"116":{"start":{"line":226,"column":4},"end":{"line":230,"column":6}},"117":{"start":{"line":233,"column":0},"end":{"line":239,"column":2}}},"fnMap":{"0":{"name":"(anonymous_0)","decl":{"start":{"line":8,"column":18},"end":{"line":8,"column":19}},"loc":{"start":{"line":8,"column":44},"end":{"line":12,"column":1}},"line":8},"1":{"name":"(anonymous_1)","decl":{"start":{"line":14,"column":21},"end":{"line":14,"column":22}},"loc":{"start":{"line":14,"column":35},"end":{"line":16,"column":1}},"line":14},"2":{"name":"(anonymous_2)","decl":{"start":{"line":18,"column":27},"end":{"line":18,"column":28}},"loc":{"start":{"line":18,"column":39},"end":{"line":24,"column":1}},"line":18},"3":{"name":"(anonymous_3)","decl":{"start":{"line":20,"column":28},"end":{"line":20,"column":29}},"loc":{"start":{"line":20,"column":44},"end":{"line":23,"column":5}},"line":20},"4":{"name":"(anonymous_4)","decl":{"start":{"line":26,"column":32},"end":{"line":26,"column":33}},"loc":{"start":{"line":26,"column":47},"end":{"line":36,"column":1}},"line":26},"5":{"name":"(anonymous_5)","decl":{"start":{"line":38,"column":26},"end":{"line":38,"column":27}},"loc":{"start":{"line":38,"column":37},"end":{"line":62,"column":1}},"line":38},"6":{"name":"(anonymous_6)","decl":{"start":{"line":64,"column":26},"end":{"line":64,"column":27}},"loc":{"start":{"line":64,"column":36},"end":{"line":78,"column":1}},"line":64},"7":{"name":"(anonymous_7)","decl":{"start":{"line":80,"column":32},"end":{"line":80,"column":33}},"loc":{"start":{"line":80,"column":42},"end":{"line":104,"column":1}},"line":80},"8":{"name":"(anonymous_8)","decl":{"start":{"line":106,"column":24},"end":{"line":106,"column":25}},"loc":{"start":{"line":106,"column":41},"end":{"line":138,"column":1}},"line":106},"9":{"name":"(anonymous_9)","decl":{"start":{"line":140,"column":28},"end":{"line":140,"column":29}},"loc":{"start":{"line":140,"column":59},"end":{"line":175,"column":1}},"line":140},"10":{"name":"(anonymous_10)","decl":{"start":{"line":177,"column":34},"end":{"line":177,"column":35}},"loc":{"start":{"line":177,"column":69},"end":{"line":192,"column":1}},"line":177},"11":{"name":"(anonymous_11)","decl":{"start":{"line":194,"column":29},"end":{"line":194,"column":30}},"loc":{"start":{"line":194,"column":60},"end":{"line":231,"column":1}},"line":194}},"branchMap":{"0":{"loc":{"start":{"line":6,"column":19},"end":{"line":6,"column":79}},"type":"binary-expr","locations":[{"start":{"line":6,"column":19},"end":{"line":6,"column":41}},{"start":{"line":6,"column":45},"end":{"line":6,"column":79}}],"line":6},"1":{"loc":{"start":{"line":33,"column":4},"end":{"line":35,"column":5}},"type":"if","locations":[{"start":{"line":33,"column":4},"end":{"line":35,"column":5}},{"start":{},"end":{}}],"line":33},"2":{"loc":{"start":{"line":39,"column":4},"end":{"line":41,"column":5}},"type":"if","locations":[{"start":{"line":39,"column":4},"end":{"line":41,"column":5}},{"start":{},"end":{}}],"line":39},"3":{"loc":{"start":{"line":43,"column":4},"end":{"line":45,"column":5}},"type":"if","locations":[{"start":{"line":43,"column":4},"end":{"line":45,"column":5}},{"start":{},"end":{}}],"line":43},"4":{"loc":{"start":{"line":47,"column":4},"end":{"line":49,"column":5}},"type":"if","locations":[{"start":{"line":47,"column":4},"end":{"line":49,"column":5}},{"start":{},"end":{}}],"line":47},"5":{"loc":{"start":{"line":51,"column":4},"end":{"line":53,"column":5}},"type":"if","locations":[{"start":{"line":51,"column":4},"end":{"line":53,"column":5}},{"start":{},"end":{}}],"line":51},"6":{"loc":{"start":{"line":55,"column":4},"end":{"line":57,"column":5}},"type":"if","locations":[{"start":{"line":55,"column":4},"end":{"line":57,"column":5}},{"start":{},"end":{}}],"line":55},"7":{"loc":{"start":{"line":59,"column":4},"end":{"line":61,"column":5}},"type":"if","locations":[{"start":{"line":59,"column":4},"end":{"line":61,"column":5}},{"start":{},"end":{}}],"line":59},"8":{"loc":{"start":{"line":67,"column":4},"end":{"line":69,"column":5}},"type":"if","locations":[{"start":{"line":67,"column":4},"end":{"line":69,"column":5}},{"start":{},"end":{}}],"line":67},"9":{"loc":{"start":{"line":67,"column":8},"end":{"line":67,"column":50}},"type":"binary-expr","locations":[{"start":{"line":67,"column":8},"end":{"line":67,"column":29}},{"start":{"line":67,"column":33},"end":{"line":67,"column":50}}],"line":67},"10":{"loc":{"start":{"line":71,"column":27},"end":{"line":71,"column":56}},"type":"binary-expr","locations":[{"start":{"line":71,"column":27},"end":{"line":71,"column":33}},{"start":{"line":71,"column":37},"end":{"line":71,"column":50}},{"start":{"line":71,"column":54},"end":{"line":71,"column":56}}],"line":71},"11":{"loc":{"start":{"line":73,"column":4},"end":{"line":73,"column":68}},"type":"if","locations":[{"start":{"line":73,"column":4},"end":{"line":73,"column":68}},{"start":{},"end":{}}],"line":73},"12":{"loc":{"start":{"line":74,"column":4},"end":{"line":74,"column":50}},"type":"if","locations":[{"start":{"line":74,"column":4},"end":{"line":74,"column":50}},{"start":{},"end":{}}],"line":74},"13":{"loc":{"start":{"line":75,"column":4},"end":{"line":75,"column":46}},"type":"if","locations":[{"start":{"line":75,"column":4},"end":{"line":75,"column":46}},{"start":{},"end":{}}],"line":75},"14":{"loc":{"start":{"line":81,"column":4},"end":{"line":97,"column":5}},"type":"if","locations":[{"start":{"line":81,"column":4},"end":{"line":97,"column":5}},{"start":{},"end":{}}],"line":81},"15":{"loc":{"start":{"line":81,"column":8},"end":{"line":81,"column":98}},"type":"binary-expr","locations":[{"start":{"line":81,"column":8},"end":{"line":81,"column":30}},{"start":{"line":81,"column":34},"end":{"line":81,"column":98}}],"line":81},"16":{"loc":{"start":{"line":81,"column":41},"end":{"line":81,"column":60}},"type":"binary-expr","locations":[{"start":{"line":81,"column":41},"end":{"line":81,"column":54}},{"start":{"line":81,"column":58},"end":{"line":81,"column":60}}],"line":81},"17":{"loc":{"start":{"line":84,"column":8},"end":{"line":86,"column":9}},"type":"if","locations":[{"start":{"line":84,"column":8},"end":{"line":86,"column":9}},{"start":{},"end":{}}],"line":84},"18":{"loc":{"start":{"line":88,"column":8},"end":{"line":90,"column":9}},"type":"if","locations":[{"start":{"line":88,"column":8},"end":{"line":90,"column":9}},{"start":{},"end":{}}],"line":88},"19":{"loc":{"start":{"line":92,"column":8},"end":{"line":94,"column":9}},"type":"if","locations":[{"start":{"line":92,"column":8},"end":{"line":94,"column":9}},{"start":{},"end":{}}],"line":92},"20":{"loc":{"start":{"line":99,"column":4},"end":{"line":101,"column":5}},"type":"if","locations":[{"start":{"line":99,"column":4},"end":{"line":101,"column":5}},{"start":{},"end":{}}],"line":99},"21":{"loc":{"start":{"line":110,"column":4},"end":{"line":112,"column":5}},"type":"if","locations":[{"start":{"line":110,"column":4},"end":{"line":112,"column":5}},{"start":{},"end":{}}],"line":110},"22":{"loc":{"start":{"line":110,"column":8},"end":{"line":110,"column":116}},"type":"binary-expr","locations":[{"start":{"line":110,"column":8},"end":{"line":110,"column":38}},{"start":{"line":110,"column":42},"end":{"line":110,"column":67}},{"start":{"line":110,"column":71},"end":{"line":110,"column":116}}],"line":110},"23":{"loc":{"start":{"line":114,"column":4},"end":{"line":116,"column":5}},"type":"if","locations":[{"start":{"line":114,"column":4},"end":{"line":116,"column":5}},{"start":{},"end":{}}],"line":114},"24":{"loc":{"start":{"line":114,"column":8},"end":{"line":114,"column":70}},"type":"binary-expr","locations":[{"start":{"line":114,"column":8},"end":{"line":114,"column":45}},{"start":{"line":114,"column":49},"end":{"line":114,"column":70}}],"line":114},"25":{"loc":{"start":{"line":118,"column":4},"end":{"line":120,"column":5}},"type":"if","locations":[{"start":{"line":118,"column":4},"end":{"line":120,"column":5}},{"start":{},"end":{}}],"line":118},"26":{"loc":{"start":{"line":118,"column":8},"end":{"line":118,"column":64}},"type":"binary-expr","locations":[{"start":{"line":118,"column":8},"end":{"line":118,"column":49}},{"start":{"line":118,"column":53},"end":{"line":118,"column":64}}],"line":118},"27":{"loc":{"start":{"line":122,"column":26},"end":{"line":122,"column":76}},"type":"binary-expr","locations":[{"start":{"line":122,"column":26},"end":{"line":122,"column":44}},{"start":{"line":122,"column":48},"end":{"line":122,"column":70}},{"start":{"line":122,"column":74},"end":{"line":122,"column":76}}],"line":122},"28":{"loc":{"start":{"line":123,"column":4},"end":{"line":125,"column":5}},"type":"if","locations":[{"start":{"line":123,"column":4},"end":{"line":125,"column":5}},{"start":{},"end":{}}],"line":123},"29":{"loc":{"start":{"line":141,"column":4},"end":{"line":143,"column":5}},"type":"if","locations":[{"start":{"line":141,"column":4},"end":{"line":143,"column":5}},{"start":{},"end":{}}],"line":141},"30":{"loc":{"start":{"line":148,"column":4},"end":{"line":150,"column":5}},"type":"if","locations":[{"start":{"line":148,"column":4},"end":{"line":150,"column":5}},{"start":{},"end":{}}],"line":148},"31":{"loc":{"start":{"line":154,"column":4},"end":{"line":156,"column":5}},"type":"if","locations":[{"start":{"line":154,"column":4},"end":{"line":156,"column":5}},{"start":{},"end":{}}],"line":154},"32":{"loc":{"start":{"line":154,"column":8},"end":{"line":154,"column":74}},"type":"binary-expr","locations":[{"start":{"line":154,"column":8},"end":{"line":154,"column":59}},{"start":{"line":154,"column":63},"end":{"line":154,"column":74}}],"line":154},"33":{"loc":{"start":{"line":158,"column":26},"end":{"line":158,"column":50}},"type":"binary-expr","locations":[{"start":{"line":158,"column":26},"end":{"line":158,"column":44}},{"start":{"line":158,"column":48},"end":{"line":158,"column":50}}],"line":158},"34":{"loc":{"start":{"line":159,"column":17},"end":{"line":159,"column":72}},"type":"cond-expr","locations":[{"start":{"line":159,"column":33},"end":{"line":159,"column":60}},{"start":{"line":159,"column":63},"end":{"line":159,"column":72}}],"line":159},"35":{"loc":{"start":{"line":178,"column":4},"end":{"line":180,"column":5}},"type":"if","locations":[{"start":{"line":178,"column":4},"end":{"line":180,"column":5}},{"start":{},"end":{}}],"line":178},"36":{"loc":{"start":{"line":183,"column":4},"end":{"line":185,"column":5}},"type":"if","locations":[{"start":{"line":183,"column":4},"end":{"line":185,"column":5}},{"start":{},"end":{}}],"line":183},"37":{"loc":{"start":{"line":195,"column":4},"end":{"line":197,"column":5}},"type":"if","locations":[{"start":{"line":195,"column":4},"end":{"line":197,"column":5}},{"start":{},"end":{}}],"line":195},"38":{"loc":{"start":{"line":195,"column":8},"end":{"line":195,"column":31}},"type":"binary-expr","locations":[{"start":{"line":195,"column":8},"end":{"line":195,"column":14}},{"start":{"line":195,"column":18},"end":{"line":195,"column":31}}],"line":195},"39":{"loc":{"start":{"line":201,"column":4},"end":{"line":203,"column":5}},"type":"if","locations":[{"start":{"line":201,"column":4},"end":{"line":203,"column":5}},{"start":{},"end":{}}],"line":201},"40":{"loc":{"start":{"line":205,"column":4},"end":{"line":207,"column":5}},"type":"if","locations":[{"start":{"line":205,"column":4},"end":{"line":207,"column":5}},{"start":{},"end":{}}],"line":205},"41":{"loc":{"start":{"line":211,"column":4},"end":{"line":213,"column":5}},"type":"if","locations":[{"start":{"line":211,"column":4},"end":{"line":213,"column":5}},{"start":{},"end":{}}],"line":211}},"s":{"0":1,"1":1,"2":1,"3":1,"4":1,"5":1,"6":11,"7":11,"8":11,"9":1,"10":4,"11":1,"12":0,"13":0,"14":0,"15":0,"16":1,"17":0,"18":0,"19":0,"20":1,"21":13,"22":1,"23":12,"24":1,"25":11,"26":1,"27":10,"28":1,"29":9,"30":1,"31":8,"32":1,"33":1,"34":2,"35":2,"36":2,"37":0,"38":0,"39":0,"40":0,"41":0,"42":0,"43":0,"44":0,"45":1,"46":2,"47":2,"48":2,"49":1,"50":1,"51":1,"52":0,"53":0,"54":0,"55":0,"56":0,"57":0,"58":1,"59":13,"60":7,"61":7,"62":1,"63":6,"64":0,"65":6,"66":1,"67":5,"68":5,"69":1,"70":4,"71":4,"72":4,"73":2,"74":2,"75":2,"76":1,"77":0,"78":0,"79":0,"80":0,"81":0,"82":0,"83":0,"84":0,"85":0,"86":0,"87":0,"88":0,"89":0,"90":0,"91":0,"92":0,"93":1,"94":0,"95":0,"96":0,"97":0,"98":0,"99":0,"100":0,"101":0,"102":0,"103":1,"104":0,"105":0,"106":0,"107":0,"108":0,"109":0,"110":0,"111":0,"112":0,"113":0,"114":0,"115":0,"116":0,"117":1},"f":{"0":11,"1":4,"2":0,"3":0,"4":0,"5":13,"6":2,"7":2,"8":13,"9":0,"10":0,"11":0},"b":{"0":[1,1],"1":[0,0],"2":[1,12],"3":[1,11],"4":[1,10],"5":[1,9],"6":[1,8],"7":[1,7],"8":[2,0],"9":[2,2],"10":[0,0,0],"11":[0,0],"12":[0,0],"13":[0,0],"14":[2,0],"15":[2,0],"16":[0,0],"17":[1,1],"18":[1,0],"19":[0,0],"20":[0,0],"21":[1,6],"22":[7,7,7],"23":[0,6],"24":[6,0],"25":[1,5],"26":[6,2],"27":[5,1,1],"28":[1,4],"29":[0,0],"30":[0,0],"31":[0,0],"32":[0,0],"33":[0,0],"34":[0,0],"35":[0,0],"36":[0,0],"37":[0,0],"38":[0,0],"39":[0,0],"40":[0,0],"41":[0,0]},"_coverageSchema":"1a1c01bbd47fc00a2c39e90264f33305004495a9","hash":"9c9eb4e8f5bda5628e621b428066ae56d0d49d1d"}
}
