TN:
SF:src\authMiddleware.js
FN:6,(anonymous_0)
FN:27,(anonymous_1)
FN:28,(anonymous_2)
FNF:3
FNH:1
FNDA:5,(anonymous_0)
FNDA:0,(anonymous_1)
FNDA:0,(anonymous_2)
DA:1,1
DA:2,1
DA:4,1
DA:6,1
DA:7,5
DA:9,5
DA:10,2
DA:13,3
DA:15,3
DA:16,3
DA:17,1
DA:18,1
DA:20,2
DA:27,1
DA:28,0
DA:29,0
DA:30,0
DA:33,0
DA:34,0
DA:37,0
DA:41,1
LF:21
LH:15
BRDA:4,0,0,1
BRDA:4,0,1,1
BRDA:9,1,0,2
BRDA:9,1,1,3
BRDA:9,2,0,5
BRDA:9,2,1,4
BRDA:29,3,0,0
BRDA:29,3,1,0
BRDA:33,4,0,0
BRDA:33,4,1,0
BRF:10
BRH:6
end_of_record
TN:
SF:src\config\permissions.js
FNF:0
FNH:0
DA:1,4
DA:7,4
LF:2
LH:2
BRF:0
BRH:0
end_of_record
TN:
SF:src\controllers\bookingController.js
FN:3,(anonymous_0)
FN:16,(anonymous_1)
FN:33,(anonymous_2)
FN:43,(anonymous_3)
FNF:4
FNH:2
FNDA:2,(anonymous_0)
FNDA:2,(anonymous_1)
FNDA:0,(anonymous_2)
FNDA:0,(anonymous_3)
DA:1,1
DA:3,1
DA:4,2
DA:5,2
DA:6,2
DA:7,1
DA:9,1
DA:10,1
DA:16,1
DA:17,2
DA:19,2
DA:20,2
DA:21,2
DA:23,2
DA:24,1
DA:26,1
DA:27,1
DA:33,1
DA:34,0
DA:35,0
DA:36,0
DA:38,0
DA:39,0
DA:43,1
DA:44,0
DA:45,0
DA:46,0
DA:47,0
DA:49,0
DA:50,0
DA:56,1
LF:31
LH:20
BRDA:10,0,0,1
BRDA:10,0,1,0
BRDA:11,1,0,1
BRDA:11,1,1,0
BRDA:19,2,0,2
BRDA:19,2,1,0
BRDA:21,3,0,2
BRDA:21,3,1,0
BRDA:27,4,0,1
BRDA:27,4,1,0
BRDA:28,5,0,1
BRDA:28,5,1,0
BRDA:45,6,0,0
BRDA:45,6,1,0
BRDA:45,7,0,0
BRDA:45,7,1,0
BRDA:50,8,0,0
BRDA:50,8,1,0
BRDA:51,9,0,0
BRDA:51,9,1,0
BRF:20
BRH:6
end_of_record
TN:
SF:src\repositories\bookingRepository.js
FN:4,(anonymous_0)
FN:17,(anonymous_1)
FN:24,(anonymous_2)
FN:31,(anonymous_3)
FN:39,(anonymous_4)
FN:50,(anonymous_5)
FN:57,(anonymous_6)
FN:67,(anonymous_7)
FN:87,(anonymous_8)
FN:100,(anonymous_9)
FN:111,(anonymous_10)
FNF:11
FNH:0
FNDA:0,(anonymous_0)
FNDA:0,(anonymous_1)
FNDA:0,(anonymous_2)
FNDA:0,(anonymous_3)
FNDA:0,(anonymous_4)
FNDA:0,(anonymous_5)
FNDA:0,(anonymous_6)
FNDA:0,(anonymous_7)
FNDA:0,(anonymous_8)
FNDA:0,(anonymous_9)
FNDA:0,(anonymous_10)
DA:1,2
DA:2,2
DA:4,2
DA:5,0
DA:15,2
DA:18,0
DA:25,0
DA:32,0
DA:40,0
DA:51,0
DA:58,0
DA:68,0
DA:88,0
DA:101,0
DA:112,0
DA:122,2
LF:16
LH:5
BRDA:92,0,0,0
BRDA:92,0,1,0
BRDA:94,1,0,0
BRDA:94,1,1,0
BRDA:111,2,0,0
BRDA:116,3,0,0
BRDA:116,3,1,0
BRF:7
BRH:0
end_of_record
TN:
SF:src\repositories\classRepository.js
FN:4,(anonymous_0)
FN:30,(anonymous_1)
FN:41,(anonymous_2)
FN:50,(anonymous_3)
FN:69,(anonymous_4)
FN:71,(anonymous_5)
FN:78,(anonymous_6)
FN:106,(anonymous_7)
FN:123,(anonymous_8)
FN:129,(anonymous_9)
FN:135,(anonymous_10)
FN:141,(anonymous_11)
FNF:12
FNH:0
FNDA:0,(anonymous_0)
FNDA:0,(anonymous_1)
FNDA:0,(anonymous_2)
FNDA:0,(anonymous_3)
FNDA:0,(anonymous_4)
FNDA:0,(anonymous_5)
FNDA:0,(anonymous_6)
FNDA:0,(anonymous_7)
FNDA:0,(anonymous_8)
FNDA:0,(anonymous_9)
FNDA:0,(anonymous_10)
FNDA:0,(anonymous_11)
DA:1,3
DA:2,3
DA:4,3
DA:5,0
DA:30,3
DA:31,0
DA:37,3
DA:42,0
DA:51,0
DA:69,0
DA:72,0
DA:79,0
DA:107,0
DA:124,0
DA:130,0
DA:136,0
DA:142,0
DA:148,3
LF:18
LH:6
BRDA:30,0,0,0
BRF:1
BRH:0
end_of_record
TN:
SF:src\repositories\inventoryRepository.js
FN:6,(anonymous_0)
FN:21,(anonymous_1)
FN:31,(anonymous_2)
FN:43,(anonymous_3)
FNF:4
FNH:0
FNDA:0,(anonymous_0)
FNDA:0,(anonymous_1)
FNDA:0,(anonymous_2)
FNDA:0,(anonymous_3)
DA:1,1
DA:2,1
DA:4,1
DA:7,0
DA:22,0
DA:32,0
DA:44,0
DA:50,1
LF:8
LH:4
BRDA:36,0,0,0
BRDA:36,0,1,0
BRF:2
BRH:0
end_of_record
TN:
SF:src\repositories\paymentRepository.js
FN:5,(anonymous_0)
FN:19,(anonymous_1)
FN:35,(anonymous_2)
FN:58,(anonymous_3)
FN:73,(anonymous_4)
FNF:5
FNH:0
FNDA:0,(anonymous_0)
FNDA:0,(anonymous_1)
FNDA:0,(anonymous_2)
FNDA:0,(anonymous_3)
FNDA:0,(anonymous_4)
DA:1,1
DA:2,1
DA:4,1
DA:6,0
DA:20,0
DA:33,1
DA:35,1
DA:36,0
DA:37,0
DA:53,0
DA:54,0
DA:58,1
DA:59,0
DA:73,1
DA:74,0
DA:83,1
LF:16
LH:8
BRDA:11,0,0,0
BRDA:11,0,1,0
BRDA:13,1,0,0
BRDA:13,1,1,0
BRDA:25,2,0,0
BRDA:25,2,1,0
BRF:6
BRH:0
end_of_record
TN:
SF:src\repositories\rentalRepository.js
FN:4,(anonymous_0)
FN:28,(anonymous_1)
FN:46,(anonymous_2)
FN:52,(anonymous_3)
FN:53,(anonymous_4)
FN:61,(anonymous_5)
FN:83,(anonymous_6)
FN:97,(anonymous_7)
FN:106,(anonymous_8)
FN:115,(anonymous_9)
FN:122,(anonymous_10)
FN:131,(anonymous_11)
FN:132,(anonymous_12)
FNF:13
FNH:0
FNDA:0,(anonymous_0)
FNDA:0,(anonymous_1)
FNDA:0,(anonymous_2)
FNDA:0,(anonymous_3)
FNDA:0,(anonymous_4)
FNDA:0,(anonymous_5)
FNDA:0,(anonymous_6)
FNDA:0,(anonymous_7)
FNDA:0,(anonymous_8)
FNDA:0,(anonymous_9)
FNDA:0,(anonymous_10)
FNDA:0,(anonymous_11)
FNDA:0,(anonymous_12)
DA:1,1
DA:2,1
DA:4,1
DA:5,0
DA:28,1
DA:29,0
DA:46,1
DA:47,0
DA:52,1
DA:53,0
DA:54,0
DA:61,0
DA:70,0
DA:71,0
DA:79,0
DA:83,1
DA:84,0
DA:97,1
DA:98,0
DA:106,1
DA:107,0
DA:115,1
DA:116,0
DA:122,1
DA:123,0
DA:131,1
DA:132,0
DA:133,0
DA:140,0
DA:141,0
DA:144,0
DA:145,0
DA:152,0
DA:165,0
DA:172,0
DA:173,0
DA:184,0
DA:202,1
LF:38
LH:13
BRDA:131,0,0,0
BRDA:140,1,0,0
BRDA:140,1,1,0
BRDA:172,2,0,0
BRDA:172,2,1,0
BRF:5
BRH:0
end_of_record
TN:
SF:src\repositories\userRepository.js
FN:9,(anonymous_0)
FN:41,(anonymous_1)
FN:48,(anonymous_2)
FNF:3
FNH:0
FNDA:0,(anonymous_0)
FNDA:0,(anonymous_1)
FNDA:0,(anonymous_2)
DA:1,2
DA:2,2
DA:3,2
DA:4,2
DA:7,2
DA:10,0
DA:11,0
DA:19,0
DA:42,0
DA:49,0
DA:51,0
DA:96,2
LF:12
LH:6
BRDA:66,0,0,0
BRDA:66,0,1,0
BRDA:70,1,0,0
BRDA:70,1,1,0
BRDA:74,2,0,0
BRDA:74,2,1,0
BRDA:77,3,0,0
BRDA:77,3,1,0
BRDA:81,4,0,0
BRDA:81,4,1,0
BRF:10
BRH:0
end_of_record
TN:
SF:src\services\authenticationService.js
FN:6,(anonymous_0)
FN:12,(anonymous_1)
FNF:2
FNH:2
FNDA:3,(anonymous_0)
FNDA:4,(anonymous_1)
DA:1,1
DA:2,1
DA:4,1
DA:6,1
DA:7,3
DA:8,3
DA:9,3
DA:12,1
DA:13,4
DA:14,1
DA:17,3
DA:19,3
DA:20,1
DA:23,2
DA:25,2
DA:26,1
DA:29,1
DA:38,1
DA:49,1
LF:19
LH:19
BRDA:4,0,0,1
BRDA:4,0,1,1
BRDA:13,1,0,1
BRDA:13,1,1,3
BRDA:13,2,0,4
BRDA:13,2,1,3
BRDA:19,3,0,1
BRDA:19,3,1,2
BRDA:25,4,0,1
BRDA:25,4,1,1
BRF:10
BRH:10
end_of_record
TN:
SF:src\services\bookingService.js
FN:4,(anonymous_0)
FN:11,(anonymous_1)
FN:15,(anonymous_2)
FN:21,(anonymous_3)
FN:40,(anonymous_4)
FN:63,(anonymous_5)
FN:70,(anonymous_6)
FN:83,(anonymous_7)
FN:106,(anonymous_8)
FN:110,(anonymous_9)
FNF:10
FNH:7
FNDA:4,(anonymous_0)
FNDA:0,(anonymous_1)
FNDA:1,(anonymous_2)
FNDA:5,(anonymous_3)
FNDA:1,(anonymous_4)
FNDA:2,(anonymous_5)
FNDA:2,(anonymous_6)
FNDA:3,(anonymous_7)
FNDA:0,(anonymous_8)
FNDA:0,(anonymous_9)
DA:1,2
DA:2,2
DA:4,2
DA:5,4
DA:6,4
DA:7,4
DA:11,2
DA:12,0
DA:15,2
DA:16,1
DA:17,1
DA:18,1
DA:21,2
DA:22,5
DA:23,1
DA:26,4
DA:27,4
DA:29,3
DA:30,3
DA:32,3
DA:34,3
DA:35,3
DA:36,3
DA:37,0
DA:40,3
DA:41,3
DA:42,1
DA:45,2
DA:46,2
DA:48,2
DA:49,1
DA:50,1
DA:51,1
DA:53,1
DA:55,1
DA:63,2
DA:64,2
DA:65,2
DA:66,2
DA:67,2
DA:70,2
DA:71,2
DA:72,1
DA:73,1
DA:76,1
DA:77,1
DA:83,2
DA:84,3
DA:85,0
DA:88,3
DA:90,3
DA:91,2
DA:92,2
DA:94,2
DA:95,2
DA:102,2
DA:106,2
DA:107,0
DA:110,2
DA:111,0
DA:112,0
DA:115,2
LF:62
LH:56
BRDA:17,0,0,0
BRDA:17,0,1,1
BRDA:22,1,0,1
BRDA:22,1,1,4
BRDA:22,2,0,5
BRDA:22,2,1,5
BRDA:27,3,0,1
BRDA:27,3,1,3
BRDA:30,4,0,0
BRDA:30,4,1,3
BRDA:32,5,0,0
BRDA:32,5,1,3
BRDA:36,6,0,0
BRDA:36,6,1,3
BRDA:41,7,0,1
BRDA:41,7,1,2
BRDA:46,8,0,0
BRDA:46,8,1,2
BRDA:71,9,0,1
BRDA:71,9,1,1
BRDA:72,10,0,1
BRDA:72,10,1,0
BRDA:84,11,0,0
BRDA:84,11,1,3
BRDA:84,12,0,3
BRDA:84,12,1,3
BRDA:90,13,0,1
BRDA:90,13,1,2
BRDA:91,14,0,0
BRDA:91,14,1,2
BRDA:92,15,0,0
BRDA:92,15,1,2
BRDA:111,16,0,0
BRDA:111,16,1,0
BRF:34
BRH:23
end_of_record
TN:
SF:src\services\classService.js
FN:3,(anonymous_0)
FN:9,(anonymous_1)
FN:13,(anonymous_2)
FN:25,(anonymous_3)
FN:57,(anonymous_4)
FN:75,(anonymous_5)
FN:79,(anonymous_6)
FN:101,(anonymous_7)
FNF:8
FNH:4
FNDA:2,(anonymous_0)
FNDA:0,(anonymous_1)
FNDA:4,(anonymous_2)
FNDA:32,(anonymous_3)
FNDA:1,(anonymous_4)
FNDA:0,(anonymous_5)
FNDA:0,(anonymous_6)
FNDA:0,(anonymous_7)
DA:1,1
DA:3,1
DA:4,2
DA:5,2
DA:6,2
DA:9,1
DA:10,0
DA:13,1
DA:14,4
DA:25,4
DA:26,32
DA:27,32
DA:30,4
DA:31,1
DA:34,3
DA:40,3
DA:41,0
DA:44,3
DA:45,0
DA:48,3
DA:49,0
DA:52,3
DA:54,3
DA:55,3
DA:57,3
DA:58,1
DA:59,1
DA:60,1
DA:63,3
DA:64,1
DA:67,2
DA:69,1
DA:75,1
DA:76,0
DA:79,1
DA:80,0
DA:81,0
DA:82,0
DA:85,0
DA:86,0
DA:89,0
DA:90,0
DA:93,0
DA:95,0
DA:101,1
DA:102,0
DA:104,0
DA:105,0
DA:106,0
DA:109,0
DA:110,0
DA:111,0
DA:113,0
DA:120,1
LF:54
LH:32
BRDA:27,0,0,32
BRDA:27,0,1,25
BRDA:27,0,2,25
BRDA:30,1,0,1
BRDA:30,1,1,3
BRDA:40,2,0,0
BRDA:40,2,1,3
BRDA:44,3,0,0
BRDA:44,3,1,3
BRDA:48,4,0,0
BRDA:48,4,1,3
BRDA:60,5,0,1
BRDA:60,5,1,1
BRDA:63,6,0,1
BRDA:63,6,1,2
BRDA:81,7,0,0
BRDA:81,7,1,0
BRDA:85,8,0,0
BRDA:85,8,1,0
BRDA:89,9,0,0
BRDA:89,9,1,0
BRDA:89,10,0,0
BRDA:89,10,1,0
BRDA:105,11,0,0
BRDA:105,11,1,0
BRF:25
BRH:12
end_of_record
TN:
SF:src\services\inventoryService.js
FN:3,(anonymous_0)
FN:9,(anonymous_1)
FN:13,(anonymous_2)
FN:27,(anonymous_3)
FN:35,(anonymous_4)
FNF:5
FNH:4
FNDA:4,(anonymous_0)
FNDA:0,(anonymous_1)
FNDA:3,(anonymous_2)
FNDA:2,(anonymous_3)
FNDA:2,(anonymous_4)
DA:1,1
DA:3,1
DA:4,4
DA:5,4
DA:6,4
DA:9,1
DA:10,0
DA:13,1
DA:14,3
DA:16,3
DA:17,1
DA:20,2
DA:21,1
DA:24,1
DA:27,1
DA:28,2
DA:29,1
DA:32,1
DA:35,1
DA:36,2
DA:37,1
DA:40,1
DA:43,1
LF:23
LH:22
BRDA:14,0,0,3
BRDA:14,0,1,0
BRDA:16,1,0,1
BRDA:16,1,1,2
BRDA:20,2,0,1
BRDA:20,2,1,1
BRDA:20,3,0,2
BRDA:20,3,1,1
BRDA:20,3,2,1
BRDA:20,3,3,1
BRDA:28,4,0,1
BRDA:28,4,1,1
BRDA:36,5,0,1
BRDA:36,5,1,1
BRF:14
BRH:13
end_of_record
TN:
SF:src\services\paymentService.js
FN:3,(anonymous_0)
FN:12,(anonymous_1)
FN:31,(anonymous_2)
FN:48,(anonymous_3)
FNF:4
FNH:3
FNDA:0,(anonymous_0)
FNDA:1,(anonymous_1)
FNDA:3,(anonymous_2)
FNDA:1,(anonymous_3)
DA:1,1
DA:3,1
DA:4,0
DA:12,1
DA:13,1
DA:15,1
DA:16,0
DA:17,0
DA:19,0
DA:20,0
DA:23,0
DA:31,1
DA:32,3
DA:33,3
DA:35,3
DA:43,3
DA:48,1
DA:49,1
DA:51,1
DA:52,3
DA:53,3
DA:56,1
DA:59,1
LF:23
LH:17
BRDA:39,0,0,3
BRDA:39,0,1,0
BRF:2
BRH:1
end_of_record
TN:
SF:src\services\rentalService.js
FN:3,(anonymous_0)
FN:9,(anonymous_1)
FN:13,(anonymous_2)
FN:62,(anonymous_3)
FN:79,(anonymous_4)
FN:113,(anonymous_5)
FNF:6
FNH:3
FNDA:2,(anonymous_0)
FNDA:0,(anonymous_1)
FNDA:3,(anonymous_2)
FNDA:0,(anonymous_3)
FNDA:1,(anonymous_4)
FNDA:0,(anonymous_5)
DA:1,1
DA:3,1
DA:4,2
DA:5,2
DA:6,2
DA:9,1
DA:10,0
DA:13,1
DA:14,3
DA:15,0
DA:18,3
DA:19,0
DA:22,3
DA:23,3
DA:25,3
DA:26,0
DA:29,3
DA:30,1
DA:33,2
DA:34,2
DA:35,0
DA:38,2
DA:40,2
DA:41,0
DA:44,2
DA:45,1
DA:49,1
DA:56,0
DA:62,1
DA:63,0
DA:64,0
DA:67,0
DA:68,0
DA:69,0
DA:72,0
DA:73,0
DA:79,1
DA:80,1
DA:81,1
DA:82,0
DA:85,1
DA:86,0
DA:89,1
DA:90,1
DA:92,1
DA:93,1
DA:98,1
DA:99,1
DA:106,0
DA:107,0
DA:113,1
DA:114,0
DA:115,0
DA:118,0
DA:119,0
DA:122,0
DA:123,0
DA:124,0
DA:127,0
DA:128,0
DA:131,0
DA:132,0
DA:133,0
DA:136,0
DA:142,0
DA:150,1
LF:66
LH:34
BRDA:14,0,0,0
BRDA:14,0,1,3
BRDA:14,1,0,3
BRDA:14,1,1,3
BRDA:14,1,2,3
BRDA:18,2,0,0
BRDA:18,2,1,3
BRDA:18,3,0,3
BRDA:18,3,1,3
BRDA:25,4,0,0
BRDA:25,4,1,3
BRDA:25,5,0,3
BRDA:25,5,1,3
BRDA:29,6,0,1
BRDA:29,6,1,2
BRDA:34,7,0,0
BRDA:34,7,1,2
BRDA:34,8,0,2
BRDA:34,8,1,2
BRDA:40,9,0,0
BRDA:40,9,1,2
BRDA:44,10,0,1
BRDA:44,10,1,1
BRDA:63,11,0,0
BRDA:63,11,1,0
BRDA:63,12,0,0
BRDA:63,12,1,0
BRDA:68,13,0,0
BRDA:68,13,1,0
BRDA:79,14,0,0
BRDA:81,15,0,0
BRDA:81,15,1,1
BRDA:85,16,0,0
BRDA:85,16,1,1
BRDA:90,17,0,1
BRDA:90,17,1,0
BRDA:92,18,0,1
BRDA:92,18,1,0
BRDA:113,19,0,0
BRDA:114,20,0,0
BRDA:114,20,1,0
BRDA:114,21,0,0
BRDA:114,21,1,0
BRDA:118,22,0,0
BRDA:118,22,1,0
BRDA:123,23,0,0
BRDA:123,23,1,0
BRDA:127,24,0,0
BRDA:127,24,1,0
BRDA:127,25,0,0
BRDA:127,25,1,0
BRDA:131,26,0,0
BRDA:131,26,1,0
BRDA:132,27,0,0
BRDA:132,27,1,0
BRDA:132,28,0,0
BRDA:132,28,1,0
BRDA:143,29,0,0
BRDA:143,29,1,0
BRF:59
BRH:22
end_of_record
TN:
SF:src\services\userService.js
FN:8,(anonymous_0)
FN:14,(anonymous_1)
FN:19,(anonymous_2)
FN:24,(anonymous_3)
FN:55,(anonymous_4)
FNF:5
FNH:3
FNDA:5,(anonymous_0)
FNDA:2,(anonymous_1)
FNDA:0,(anonymous_2)
FNDA:7,(anonymous_3)
FNDA:0,(anonymous_4)
DA:1,1
DA:2,1
DA:3,1
DA:4,1
DA:6,1
DA:8,1
DA:9,5
DA:10,5
DA:11,5
DA:14,1
DA:15,2
DA:19,1
DA:20,0
DA:24,1
DA:26,7
DA:27,1
DA:30,6
DA:31,1
DA:34,5
DA:35,5
DA:36,1
DA:39,4
DA:40,1
DA:43,3
DA:44,1
DA:48,2
DA:49,2
DA:51,2
DA:55,1
DA:56,0
DA:57,0
DA:60,0
DA:62,0
DA:63,0
DA:66,0
DA:67,0
DA:70,0
DA:72,0
DA:73,0
DA:76,0
DA:85,0
DA:87,0
DA:94,1
LF:43
LH:29
BRDA:6,0,0,1
BRDA:6,0,1,1
BRDA:26,1,0,1
BRDA:26,1,1,6
BRDA:30,2,0,1
BRDA:30,2,1,5
BRDA:35,3,0,1
BRDA:35,3,1,4
BRDA:35,4,0,5
BRDA:35,4,1,5
BRDA:35,4,2,5
BRDA:39,5,0,1
BRDA:39,5,1,3
BRDA:39,6,0,4
BRDA:39,6,1,2
BRDA:43,7,0,1
BRDA:43,7,1,2
BRDA:43,8,0,3
BRDA:43,8,1,1
BRDA:48,9,0,2
BRDA:48,9,1,0
BRDA:48,9,2,0
BRDA:56,10,0,0
BRDA:56,10,1,0
BRDA:56,11,0,0
BRDA:56,11,1,0
BRDA:62,12,0,0
BRDA:62,12,1,0
BRDA:66,13,0,0
BRDA:66,13,1,0
BRDA:72,14,0,0
BRDA:72,14,1,0
BRF:32
BRH:20
end_of_record
