TN:
SF:src\authMiddleware.js
FN:6,(anonymous_0)
FN:27,(anonymous_1)
FN:28,(anonymous_2)
FNF:3
FNH:1
FNDA:5,(anonymous_0)
FNDA:0,(anonymous_1)
FNDA:0,(anonymous_2)
DA:1,1
DA:2,1
DA:4,1
DA:6,1
DA:7,5
DA:9,5
DA:10,2
DA:13,3
DA:15,3
DA:16,3
DA:17,1
DA:18,1
DA:20,2
DA:27,1
DA:28,0
DA:29,0
DA:30,0
DA:33,0
DA:34,0
DA:37,0
DA:41,1
LF:21
LH:15
BRDA:4,0,0,1
BRDA:4,0,1,1
BRDA:9,1,0,2
BRDA:9,1,1,3
BRDA:9,2,0,5
BRDA:9,2,1,4
BRDA:29,3,0,0
BRDA:29,3,1,0
BRDA:33,4,0,0
BRDA:33,4,1,0
BRF:10
BRH:6
end_of_record
TN:
SF:src\config\permissions.js
FNF:0
FNH:0
DA:1,5
LF:1
LH:1
BRF:0
BRH:0
end_of_record
TN:
SF:src\controllers\bookingController.js
FN:3,(anonymous_0)
FN:16,(anonymous_1)
FN:30,(anonymous_2)
FN:46,(anonymous_3)
FN:62,(anonymous_4)
FN:72,(anonymous_5)
FN:85,(anonymous_6)
FN:98,(anonymous_7)
FNF:8
FNH:2
FNDA:2,(anonymous_0)
FNDA:0,(anonymous_1)
FNDA:2,(anonymous_2)
FNDA:0,(anonymous_3)
FNDA:0,(anonymous_4)
FNDA:0,(anonymous_5)
FNDA:0,(anonymous_6)
FNDA:0,(anonymous_7)
DA:1,1
DA:3,1
DA:4,2
DA:5,2
DA:6,2
DA:7,1
DA:9,1
DA:10,1
DA:16,1
DA:17,0
DA:18,0
DA:19,0
DA:20,0
DA:21,0
DA:23,0
DA:24,0
DA:30,1
DA:31,2
DA:32,2
DA:33,2
DA:34,2
DA:36,2
DA:37,1
DA:39,1
DA:40,1
DA:46,1
DA:47,0
DA:48,0
DA:49,0
DA:50,0
DA:52,0
DA:53,0
DA:55,0
DA:56,0
DA:62,1
DA:63,0
DA:64,0
DA:65,0
DA:67,0
DA:68,0
DA:72,1
DA:73,0
DA:74,0
DA:75,0
DA:76,0
DA:78,0
DA:79,0
DA:85,1
DA:86,0
DA:87,0
DA:88,0
DA:89,0
DA:91,0
DA:92,0
DA:98,1
DA:99,0
DA:100,0
DA:101,0
DA:102,0
DA:103,0
DA:105,0
DA:106,0
DA:112,1
LF:63
LH:24
BRDA:10,0,0,1
BRDA:10,0,1,0
BRDA:11,1,0,1
BRDA:11,1,1,0
BRDA:19,2,0,0
BRDA:19,2,1,0
BRDA:24,3,0,0
BRDA:24,3,1,0
BRDA:25,4,0,0
BRDA:25,4,1,0
BRDA:32,5,0,2
BRDA:32,5,1,0
BRDA:34,6,0,2
BRDA:34,6,1,0
BRDA:40,7,0,1
BRDA:40,7,1,0
BRDA:41,8,0,1
BRDA:41,8,1,0
BRDA:48,9,0,0
BRDA:48,9,1,0
BRDA:50,10,0,0
BRDA:50,10,1,0
BRDA:56,11,0,0
BRDA:56,11,1,0
BRDA:57,12,0,0
BRDA:57,12,1,0
BRDA:74,13,0,0
BRDA:74,13,1,0
BRDA:74,14,0,0
BRDA:74,14,1,0
BRDA:79,15,0,0
BRDA:79,15,1,0
BRDA:80,16,0,0
BRDA:80,16,1,0
BRDA:87,17,0,0
BRDA:87,17,1,0
BRDA:92,18,0,0
BRDA:92,18,1,0
BRDA:93,19,0,0
BRDA:93,19,1,0
BRDA:100,20,0,0
BRDA:100,20,1,0
BRDA:106,21,0,0
BRDA:106,21,1,0
BRDA:107,22,0,0
BRDA:107,22,1,0
BRF:46
BRH:6
end_of_record
TN:
SF:src\repositories\availabilityRepository.js
FN:5,(anonymous_0)
FN:11,(anonymous_1)
FN:37,(anonymous_2)
FN:61,(anonymous_3)
FN:68,(anonymous_4)
FN:81,(anonymous_5)
FN:84,(anonymous_6)
FN:91,(anonymous_7)
FNF:8
FNH:0
FNDA:0,(anonymous_0)
FNDA:0,(anonymous_1)
FNDA:0,(anonymous_2)
FNDA:0,(anonymous_3)
FNDA:0,(anonymous_4)
FNDA:0,(anonymous_5)
FNDA:0,(anonymous_6)
FNDA:0,(anonymous_7)
DA:1,1
DA:3,1
DA:5,1
DA:6,0
DA:11,1
DA:12,0
DA:16,0
DA:17,0
DA:19,0
DA:20,0
DA:23,0
DA:24,0
DA:28,0
DA:37,1
DA:38,0
DA:40,0
DA:41,0
DA:43,0
DA:44,0
DA:47,0
DA:48,0
DA:52,0
DA:61,1
DA:62,0
DA:66,0
DA:67,0
DA:68,0
DA:70,0
DA:73,0
DA:78,0
DA:81,1
DA:82,0
DA:84,0
DA:85,0
DA:89,0
DA:90,0
DA:91,0
DA:100,0
DA:110,1
LF:39
LH:8
BRDA:11,0,0,0
BRDA:16,1,0,0
BRDA:16,1,1,0
BRDA:16,2,0,0
BRDA:16,2,1,0
BRDA:19,3,0,0
BRDA:19,3,1,0
BRDA:23,4,0,0
BRDA:23,4,1,0
BRDA:37,5,0,0
BRDA:40,6,0,0
BRDA:40,6,1,0
BRDA:40,7,0,0
BRDA:40,7,1,0
BRDA:43,8,0,0
BRDA:43,8,1,0
BRDA:47,9,0,0
BRDA:47,9,1,0
BRDA:66,10,0,0
BRDA:66,10,1,0
BRDA:89,11,0,0
BRDA:89,11,1,0
BRF:22
BRH:0
end_of_record
TN:
SF:src\repositories\bookingRepository.js
FN:4,(anonymous_0)
FN:16,(anonymous_1)
FN:22,(anonymous_2)
FN:28,(anonymous_3)
FN:35,(anonymous_4)
FN:45,(anonymous_5)
FN:51,(anonymous_6)
FN:60,(anonymous_7)
FN:76,(anonymous_8)
FN:91,(anonymous_9)
FN:103,(anonymous_10)
FN:114,(anonymous_11)
FNF:12
FNH:0
FNDA:0,(anonymous_0)
FNDA:0,(anonymous_1)
FNDA:0,(anonymous_2)
FNDA:0,(anonymous_3)
FNDA:0,(anonymous_4)
FNDA:0,(anonymous_5)
FNDA:0,(anonymous_6)
FNDA:0,(anonymous_7)
FNDA:0,(anonymous_8)
FNDA:0,(anonymous_9)
FNDA:0,(anonymous_10)
FNDA:0,(anonymous_11)
DA:1,2
DA:2,2
DA:4,2
DA:5,0
DA:15,2
DA:17,0
DA:23,0
DA:29,0
DA:36,0
DA:46,0
DA:52,0
DA:61,0
DA:77,0
DA:92,0
DA:104,0
DA:115,0
DA:125,2
LF:17
LH:5
BRDA:96,0,0,0
BRDA:96,0,1,0
BRDA:98,1,0,0
BRDA:98,1,1,0
BRDA:114,2,0,0
BRDA:119,3,0,0
BRDA:119,3,1,0
BRF:7
BRH:0
end_of_record
TN:
SF:src\repositories\classRepository.js
FN:4,(anonymous_0)
FN:30,(anonymous_1)
FN:41,(anonymous_2)
FN:50,(anonymous_3)
FN:62,(anonymous_4)
FN:82,(anonymous_5)
FN:84,(anonymous_6)
FN:91,(anonymous_7)
FN:119,(anonymous_8)
FN:136,(anonymous_9)
FN:145,(anonymous_10)
FN:154,(anonymous_11)
FN:160,(anonymous_12)
FNF:13
FNH:0
FNDA:0,(anonymous_0)
FNDA:0,(anonymous_1)
FNDA:0,(anonymous_2)
FNDA:0,(anonymous_3)
FNDA:0,(anonymous_4)
FNDA:0,(anonymous_5)
FNDA:0,(anonymous_6)
FNDA:0,(anonymous_7)
FNDA:0,(anonymous_8)
FNDA:0,(anonymous_9)
FNDA:0,(anonymous_10)
FNDA:0,(anonymous_11)
FNDA:0,(anonymous_12)
DA:1,3
DA:2,3
DA:4,3
DA:5,0
DA:30,3
DA:31,0
DA:37,3
DA:42,0
DA:51,0
DA:63,0
DA:82,0
DA:85,0
DA:92,0
DA:120,0
DA:137,0
DA:146,0
DA:155,0
DA:161,0
DA:167,3
LF:19
LH:6
BRDA:30,0,0,0
BRDA:73,1,0,0
BRDA:73,1,1,0
BRF:3
BRH:0
end_of_record
TN:
SF:src\repositories\inventoryRepository.js
FN:4,(anonymous_0)
FN:24,(anonymous_1)
FN:40,(anonymous_2)
FN:51,(anonymous_3)
FN:66,(anonymous_4)
FNF:5
FNH:0
FNDA:0,(anonymous_0)
FNDA:0,(anonymous_1)
FNDA:0,(anonymous_2)
FNDA:0,(anonymous_3)
FNDA:0,(anonymous_4)
DA:1,1
DA:2,1
DA:4,1
DA:5,0
DA:7,0
DA:8,0
DA:10,0
DA:11,0
DA:14,0
DA:19,0
DA:22,1
DA:25,0
DA:41,0
DA:52,0
DA:54,0
DA:67,0
DA:73,1
LF:17
LH:5
BRDA:5,0,0,0
BRDA:5,0,1,0
BRDA:8,1,0,0
BRDA:8,1,1,0
BRDA:10,2,0,0
BRDA:10,2,1,0
BRDA:10,3,0,0
BRDA:10,3,1,0
BRDA:19,4,0,0
BRDA:19,4,1,0
BRDA:52,5,0,0
BRDA:52,5,1,0
BRDA:58,6,0,0
BRDA:58,6,1,0
BRDA:60,7,0,0
BRDA:60,7,1,0
BRF:16
BRH:0
end_of_record
TN:
SF:src\repositories\paymentRepository.js
FN:5,(anonymous_0)
FN:19,(anonymous_1)
FN:35,(anonymous_2)
FN:71,(anonymous_3)
FN:110,(anonymous_4)
FN:125,(anonymous_5)
FNF:6
FNH:0
FNDA:0,(anonymous_0)
FNDA:0,(anonymous_1)
FNDA:0,(anonymous_2)
FNDA:0,(anonymous_3)
FNDA:0,(anonymous_4)
FNDA:0,(anonymous_5)
DA:1,1
DA:2,1
DA:4,1
DA:6,0
DA:20,0
DA:33,1
DA:35,1
DA:36,0
DA:37,0
DA:66,0
DA:67,0
DA:71,1
DA:72,0
DA:110,1
DA:111,0
DA:125,1
DA:126,0
DA:135,1
LF:18
LH:9
BRDA:11,0,0,0
BRDA:11,0,1,0
BRDA:13,1,0,0
BRDA:13,1,1,0
BRDA:25,2,0,0
BRDA:25,2,1,0
BRF:6
BRH:0
end_of_record
TN:
SF:src\repositories\rentalRepository.js
FN:4,(anonymous_0)
FN:28,(anonymous_1)
FN:46,(anonymous_2)
FN:52,(anonymous_3)
FN:53,(anonymous_4)
FN:61,(anonymous_5)
FN:83,(anonymous_6)
FN:97,(anonymous_7)
FN:106,(anonymous_8)
FN:115,(anonymous_9)
FN:122,(anonymous_10)
FN:131,(anonymous_11)
FN:132,(anonymous_12)
FNF:13
FNH:0
FNDA:0,(anonymous_0)
FNDA:0,(anonymous_1)
FNDA:0,(anonymous_2)
FNDA:0,(anonymous_3)
FNDA:0,(anonymous_4)
FNDA:0,(anonymous_5)
FNDA:0,(anonymous_6)
FNDA:0,(anonymous_7)
FNDA:0,(anonymous_8)
FNDA:0,(anonymous_9)
FNDA:0,(anonymous_10)
FNDA:0,(anonymous_11)
FNDA:0,(anonymous_12)
DA:1,1
DA:2,1
DA:4,1
DA:5,0
DA:28,1
DA:29,0
DA:46,1
DA:47,0
DA:52,1
DA:53,0
DA:54,0
DA:61,0
DA:70,0
DA:71,0
DA:79,0
DA:83,1
DA:84,0
DA:97,1
DA:98,0
DA:106,1
DA:107,0
DA:115,1
DA:116,0
DA:122,1
DA:123,0
DA:131,1
DA:132,0
DA:133,0
DA:140,0
DA:141,0
DA:144,0
DA:145,0
DA:152,0
DA:165,0
DA:172,0
DA:173,0
DA:184,0
DA:202,1
LF:38
LH:13
BRDA:131,0,0,0
BRDA:140,1,0,0
BRDA:140,1,1,0
BRDA:172,2,0,0
BRDA:172,2,1,0
BRF:5
BRH:0
end_of_record
TN:
SF:src\repositories\userRepository.js
FN:6,(anonymous_0)
FN:15,(anonymous_1)
FN:19,(anonymous_2)
FN:55,(anonymous_3)
FN:61,(anonymous_4)
FN:76,(anonymous_5)
FN:84,(anonymous_6)
FN:135,(anonymous_7)
FN:169,(anonymous_8)
FNF:9
FNH:0
FNDA:0,(anonymous_0)
FNDA:0,(anonymous_1)
FNDA:0,(anonymous_2)
FNDA:0,(anonymous_3)
FNDA:0,(anonymous_4)
FNDA:0,(anonymous_5)
FNDA:0,(anonymous_6)
FNDA:0,(anonymous_7)
FNDA:0,(anonymous_8)
DA:1,2
DA:2,2
DA:3,2
DA:4,2
DA:6,2
DA:7,0
DA:8,0
DA:11,0
DA:12,0
DA:15,2
DA:17,2
DA:20,0
DA:21,0
DA:33,0
DA:56,0
DA:62,0
DA:77,0
DA:85,0
DA:87,0
DA:136,0
DA:170,0
DA:186,2
LF:22
LH:8
BRDA:7,0,0,0
BRDA:7,0,1,0
BRDA:7,1,0,0
BRDA:7,1,1,0
BRDA:12,2,0,0
BRDA:12,2,1,0
BRDA:15,3,0,0
BRDA:15,3,1,0
BRDA:102,4,0,0
BRDA:102,4,1,0
BRDA:106,5,0,0
BRDA:106,5,1,0
BRDA:110,6,0,0
BRDA:110,6,1,0
BRDA:117,7,0,0
BRDA:117,7,1,0
BRDA:142,8,0,0
BRDA:142,8,1,0
BRDA:149,9,0,0
BRDA:149,9,1,0
BRF:20
BRH:0
end_of_record
TN:
SF:src\services\authenticationService.js
FN:7,(anonymous_0)
FN:13,(anonymous_1)
FN:17,(anonymous_2)
FNF:3
FNH:3
FNDA:3,(anonymous_0)
FNDA:3,(anonymous_1)
FNDA:5,(anonymous_2)
DA:1,1
DA:2,1
DA:3,1
DA:5,1
DA:7,1
DA:8,3
DA:9,3
DA:10,3
DA:13,1
DA:14,3
DA:17,1
DA:18,5
DA:19,1
DA:22,4
DA:24,4
DA:25,1
DA:28,3
DA:29,3
DA:30,3
DA:32,3
DA:33,1
DA:37,2
DA:38,1
DA:41,2
DA:50,2
DA:61,1
LF:26
LH:26
BRDA:5,0,0,1
BRDA:5,0,1,1
BRDA:14,1,0,3
BRDA:14,1,1,0
BRDA:18,2,0,1
BRDA:18,2,1,4
BRDA:18,3,0,5
BRDA:18,3,1,4
BRDA:24,4,0,1
BRDA:24,4,1,3
BRDA:29,5,0,3
BRDA:29,5,1,0
BRDA:30,6,0,3
BRDA:30,6,1,2
BRDA:32,7,0,1
BRDA:32,7,1,2
BRDA:37,8,0,1
BRDA:37,8,1,1
BRDA:37,9,0,2
BRDA:37,9,1,1
BRDA:37,9,2,1
BRF:21
BRH:19
end_of_record
TN:
SF:src\services\availabilityService.js
FN:3,(anonymous_0)
FN:9,(anonymous_1)
FN:22,(anonymous_2)
FN:32,(anonymous_3)
FN:34,(anonymous_4)
FN:39,(anonymous_5)
FN:53,(anonymous_6)
FN:65,(anonymous_7)
FN:67,(anonymous_8)
FN:86,(anonymous_9)
FN:88,(anonymous_10)
FN:112,(anonymous_11)
FN:115,(anonymous_12)
FN:149,(anonymous_13)
FN:173,(anonymous_14)
FN:179,(anonymous_15)
FN:183,(anonymous_16)
FNF:17
FNH:15
FNDA:2,(anonymous_0)
FNDA:24,(anonymous_1)
FNDA:20,(anonymous_2)
FNDA:16,(anonymous_3)
FNDA:20,(anonymous_4)
FNDA:7,(anonymous_5)
FNDA:9,(anonymous_6)
FNDA:7,(anonymous_7)
FNDA:1,(anonymous_8)
FNDA:2,(anonymous_9)
FNDA:2,(anonymous_10)
FNDA:6,(anonymous_11)
FNDA:8,(anonymous_12)
FNDA:2,(anonymous_13)
FNDA:0,(anonymous_14)
FNDA:0,(anonymous_15)
FNDA:7,(anonymous_16)
DA:1,1
DA:3,1
DA:4,2
DA:5,2
DA:6,2
DA:9,1
DA:10,24
DA:12,24
DA:13,4
DA:16,20
DA:17,20
DA:18,20
DA:19,20
DA:22,1
DA:23,20
DA:25,20
DA:26,0
DA:29,20
DA:32,16
DA:34,1
DA:35,20
DA:36,20
DA:39,1
DA:40,7
DA:41,0
DA:44,7
DA:46,7
DA:47,0
DA:50,7
DA:53,1
DA:54,9
DA:55,8
DA:58,1
DA:59,1
DA:62,0
DA:65,1
DA:66,7
DA:67,1
DA:70,7
DA:71,1
DA:77,6
DA:81,6
DA:82,6
DA:84,6
DA:85,2
DA:86,2
DA:88,2
DA:90,2
DA:91,1
DA:98,1
DA:101,4
DA:102,0
DA:105,4
DA:112,1
DA:113,6
DA:115,6
DA:116,8
DA:117,8
DA:118,8
DA:120,8
DA:121,0
DA:124,8
DA:125,0
DA:128,8
DA:132,8
DA:133,0
DA:136,8
DA:137,0
DA:140,8
DA:142,8
DA:149,6
DA:150,2
DA:151,1
DA:154,1
DA:157,6
DA:158,2
DA:159,2
DA:161,2
DA:162,1
DA:165,1
DA:166,1
DA:170,5
DA:173,1
DA:174,0
DA:175,0
DA:176,0
DA:179,1
DA:180,0
DA:183,1
DA:184,7
DA:185,7
DA:187,7
DA:188,7
DA:189,6
DA:191,5
DA:196,5
DA:200,5
DA:207,1
LF:98
LH:85
BRDA:12,0,0,4
BRDA:12,0,1,20
BRDA:23,1,0,20
BRDA:23,1,1,0
BRDA:25,2,0,0
BRDA:25,2,1,20
BRDA:35,3,0,20
BRDA:35,3,1,0
BRDA:40,4,0,0
BRDA:40,4,1,7
BRDA:46,5,0,0
BRDA:46,5,1,7
BRDA:53,6,0,0
BRDA:54,7,0,8
BRDA:54,7,1,1
BRDA:58,8,0,1
BRDA:58,8,1,0
BRDA:65,9,0,0
BRDA:66,10,0,1
BRDA:66,10,1,6
BRDA:70,11,0,1
BRDA:70,11,1,6
BRDA:77,12,0,6
BRDA:77,12,1,3
BRDA:77,12,2,2
BRDA:81,13,0,6
BRDA:81,13,1,3
BRDA:82,14,0,6
BRDA:82,14,1,3
BRDA:84,15,0,2
BRDA:84,15,1,4
BRDA:84,16,0,6
BRDA:84,16,1,4
BRDA:90,17,0,1
BRDA:90,17,1,1
BRDA:101,18,0,0
BRDA:101,18,1,4
BRDA:112,19,0,0
BRDA:120,20,0,0
BRDA:120,20,1,8
BRDA:124,21,0,0
BRDA:124,21,1,8
BRDA:124,22,0,8
BRDA:124,22,1,8
BRDA:128,23,0,7
BRDA:128,23,1,1
BRDA:129,24,0,7
BRDA:129,24,1,7
BRDA:132,25,0,0
BRDA:132,25,1,8
BRDA:136,26,0,0
BRDA:136,26,1,8
BRDA:150,27,0,1
BRDA:150,27,1,1
BRDA:161,28,0,1
BRDA:161,28,1,1
BRDA:165,29,0,1
BRDA:165,29,1,0
BRDA:179,30,0,0
BRDA:183,31,0,0
BRDA:196,32,0,1
BRDA:196,32,1,4
BRF:62
BRH:45
end_of_record
TN:
SF:src\services\bookingService.js
FN:4,(anonymous_0)
FN:10,(anonymous_1)
FN:14,(anonymous_2)
FN:21,(anonymous_3)
FN:25,(anonymous_4)
FN:31,(anonymous_5)
FN:36,(anonymous_6)
FN:43,(anonymous_7)
FN:45,(anonymous_8)
FN:54,(anonymous_9)
FN:79,(anonymous_10)
FN:100,(anonymous_11)
FN:105,(anonymous_12)
FN:112,(anonymous_13)
FN:125,(anonymous_14)
FN:147,(anonymous_15)
FN:155,(anonymous_16)
FN:159,(anonymous_17)
FN:164,(anonymous_18)
FNF:19
FNH:9
FNDA:5,(anonymous_0)
FNDA:4,(anonymous_1)
FNDA:4,(anonymous_2)
FNDA:0,(anonymous_3)
FNDA:1,(anonymous_4)
FNDA:0,(anonymous_5)
FNDA:0,(anonymous_6)
FNDA:0,(anonymous_7)
FNDA:0,(anonymous_8)
FNDA:6,(anonymous_9)
FNDA:1,(anonymous_10)
FNDA:0,(anonymous_11)
FNDA:2,(anonymous_12)
FNDA:2,(anonymous_13)
FNDA:3,(anonymous_14)
FNDA:0,(anonymous_15)
FNDA:0,(anonymous_16)
FNDA:0,(anonymous_17)
FNDA:0,(anonymous_18)
DA:1,2
DA:2,2
DA:4,2
DA:5,5
DA:6,5
DA:7,5
DA:10,2
DA:11,4
DA:12,4
DA:14,4
DA:15,4
DA:16,4
DA:17,4
DA:21,2
DA:22,0
DA:25,2
DA:26,1
DA:27,1
DA:28,1
DA:31,2
DA:32,0
DA:34,0
DA:36,0
DA:43,2
DA:44,0
DA:45,0
DA:47,0
DA:48,0
DA:51,0
DA:54,2
DA:55,6
DA:56,1
DA:59,5
DA:60,5
DA:62,4
DA:63,4
DA:65,4
DA:67,4
DA:69,4
DA:70,1
DA:73,3
DA:74,3
DA:75,3
DA:76,0
DA:79,3
DA:80,3
DA:81,1
DA:84,2
DA:85,2
DA:87,2
DA:88,1
DA:89,1
DA:90,1
DA:92,1
DA:94,1
DA:100,2
DA:101,0
DA:102,0
DA:105,2
DA:106,2
DA:107,2
DA:108,2
DA:109,2
DA:112,2
DA:113,2
DA:114,1
DA:115,1
DA:118,1
DA:119,1
DA:125,2
DA:126,3
DA:127,0
DA:130,3
DA:132,3
DA:133,2
DA:134,2
DA:136,2
DA:137,2
DA:144,2
DA:147,2
DA:148,0
DA:149,0
DA:151,0
DA:152,0
DA:155,2
DA:156,0
DA:159,2
DA:160,0
DA:161,0
DA:164,2
DA:165,0
DA:166,0
DA:169,2
LF:93
LH:71
BRDA:10,0,0,0
BRDA:17,1,0,4
BRDA:17,1,1,4
BRDA:27,2,0,0
BRDA:27,2,1,1
BRDA:32,3,0,0
BRDA:32,3,1,0
BRDA:38,4,0,0
BRDA:38,4,1,0
BRDA:47,5,0,0
BRDA:47,5,1,0
BRDA:55,6,0,1
BRDA:55,6,1,5
BRDA:55,7,0,6
BRDA:55,7,1,6
BRDA:60,8,0,1
BRDA:60,8,1,4
BRDA:63,9,0,0
BRDA:63,9,1,4
BRDA:65,10,0,0
BRDA:65,10,1,4
BRDA:69,11,0,1
BRDA:69,11,1,3
BRDA:75,12,0,0
BRDA:75,12,1,3
BRDA:80,13,0,1
BRDA:80,13,1,2
BRDA:85,14,0,0
BRDA:85,14,1,2
BRDA:113,15,0,1
BRDA:113,15,1,1
BRDA:114,16,0,1
BRDA:114,16,1,0
BRDA:126,17,0,0
BRDA:126,17,1,3
BRDA:126,18,0,3
BRDA:126,18,1,3
BRDA:132,19,0,1
BRDA:132,19,1,2
BRDA:133,20,0,0
BRDA:133,20,1,2
BRDA:134,21,0,0
BRDA:134,21,1,2
BRDA:149,22,0,0
BRDA:149,22,1,0
BRDA:160,23,0,0
BRDA:160,23,1,0
BRF:47
BRH:27
end_of_record
TN:
SF:src\services\classService.js
FN:4,(anonymous_0)
FN:12,(anonymous_1)
FN:16,(anonymous_2)
FN:23,(anonymous_3)
FN:25,(anonymous_4)
FN:28,(anonymous_5)
FN:30,(anonymous_6)
FN:33,(anonymous_7)
FN:37,(anonymous_8)
FN:49,(anonymous_9)
FN:106,(anonymous_10)
FN:127,(anonymous_11)
FN:173,(anonymous_12)
FN:177,(anonymous_13)
FN:199,(anonymous_14)
FNF:15
FNH:11
FNDA:7,(anonymous_0)
FNDA:6,(anonymous_1)
FNDA:6,(anonymous_2)
FNDA:8,(anonymous_3)
FNDA:8,(anonymous_4)
FNDA:7,(anonymous_5)
FNDA:7,(anonymous_6)
FNDA:0,(anonymous_7)
FNDA:9,(anonymous_8)
FNDA:72,(anonymous_9)
FNDA:2,(anonymous_10)
FNDA:2,(anonymous_11)
FNDA:0,(anonymous_12)
FNDA:0,(anonymous_13)
FNDA:0,(anonymous_14)
DA:1,1
DA:2,1
DA:4,1
DA:5,7
DA:6,7
DA:7,7
DA:10,1
DA:12,1
DA:13,6
DA:14,6
DA:16,6
DA:17,6
DA:18,6
DA:19,6
DA:23,1
DA:24,8
DA:25,8
DA:28,1
DA:29,7
DA:30,7
DA:33,1
DA:34,0
DA:37,1
DA:38,9
DA:49,9
DA:50,72
DA:51,72
DA:54,9
DA:55,1
DA:58,8
DA:60,8
DA:61,0
DA:64,8
DA:70,8
DA:71,0
DA:74,8
DA:75,1
DA:78,7
DA:79,0
DA:82,7
DA:83,1
DA:86,6
DA:87,0
DA:90,6
DA:91,6
DA:93,6
DA:94,0
DA:97,6
DA:102,6
DA:103,1
DA:106,5
DA:107,2
DA:108,2
DA:109,2
DA:112,5
DA:113,2
DA:116,3
DA:121,2
DA:127,1
DA:128,2
DA:130,2
DA:131,1
DA:134,1
DA:135,1
DA:137,1
DA:138,2
DA:140,2
DA:141,2
DA:142,1
DA:144,1
DA:152,1
DA:153,1
DA:155,1
DA:157,1
DA:158,1
DA:159,0
DA:160,0
DA:163,1
DA:173,1
DA:174,0
DA:177,1
DA:178,0
DA:179,0
DA:180,0
DA:183,0
DA:184,0
DA:187,0
DA:188,0
DA:191,0
DA:193,0
DA:199,1
DA:200,0
DA:202,0
DA:203,0
DA:204,0
DA:207,0
DA:208,0
DA:209,0
DA:211,0
DA:218,1
LF:100
LH:74
BRDA:12,0,0,0
BRDA:19,1,0,6
BRDA:19,1,1,6
BRDA:24,2,0,8
BRDA:24,2,1,8
BRDA:29,3,0,7
BRDA:29,3,1,7
BRDA:51,4,0,72
BRDA:51,4,1,65
BRDA:51,4,2,65
BRDA:54,5,0,1
BRDA:54,5,1,8
BRDA:58,6,0,8
BRDA:58,6,1,8
BRDA:60,7,0,0
BRDA:60,7,1,8
BRDA:70,8,0,0
BRDA:70,8,1,8
BRDA:74,9,0,1
BRDA:74,9,1,7
BRDA:78,10,0,0
BRDA:78,10,1,7
BRDA:82,11,0,1
BRDA:82,11,1,6
BRDA:86,12,0,0
BRDA:86,12,1,6
BRDA:93,13,0,0
BRDA:93,13,1,6
BRDA:102,14,0,1
BRDA:102,14,1,5
BRDA:109,15,0,2
BRDA:109,15,1,2
BRDA:112,16,0,2
BRDA:112,16,1,3
BRDA:127,17,0,0
BRDA:128,18,0,2
BRDA:128,18,1,0
BRDA:130,19,0,1
BRDA:130,19,1,1
BRDA:146,20,0,1
BRDA:146,20,1,0
BRDA:146,21,0,0
BRDA:146,21,1,0
BRDA:146,22,0,0
BRDA:146,22,1,0
BRDA:147,23,0,1
BRDA:147,23,1,0
BRDA:157,24,0,1
BRDA:157,24,1,0
BRDA:157,25,0,1
BRDA:157,25,1,1
BRDA:159,26,0,0
BRDA:159,26,1,0
BRDA:179,27,0,0
BRDA:179,27,1,0
BRDA:183,28,0,0
BRDA:183,28,1,0
BRDA:187,29,0,0
BRDA:187,29,1,0
BRDA:187,30,0,0
BRDA:187,30,1,0
BRDA:203,31,0,0
BRDA:203,31,1,0
BRF:63
BRH:36
end_of_record
TN:
SF:src\services\inventoryService.js
FN:3,(anonymous_0)
FN:9,(anonymous_1)
FN:13,(anonymous_2)
FN:27,(anonymous_3)
FN:35,(anonymous_4)
FNF:5
FNH:4
FNDA:4,(anonymous_0)
FNDA:0,(anonymous_1)
FNDA:3,(anonymous_2)
FNDA:2,(anonymous_3)
FNDA:2,(anonymous_4)
DA:1,1
DA:3,1
DA:4,4
DA:5,4
DA:6,4
DA:9,1
DA:10,0
DA:13,1
DA:14,3
DA:16,3
DA:17,1
DA:20,2
DA:21,1
DA:24,1
DA:27,1
DA:28,2
DA:29,1
DA:32,1
DA:35,1
DA:36,2
DA:37,1
DA:40,1
DA:43,1
LF:23
LH:22
BRDA:14,0,0,3
BRDA:14,0,1,0
BRDA:16,1,0,1
BRDA:16,1,1,2
BRDA:20,2,0,1
BRDA:20,2,1,1
BRDA:20,3,0,2
BRDA:20,3,1,1
BRDA:20,3,2,1
BRDA:20,3,3,1
BRDA:28,4,0,1
BRDA:28,4,1,1
BRDA:36,5,0,1
BRDA:36,5,1,1
BRF:14
BRH:13
end_of_record
TN:
SF:src\services\paymentService.js
FN:3,(anonymous_0)
FN:12,(anonymous_1)
FN:31,(anonymous_2)
FN:48,(anonymous_3)
FNF:4
FNH:2
FNDA:0,(anonymous_0)
FNDA:0,(anonymous_1)
FNDA:4,(anonymous_2)
FNDA:1,(anonymous_3)
DA:1,1
DA:3,1
DA:4,0
DA:12,1
DA:13,0
DA:15,0
DA:16,0
DA:17,0
DA:19,0
DA:20,0
DA:23,0
DA:31,1
DA:32,4
DA:33,4
DA:35,4
DA:43,4
DA:48,1
DA:49,1
DA:51,1
DA:52,3
DA:53,3
DA:56,1
DA:59,1
LF:23
LH:15
BRDA:39,0,0,4
BRDA:39,0,1,0
BRF:2
BRH:1
end_of_record
TN:
SF:src\services\rentalService.js
FN:3,(anonymous_0)
FN:9,(anonymous_1)
FN:13,(anonymous_2)
FN:62,(anonymous_3)
FN:79,(anonymous_4)
FN:113,(anonymous_5)
FNF:6
FNH:3
FNDA:2,(anonymous_0)
FNDA:0,(anonymous_1)
FNDA:3,(anonymous_2)
FNDA:0,(anonymous_3)
FNDA:1,(anonymous_4)
FNDA:0,(anonymous_5)
DA:1,1
DA:3,1
DA:4,2
DA:5,2
DA:6,2
DA:9,1
DA:10,0
DA:13,1
DA:14,3
DA:15,0
DA:18,3
DA:19,0
DA:22,3
DA:23,3
DA:25,3
DA:26,0
DA:29,3
DA:30,1
DA:33,2
DA:34,2
DA:35,0
DA:38,2
DA:40,2
DA:41,0
DA:44,2
DA:45,1
DA:49,1
DA:56,0
DA:62,1
DA:63,0
DA:64,0
DA:67,0
DA:68,0
DA:69,0
DA:72,0
DA:73,0
DA:79,1
DA:80,1
DA:81,1
DA:82,0
DA:85,1
DA:86,0
DA:89,1
DA:90,1
DA:92,1
DA:93,1
DA:98,1
DA:99,1
DA:106,0
DA:107,0
DA:113,1
DA:114,0
DA:115,0
DA:118,0
DA:119,0
DA:122,0
DA:123,0
DA:124,0
DA:127,0
DA:128,0
DA:131,0
DA:132,0
DA:133,0
DA:136,0
DA:142,0
DA:150,1
LF:66
LH:34
BRDA:14,0,0,0
BRDA:14,0,1,3
BRDA:14,1,0,3
BRDA:14,1,1,3
BRDA:14,1,2,3
BRDA:18,2,0,0
BRDA:18,2,1,3
BRDA:18,3,0,3
BRDA:18,3,1,3
BRDA:25,4,0,0
BRDA:25,4,1,3
BRDA:25,5,0,3
BRDA:25,5,1,3
BRDA:29,6,0,1
BRDA:29,6,1,2
BRDA:34,7,0,0
BRDA:34,7,1,2
BRDA:34,8,0,2
BRDA:34,8,1,2
BRDA:40,9,0,0
BRDA:40,9,1,2
BRDA:44,10,0,1
BRDA:44,10,1,1
BRDA:63,11,0,0
BRDA:63,11,1,0
BRDA:63,12,0,0
BRDA:63,12,1,0
BRDA:68,13,0,0
BRDA:68,13,1,0
BRDA:79,14,0,0
BRDA:81,15,0,0
BRDA:81,15,1,1
BRDA:85,16,0,0
BRDA:85,16,1,1
BRDA:90,17,0,1
BRDA:90,17,1,0
BRDA:92,18,0,1
BRDA:92,18,1,0
BRDA:113,19,0,0
BRDA:114,20,0,0
BRDA:114,20,1,0
BRDA:114,21,0,0
BRDA:114,21,1,0
BRDA:118,22,0,0
BRDA:118,22,1,0
BRDA:123,23,0,0
BRDA:123,23,1,0
BRDA:127,24,0,0
BRDA:127,24,1,0
BRDA:127,25,0,0
BRDA:127,25,1,0
BRDA:131,26,0,0
BRDA:131,26,1,0
BRDA:132,27,0,0
BRDA:132,27,1,0
BRDA:132,28,0,0
BRDA:132,28,1,0
BRDA:143,29,0,0
BRDA:143,29,1,0
BRF:59
BRH:22
end_of_record
TN:
SF:src\services\userService.js
FN:8,(anonymous_0)
FN:14,(anonymous_1)
FN:18,(anonymous_2)
FN:20,(anonymous_3)
FN:26,(anonymous_4)
FN:38,(anonymous_5)
FN:64,(anonymous_6)
FN:80,(anonymous_7)
FN:106,(anonymous_8)
FN:140,(anonymous_9)
FN:177,(anonymous_10)
FN:194,(anonymous_11)
FNF:12
FNH:6
FNDA:11,(anonymous_0)
FNDA:4,(anonymous_1)
FNDA:0,(anonymous_2)
FNDA:0,(anonymous_3)
FNDA:0,(anonymous_4)
FNDA:13,(anonymous_5)
FNDA:2,(anonymous_6)
FNDA:2,(anonymous_7)
FNDA:13,(anonymous_8)
FNDA:0,(anonymous_9)
FNDA:0,(anonymous_10)
FNDA:0,(anonymous_11)
DA:1,1
DA:2,1
DA:3,1
DA:4,1
DA:6,1
DA:8,1
DA:9,11
DA:10,11
DA:11,11
DA:14,1
DA:15,4
DA:18,1
DA:19,0
DA:20,0
DA:21,0
DA:22,0
DA:26,1
DA:27,0
DA:33,0
DA:34,0
DA:38,1
DA:39,13
DA:40,1
DA:43,12
DA:44,1
DA:47,11
DA:48,1
DA:51,10
DA:52,1
DA:55,9
DA:56,1
DA:59,8
DA:60,1
DA:64,1
DA:65,2
DA:67,2
DA:68,2
DA:71,0
DA:73,0
DA:74,0
DA:75,0
DA:77,0
DA:80,1
DA:81,2
DA:82,2
DA:84,2
DA:85,1
DA:88,1
DA:89,1
DA:92,0
DA:93,0
DA:96,0
DA:99,0
DA:100,0
DA:103,0
DA:106,1
DA:107,13
DA:109,7
DA:110,7
DA:111,1
DA:114,6
DA:115,0
DA:118,6
DA:119,1
DA:122,5
DA:123,5
DA:124,1
DA:127,4
DA:130,4
DA:131,4
DA:133,2
DA:136,2
DA:137,2
DA:140,1
DA:141,0
DA:142,0
DA:145,0
DA:147,0
DA:148,0
DA:149,0
DA:152,0
DA:154,0
DA:155,0
DA:158,0
DA:159,0
DA:163,0
DA:164,0
DA:170,0
DA:173,0
DA:174,0
DA:177,1
DA:178,0
DA:179,0
DA:182,0
DA:183,0
DA:184,0
DA:187,0
DA:189,0
DA:190,0
DA:191,0
DA:194,1
DA:195,0
DA:196,0
DA:199,0
DA:201,0
DA:202,0
DA:205,0
DA:206,0
DA:209,0
DA:211,0
DA:212,0
DA:215,0
DA:224,0
DA:226,0
DA:233,1
LF:115
LH:58
BRDA:6,0,0,1
BRDA:6,0,1,1
BRDA:33,1,0,0
BRDA:33,1,1,0
BRDA:39,2,0,1
BRDA:39,2,1,12
BRDA:43,3,0,1
BRDA:43,3,1,11
BRDA:47,4,0,1
BRDA:47,4,1,10
BRDA:51,5,0,1
BRDA:51,5,1,9
BRDA:55,6,0,1
BRDA:55,6,1,8
BRDA:59,7,0,1
BRDA:59,7,1,7
BRDA:67,8,0,2
BRDA:67,8,1,0
BRDA:67,9,0,2
BRDA:67,9,1,2
BRDA:71,10,0,0
BRDA:71,10,1,0
BRDA:71,10,2,0
BRDA:73,11,0,0
BRDA:73,11,1,0
BRDA:74,12,0,0
BRDA:74,12,1,0
BRDA:75,13,0,0
BRDA:75,13,1,0
BRDA:81,14,0,2
BRDA:81,14,1,0
BRDA:81,15,0,2
BRDA:81,15,1,0
BRDA:81,16,0,0
BRDA:81,16,1,0
BRDA:84,17,0,1
BRDA:84,17,1,1
BRDA:88,18,0,1
BRDA:88,18,1,0
BRDA:92,19,0,0
BRDA:92,19,1,0
BRDA:99,20,0,0
BRDA:99,20,1,0
BRDA:110,21,0,1
BRDA:110,21,1,6
BRDA:110,22,0,7
BRDA:110,22,1,7
BRDA:110,22,2,7
BRDA:114,23,0,0
BRDA:114,23,1,6
BRDA:114,24,0,6
BRDA:114,24,1,0
BRDA:118,25,0,1
BRDA:118,25,1,5
BRDA:118,26,0,6
BRDA:118,26,1,2
BRDA:122,27,0,5
BRDA:122,27,1,1
BRDA:122,27,2,1
BRDA:123,28,0,1
BRDA:123,28,1,4
BRDA:141,29,0,0
BRDA:141,29,1,0
BRDA:148,30,0,0
BRDA:148,30,1,0
BRDA:154,31,0,0
BRDA:154,31,1,0
BRDA:154,32,0,0
BRDA:154,32,1,0
BRDA:158,33,0,0
BRDA:158,33,1,0
BRDA:159,34,0,0
BRDA:159,34,1,0
BRDA:178,35,0,0
BRDA:178,35,1,0
BRDA:183,36,0,0
BRDA:183,36,1,0
BRDA:195,37,0,0
BRDA:195,37,1,0
BRDA:195,38,0,0
BRDA:195,38,1,0
BRDA:201,39,0,0
BRDA:201,39,1,0
BRDA:205,40,0,0
BRDA:205,40,1,0
BRDA:211,41,0,0
BRDA:211,41,1,0
BRF:87
BRH:38
end_of_record
